mode: atomic
github.com/luxfi/consensus/cmd/consensus/benchmark.go:25.60,36.11 8 0
github.com/luxfi/consensus/cmd/consensus/benchmark.go:36.11,47.3 1 0
github.com/luxfi/consensus/cmd/consensus/benchmark.go:47.8,49.3 1 0
github.com/luxfi/consensus/cmd/consensus/benchmark.go:51.2,63.34 10 0
github.com/luxfi/consensus/cmd/consensus/benchmark.go:63.34,66.15 2 0
github.com/luxfi/consensus/cmd/consensus/benchmark.go:66.15,68.4 1 0
github.com/luxfi/consensus/cmd/consensus/benchmark.go:68.9,70.4 1 0
github.com/luxfi/consensus/cmd/consensus/benchmark.go:72.3,81.92 4 0
github.com/luxfi/consensus/cmd/consensus/benchmark.go:85.2,87.28 3 0
github.com/luxfi/consensus/cmd/consensus/benchmark.go:87.28,90.3 2 0
github.com/luxfi/consensus/cmd/consensus/benchmark.go:92.2,99.12 6 0
github.com/luxfi/consensus/cmd/consensus/benchmark.go:102.74,106.30 2 0
github.com/luxfi/consensus/cmd/consensus/benchmark.go:106.30,111.30 2 0
github.com/luxfi/consensus/cmd/consensus/benchmark.go:111.30,114.4 2 0
github.com/luxfi/consensus/cmd/consensus/benchmark.go:117.3,117.31 1 0
github.com/luxfi/consensus/cmd/consensus/benchmark.go:117.31,118.39 1 0
github.com/luxfi/consensus/cmd/consensus/benchmark.go:118.39,120.10 2 0
github.com/luxfi/consensus/cmd/consensus/benchmark.go:126.72,131.29 3 0
github.com/luxfi/consensus/cmd/consensus/benchmark.go:131.29,133.23 2 0
github.com/luxfi/consensus/cmd/consensus/benchmark.go:133.23,136.38 2 0
github.com/luxfi/consensus/cmd/consensus/benchmark.go:136.38,141.5 3 0
github.com/luxfi/consensus/cmd/consensus/benchmark.go:145.2,145.11 1 0
github.com/luxfi/consensus/cmd/consensus/checker.go:14.58,20.11 3 0
github.com/luxfi/consensus/cmd/consensus/checker.go:20.11,22.3 1 0
github.com/luxfi/consensus/cmd/consensus/checker.go:24.2,25.25 2 0
github.com/luxfi/consensus/cmd/consensus/checker.go:25.25,27.3 1 0
github.com/luxfi/consensus/cmd/consensus/checker.go:29.2,30.25 2 0
github.com/luxfi/consensus/cmd/consensus/checker.go:30.25,32.3 1 0
github.com/luxfi/consensus/cmd/consensus/checker.go:34.2,35.14 2 0
github.com/luxfi/consensus/cmd/consensus/checker.go:35.14,37.3 1 0
github.com/luxfi/consensus/cmd/consensus/checker.go:40.2,40.39 1 0
github.com/luxfi/consensus/cmd/consensus/checker.go:40.39,42.3 1 0
github.com/luxfi/consensus/cmd/consensus/checker.go:45.2,63.42 12 0
github.com/luxfi/consensus/cmd/consensus/checker.go:63.42,66.3 1 0
github.com/luxfi/consensus/cmd/consensus/checker.go:66.8,68.3 1 0
github.com/luxfi/consensus/cmd/consensus/checker.go:70.2,70.42 1 0
github.com/luxfi/consensus/cmd/consensus/checker.go:70.42,73.3 1 0
github.com/luxfi/consensus/cmd/consensus/checker.go:73.8,75.3 1 0
github.com/luxfi/consensus/cmd/consensus/checker.go:78.2,87.41 6 0
github.com/luxfi/consensus/cmd/consensus/checker.go:87.41,89.3 1 0
github.com/luxfi/consensus/cmd/consensus/checker.go:90.2,104.12 8 0
github.com/luxfi/consensus/cmd/consensus/checker.go:107.13,114.2 5 0
github.com/luxfi/consensus/cmd/consensus/main.go:27.13,38.42 2 0
github.com/luxfi/consensus/cmd/consensus/main.go:38.42,41.3 2 0
github.com/luxfi/consensus/cmd/consensus/main.go:45.32,51.55 1 0
github.com/luxfi/consensus/cmd/consensus/main.go:51.55,54.4 1 0
github.com/luxfi/consensus/cmd/consensus/main.go:58.30,64.55 1 0
github.com/luxfi/consensus/cmd/consensus/main.go:64.55,67.4 1 0
github.com/luxfi/consensus/cmd/consensus/main.go:71.36,77.55 1 0
github.com/luxfi/consensus/cmd/consensus/main.go:77.55,80.4 1 0
github.com/luxfi/consensus/cmd/consensus/main.go:84.2,90.12 6 0
github.com/luxfi/consensus/cmd/consensus/main.go:93.33,106.56 2 0
github.com/luxfi/consensus/cmd/consensus/main.go:106.56,108.5 1 0
github.com/luxfi/consensus/cmd/consensus/main.go:113.56,115.5 1 0
github.com/luxfi/consensus/cmd/consensus/main.go:120.56,122.5 1 0
github.com/luxfi/consensus/cmd/consensus/main.go:126.2,126.12 1 0
github.com/luxfi/consensus/cmd/consensus/params.go:19.68,29.45 6 0
github.com/luxfi/consensus/cmd/consensus/params.go:29.45,30.48 1 0
github.com/luxfi/consensus/cmd/consensus/params.go:30.48,32.4 1 0
github.com/luxfi/consensus/cmd/consensus/params.go:36.2,37.45 2 0
github.com/luxfi/consensus/cmd/consensus/params.go:37.45,38.52 1 0
github.com/luxfi/consensus/cmd/consensus/params.go:38.52,40.4 1 0
github.com/luxfi/consensus/cmd/consensus/params.go:44.2,45.45 2 0
github.com/luxfi/consensus/cmd/consensus/params.go:45.45,46.52 1 0
github.com/luxfi/consensus/cmd/consensus/params.go:46.52,48.4 1 0
github.com/luxfi/consensus/cmd/consensus/params.go:52.2,53.45 2 0
github.com/luxfi/consensus/cmd/consensus/params.go:53.45,54.51 1 0
github.com/luxfi/consensus/cmd/consensus/params.go:54.51,56.4 1 0
github.com/luxfi/consensus/cmd/consensus/params.go:60.2,61.45 2 0
github.com/luxfi/consensus/cmd/consensus/params.go:61.45,62.61 1 0
github.com/luxfi/consensus/cmd/consensus/params.go:62.61,64.4 1 0
github.com/luxfi/consensus/cmd/consensus/params.go:68.2,68.39 1 0
github.com/luxfi/consensus/cmd/consensus/params.go:68.39,71.3 2 0
github.com/luxfi/consensus/cmd/consensus/params.go:74.2,79.63 4 0
github.com/luxfi/consensus/cmd/consensus/params.go:79.63,82.21 3 0
github.com/luxfi/consensus/cmd/consensus/params.go:82.21,84.4 1 0
github.com/luxfi/consensus/cmd/consensus/params.go:86.3,86.54 1 0
github.com/luxfi/consensus/cmd/consensus/params.go:86.54,88.4 1 0
github.com/luxfi/consensus/cmd/consensus/params.go:89.3,89.55 1 0
github.com/luxfi/consensus/cmd/consensus/params.go:92.2,92.12 1 0
github.com/luxfi/consensus/cmd/consensus/params.go:95.61,109.18 9 0
github.com/luxfi/consensus/cmd/consensus/params.go:109.18,111.3 1 0
github.com/luxfi/consensus/cmd/consensus/params.go:112.2,112.20 1 0
github.com/luxfi/consensus/cmd/consensus/params.go:112.20,114.3 1 0
github.com/luxfi/consensus/cmd/consensus/params.go:118.2,128.14 6 0
github.com/luxfi/consensus/cmd/consensus/params.go:128.14,130.3 1 0
github.com/luxfi/consensus/cmd/consensus/params.go:131.2,131.15 1 0
github.com/luxfi/consensus/cmd/consensus/params.go:131.15,133.3 1 0
github.com/luxfi/consensus/cmd/consensus/params.go:135.2,148.39 2 0
github.com/luxfi/consensus/cmd/consensus/params.go:148.39,150.43 1 0
github.com/luxfi/consensus/cmd/consensus/params.go:150.43,152.4 1 0
github.com/luxfi/consensus/cmd/consensus/params.go:153.3,153.43 1 0
github.com/luxfi/consensus/cmd/consensus/params.go:153.43,155.4 1 0
github.com/luxfi/consensus/cmd/consensus/params.go:156.3,156.30 1 0
github.com/luxfi/consensus/cmd/consensus/params.go:156.30,158.4 1 0
github.com/luxfi/consensus/cmd/consensus/params.go:161.2,174.12 10 0
github.com/luxfi/consensus/cmd/consensus/params.go:177.65,183.16 4 0
github.com/luxfi/consensus/cmd/consensus/params.go:184.17,195.4 1 0
github.com/luxfi/consensus/cmd/consensus/params.go:197.17,208.4 1 0
github.com/luxfi/consensus/cmd/consensus/params.go:210.15,221.4 1 0
github.com/luxfi/consensus/cmd/consensus/params.go:223.10,224.87 1 0
github.com/luxfi/consensus/cmd/consensus/params.go:227.2,230.18 3 0
github.com/luxfi/consensus/cmd/consensus/params.go:230.18,231.52 1 0
github.com/luxfi/consensus/cmd/consensus/params.go:231.52,233.4 1 0
github.com/luxfi/consensus/cmd/consensus/params.go:234.3,234.55 1 0
github.com/luxfi/consensus/cmd/consensus/params.go:237.2,237.12 1 0
github.com/luxfi/consensus/cmd/consensus/params.go:240.41,250.2 9 0
github.com/luxfi/consensus/cmd/consensus/params.go:252.45,255.2 2 0
github.com/luxfi/consensus/cmd/consensus/params.go:257.61,259.16 2 0
github.com/luxfi/consensus/cmd/consensus/params.go:259.16,261.3 1 0
github.com/luxfi/consensus/cmd/consensus/params.go:262.2,262.43 1 0
github.com/luxfi/consensus/cmd/consensus/params.go:265.13,283.2 7 0
github.com/luxfi/consensus/cmd/consensus/simulator.go:23.60,34.16 8 0
github.com/luxfi/consensus/cmd/consensus/simulator.go:34.16,36.3 1 0
github.com/luxfi/consensus/cmd/consensus/simulator.go:38.2,51.29 11 0
github.com/luxfi/consensus/cmd/consensus/simulator.go:51.29,58.3 1 0
github.com/luxfi/consensus/cmd/consensus/simulator.go:61.2,68.42 5 0
github.com/luxfi/consensus/cmd/consensus/simulator.go:68.42,73.35 3 0
github.com/luxfi/consensus/cmd/consensus/simulator.go:73.35,74.22 1 0
github.com/luxfi/consensus/cmd/consensus/simulator.go:74.22,76.29 1 0
github.com/luxfi/consensus/cmd/consensus/simulator.go:76.29,78.6 1 0
github.com/luxfi/consensus/cmd/consensus/simulator.go:78.11,80.6 1 0
github.com/luxfi/consensus/cmd/consensus/simulator.go:81.10,86.41 3 0
github.com/luxfi/consensus/cmd/consensus/simulator.go:86.41,89.6 2 0
github.com/luxfi/consensus/cmd/consensus/simulator.go:89.11,89.48 1 0
github.com/luxfi/consensus/cmd/consensus/simulator.go:89.48,92.6 2 0
github.com/luxfi/consensus/cmd/consensus/simulator.go:95.5,95.46 1 0
github.com/luxfi/consensus/cmd/consensus/simulator.go:95.46,97.83 1 0
github.com/luxfi/consensus/cmd/consensus/simulator.go:97.83,99.7 1 0
github.com/luxfi/consensus/cmd/consensus/simulator.go:99.12,101.7 1 0
github.com/luxfi/consensus/cmd/consensus/simulator.go:107.3,109.35 3 0
github.com/luxfi/consensus/cmd/consensus/simulator.go:109.35,110.38 1 0
github.com/luxfi/consensus/cmd/consensus/simulator.go:110.38,111.35 1 0
github.com/luxfi/consensus/cmd/consensus/simulator.go:111.35,113.6 1 0
github.com/luxfi/consensus/cmd/consensus/simulator.go:113.11,113.42 1 0
github.com/luxfi/consensus/cmd/consensus/simulator.go:113.42,115.6 1 0
github.com/luxfi/consensus/cmd/consensus/simulator.go:119.3,123.51 2 0
github.com/luxfi/consensus/cmd/consensus/simulator.go:123.51,125.9 2 0
github.com/luxfi/consensus/cmd/consensus/simulator.go:129.3,129.58 1 0
github.com/luxfi/consensus/cmd/consensus/simulator.go:132.2,135.24 3 0
github.com/luxfi/consensus/cmd/consensus/simulator.go:135.24,138.3 2 0
github.com/luxfi/consensus/cmd/consensus/simulator.go:138.8,140.3 1 0
github.com/luxfi/consensus/cmd/consensus/simulator.go:142.2,142.12 1 0
github.com/luxfi/consensus/cmd/consensus/simulator.go:146.72,150.23 3 0
github.com/luxfi/consensus/cmd/consensus/simulator.go:150.23,151.22 1 0
github.com/luxfi/consensus/cmd/consensus/simulator.go:151.22,153.4 1 0
github.com/luxfi/consensus/cmd/consensus/simulator.go:156.2,156.44 1 0
github.com/luxfi/consensus/cmd/consensus/simulator.go:156.44,158.3 1 0
github.com/luxfi/consensus/cmd/consensus/simulator.go:160.2,160.45 1 0
github.com/luxfi/consensus/cmd/consensus/simulator.go:160.45,162.3 1 0
github.com/luxfi/consensus/cmd/consensus/simulator.go:164.2,164.15 1 0
github.com/luxfi/consensus/cmd/consensus/simulator.go:167.73,171.30 3 0
github.com/luxfi/consensus/cmd/consensus/simulator.go:171.30,172.33 1 0
github.com/luxfi/consensus/cmd/consensus/simulator.go:172.33,174.4 1 0
github.com/luxfi/consensus/cmd/consensus/simulator.go:174.9,174.40 1 0
github.com/luxfi/consensus/cmd/consensus/simulator.go:174.40,176.4 1 0
github.com/luxfi/consensus/cmd/consensus/simulator.go:179.2,179.23 1 0
github.com/luxfi/consensus/api/response.go:27.48,32.2 1 0
github.com/luxfi/consensus/api/response.go:35.72,39.2 3 0
github.com/luxfi/consensus/api/response.go:42.69,50.2 1 0
github.com/luxfi/consensus/api/response.go:53.68,58.2 1 0
github.com/luxfi/consensus/api/response.go:82.35,84.2 1 0
github.com/luxfi/consensus/api/response.go:87.57,92.2 1 0
github.com/luxfi/consensus/api/metrics/metrics.go:23.29,25.2 1 0
github.com/luxfi/consensus/api/metrics/metrics.go:41.39,45.2 1 0
github.com/luxfi/consensus/api/metrics/metrics.go:48.84,51.2 2 0
github.com/luxfi/consensus/api/metrics/metrics.go:54.64,56.33 2 0
github.com/luxfi/consensus/api/metrics/metrics.go:56.33,58.17 2 0
github.com/luxfi/consensus/api/metrics/metrics.go:58.17,60.4 1 0
github.com/luxfi/consensus/api/metrics/metrics.go:61.3,61.38 1 0
github.com/luxfi/consensus/api/metrics/metrics.go:63.2,63.20 1 0
github.com/luxfi/consensus/api/metrics/metrics.go:79.86,98.54 2 0
github.com/luxfi/consensus/api/metrics/metrics.go:98.54,100.3 1 0
github.com/luxfi/consensus/api/metrics/metrics.go:101.2,101.58 1 0
github.com/luxfi/consensus/api/metrics/metrics.go:101.58,103.3 1 0
github.com/luxfi/consensus/api/metrics/metrics.go:104.2,104.54 1 0
github.com/luxfi/consensus/api/metrics/metrics.go:104.54,106.3 1 0
github.com/luxfi/consensus/api/metrics/metrics.go:108.2,108.15 1 0
github.com/luxfi/consensus/api/metrics/metrics.go:117.47,119.2 1 0
github.com/luxfi/consensus/api/metrics/metrics.go:121.51,123.2 1 0
github.com/luxfi/consensus/api/metrics/metrics.go:125.47,127.2 1 0
github.com/luxfi/consensus/cmd/benchmark-simple/main.go:38.54,38.69 1 0
github.com/luxfi/consensus/cmd/benchmark-simple/main.go:39.54,39.66 1 0
github.com/luxfi/consensus/cmd/benchmark-simple/main.go:40.54,40.66 1 0
github.com/luxfi/consensus/cmd/benchmark-simple/main.go:41.54,41.97 2 0
github.com/luxfi/consensus/cmd/benchmark-simple/main.go:42.54,42.97 2 0
github.com/luxfi/consensus/cmd/benchmark-simple/main.go:43.54,43.73 1 0
github.com/luxfi/consensus/cmd/benchmark-simple/main.go:44.54,44.71 1 0
github.com/luxfi/consensus/cmd/benchmark-simple/main.go:45.54,45.68 1 0
github.com/luxfi/consensus/cmd/benchmark-simple/main.go:46.54,46.74 1 0
github.com/luxfi/consensus/cmd/benchmark-simple/main.go:47.54,47.66 1 0
github.com/luxfi/consensus/cmd/benchmark-simple/main.go:48.54,48.82 1 0
github.com/luxfi/consensus/cmd/benchmark-simple/main.go:74.13,103.16 8 0
github.com/luxfi/consensus/cmd/benchmark-simple/main.go:103.16,105.3 1 0
github.com/luxfi/consensus/cmd/benchmark-simple/main.go:108.2,122.12 6 0
github.com/luxfi/consensus/cmd/benchmark-simple/main.go:122.12,126.3 3 0
github.com/luxfi/consensus/cmd/benchmark-simple/main.go:129.2,132.20 2 0
github.com/luxfi/consensus/cmd/benchmark-simple/main.go:135.64,141.30 4 0
github.com/luxfi/consensus/cmd/benchmark-simple/main.go:141.30,142.10 1 0
github.com/luxfi/consensus/cmd/benchmark-simple/main.go:143.21,144.10 1 0
github.com/luxfi/consensus/cmd/benchmark-simple/main.go:145.19,146.16 1 0
github.com/luxfi/consensus/cmd/benchmark-simple/main.go:151.38,176.24 10 0
github.com/luxfi/consensus/cmd/benchmark-simple/main.go:176.24,177.10 1 0
github.com/luxfi/consensus/cmd/benchmark-simple/main.go:178.18,179.27 1 0
github.com/luxfi/consensus/cmd/benchmark-simple/main.go:180.11,181.43 1 0
github.com/luxfi/consensus/cmd/benchmark-simple/main.go:181.43,183.5 1 0
github.com/luxfi/consensus/cmd/benchmark-simple/main.go:184.4,184.37 1 0
github.com/luxfi/consensus/cmd/benchmark-simple/main.go:189.2,189.38 1 0
github.com/luxfi/consensus/cmd/benchmark-simple/main.go:192.40,202.2 8 0
github.com/luxfi/consensus/cmd/benchmark-simple/main.go:204.59,206.16 2 0
github.com/luxfi/consensus/cmd/benchmark-simple/main.go:206.16,209.3 2 0
github.com/luxfi/consensus/cmd/benchmark-simple/main.go:210.2,210.15 1 0
github.com/luxfi/consensus/cmd/benchmark-simple/main.go:213.68,217.25 2 0
github.com/luxfi/consensus/cmd/benchmark-simple/main.go:217.25,219.18 2 0
github.com/luxfi/consensus/cmd/benchmark-simple/main.go:219.18,221.4 1 0
github.com/luxfi/consensus/cmd/benchmark-simple/main.go:221.9,223.4 1 0
github.com/luxfi/consensus/cmd/benchmark-simple/main.go:226.2,226.14 1 0
github.com/luxfi/consensus/chains/atomic/memory.go:29.31,33.2 1 0
github.com/luxfi/consensus/chains/atomic/memory.go:36.83,40.37 3 0
github.com/luxfi/consensus/chains/atomic/memory.go:40.37,41.36 1 0
github.com/luxfi/consensus/chains/atomic/memory.go:41.36,43.4 1 0
github.com/luxfi/consensus/chains/atomic/memory.go:46.3,46.42 1 0
github.com/luxfi/consensus/chains/atomic/memory.go:46.42,48.4 1 0
github.com/luxfi/consensus/chains/atomic/memory.go:51.3,51.40 1 0
github.com/luxfi/consensus/chains/atomic/memory.go:51.40,53.4 1 0
github.com/luxfi/consensus/chains/atomic/memory.go:56.2,56.12 1 0
github.com/luxfi/consensus/chains/atomic/memory.go:60.75,65.9 4 0
github.com/luxfi/consensus/chains/atomic/memory.go:65.9,67.3 1 0
github.com/luxfi/consensus/chains/atomic/memory.go:69.2,70.27 2 0
github.com/luxfi/consensus/chains/atomic/memory.go:70.27,71.52 1 0
github.com/luxfi/consensus/chains/atomic/memory.go:71.52,73.4 1 0
github.com/luxfi/consensus/chains/atomic/memory.go:76.2,76.20 1 0
github.com/luxfi/consensus/chains/atomic/memory.go:80.88,84.46 3 0
github.com/luxfi/consensus/chains/atomic/memory.go:84.46,85.28 1 0
github.com/luxfi/consensus/chains/atomic/memory.go:85.28,87.4 1 0
github.com/luxfi/consensus/chains/atomic/memory.go:90.2,90.12 1 0
github.com/luxfi/consensus/chains/atomic/memory.go:94.88,98.39 3 0
github.com/luxfi/consensus/chains/atomic/memory.go:98.39,100.3 1 0
github.com/luxfi/consensus/chains/atomic/memory.go:102.2,102.29 1 0
github.com/luxfi/consensus/chains/atomic/memory.go:102.29,104.3 1 0
github.com/luxfi/consensus/chains/atomic/memory.go:106.2,106.12 1 0
github.com/luxfi/consensus/cmd/checker/main.go:19.13,33.18 11 0
github.com/luxfi/consensus/cmd/checker/main.go:34.17,35.30 1 0
github.com/luxfi/consensus/cmd/checker/main.go:36.17,37.30 1 0
github.com/luxfi/consensus/cmd/checker/main.go:38.15,39.28 1 0
github.com/luxfi/consensus/cmd/checker/main.go:40.10,42.13 2 0
github.com/luxfi/consensus/cmd/checker/main.go:46.2,46.12 1 0
github.com/luxfi/consensus/cmd/checker/main.go:46.12,48.3 1 0
github.com/luxfi/consensus/cmd/checker/main.go:49.2,49.20 1 0
github.com/luxfi/consensus/cmd/checker/main.go:49.20,51.3 1 0
github.com/luxfi/consensus/cmd/checker/main.go:52.2,52.20 1 0
github.com/luxfi/consensus/cmd/checker/main.go:52.20,54.3 1 0
github.com/luxfi/consensus/cmd/checker/main.go:55.2,55.15 1 0
github.com/luxfi/consensus/cmd/checker/main.go:55.15,57.3 1 0
github.com/luxfi/consensus/cmd/checker/main.go:58.2,58.21 1 0
github.com/luxfi/consensus/cmd/checker/main.go:58.21,60.3 1 0
github.com/luxfi/consensus/cmd/checker/main.go:63.2,76.24 12 0
github.com/luxfi/consensus/cmd/checker/main.go:76.24,79.3 2 0
github.com/luxfi/consensus/cmd/checker/main.go:82.2,82.19 1 0
github.com/luxfi/consensus/cmd/checker/main.go:82.19,84.37 2 0
github.com/luxfi/consensus/cmd/checker/main.go:84.37,87.4 2 0
github.com/luxfi/consensus/cmd/checker/main.go:90.2,90.30 1 0
github.com/luxfi/consensus/cmd/checker/main.go:90.30,92.40 2 0
github.com/luxfi/consensus/cmd/checker/main.go:92.40,95.4 2 0
github.com/luxfi/consensus/cmd/checker/main.go:99.2,99.19 1 0
github.com/luxfi/consensus/cmd/checker/main.go:99.19,119.25 13 0
github.com/luxfi/consensus/cmd/checker/main.go:119.25,123.4 2 0
github.com/luxfi/consensus/cmd/checker/main.go:126.3,129.29 2 0
github.com/luxfi/consensus/cmd/checker/main.go:129.29,133.4 3 0
github.com/luxfi/consensus/cmd/checker/main.go:133.9,136.40 2 0
github.com/luxfi/consensus/cmd/checker/main.go:136.40,138.5 1 0
github.com/luxfi/consensus/cmd/checker/main.go:139.4,141.68 3 0
github.com/luxfi/consensus/cmd/checker/main.go:145.3,149.40 4 0
github.com/luxfi/consensus/cmd/checker/main.go:149.40,153.4 1 0
github.com/luxfi/consensus/cmd/checker/main.go:153.9,155.4 1 0
github.com/luxfi/consensus/cmd/checker/main.go:158.2,158.47 1 0
github.com/luxfi/consensus/cmd/checker/main.go:158.47,160.3 1 0
github.com/luxfi/consensus/cmd/checker/main.go:160.8,160.25 1 0
github.com/luxfi/consensus/cmd/checker/main.go:160.25,162.3 1 0
github.com/luxfi/consensus/cmd/checker/main.go:162.8,165.3 2 0
github.com/luxfi/consensus/cmd/checker/main.go:169.82,170.25 1 0
github.com/luxfi/consensus/cmd/checker/main.go:170.25,172.3 1 0
github.com/luxfi/consensus/cmd/checker/main.go:176.2,179.33 3 0
github.com/luxfi/consensus/cmd/checker/main.go:179.33,181.3 1 0
github.com/luxfi/consensus/cmd/checker/main.go:185.2,185.68 1 0
github.com/luxfi/consensus/cmd/checker/main.go:189.63,192.2 1 0
github.com/luxfi/consensus/cmd/checker/main.go:195.63,196.11 1 0
github.com/luxfi/consensus/cmd/checker/main.go:196.11,198.3 1 0
github.com/luxfi/consensus/cmd/checker/main.go:201.2,201.13 1 0
github.com/luxfi/consensus/cmd/checker/main.go:201.13,206.3 4 0
github.com/luxfi/consensus/cmd/checker/main.go:209.2,210.26 2 0
github.com/luxfi/consensus/cmd/checker/main.go:210.26,212.3 1 0
github.com/luxfi/consensus/cmd/checker/main.go:213.2,213.12 1 0
github.com/luxfi/consensus/cmd/checker/main.go:217.47,219.2 1 0
github.com/luxfi/consensus/cmd/checker/main.go:222.34,223.13 1 0
github.com/luxfi/consensus/cmd/checker/main.go:223.13,225.3 1 0
github.com/luxfi/consensus/cmd/checker/main.go:226.2,227.25 2 0
github.com/luxfi/consensus/cmd/checker/main.go:227.25,229.3 1 0
github.com/luxfi/consensus/cmd/checker/main.go:230.2,230.15 1 0
github.com/luxfi/consensus/cmd/checker/main.go:234.29,244.11 8 0
github.com/luxfi/consensus/cmd/checker/main.go:244.11,247.3 2 0
github.com/luxfi/consensus/cmd/checker/main.go:249.2,252.17 3 0
github.com/luxfi/consensus/cmd/sim/main.go:38.13,52.16 11 0
github.com/luxfi/consensus/cmd/sim/main.go:52.16,54.3 1 0
github.com/luxfi/consensus/cmd/sim/main.go:55.2,60.18 4 0
github.com/luxfi/consensus/cmd/sim/main.go:61.17,62.30 1 0
github.com/luxfi/consensus/cmd/sim/main.go:63.17,64.30 1 0
github.com/luxfi/consensus/cmd/sim/main.go:65.15,66.28 1 0
github.com/luxfi/consensus/cmd/sim/main.go:67.10,69.13 2 0
github.com/luxfi/consensus/cmd/sim/main.go:73.2,73.19 1 0
github.com/luxfi/consensus/cmd/sim/main.go:73.19,75.3 1 0
github.com/luxfi/consensus/cmd/sim/main.go:78.2,103.36 21 0
github.com/luxfi/consensus/cmd/sim/main.go:103.36,104.29 1 0
github.com/luxfi/consensus/cmd/sim/main.go:104.29,106.4 1 0
github.com/luxfi/consensus/cmd/sim/main.go:108.3,111.23 3 0
github.com/luxfi/consensus/cmd/sim/main.go:111.23,114.31 3 0
github.com/luxfi/consensus/cmd/sim/main.go:114.31,116.5 1 0
github.com/luxfi/consensus/cmd/sim/main.go:116.10,118.5 1 0
github.com/luxfi/consensus/cmd/sim/main.go:122.2,129.24 4 0
github.com/luxfi/consensus/cmd/sim/main.go:129.24,138.29 5 0
github.com/luxfi/consensus/cmd/sim/main.go:138.29,142.4 2 0
github.com/luxfi/consensus/cmd/sim/main.go:146.2,147.33 2 0
github.com/luxfi/consensus/cmd/sim/main.go:147.33,149.3 1 0
github.com/luxfi/consensus/cmd/sim/main.go:150.2,164.59 11 0
github.com/luxfi/consensus/cmd/sim/main.go:164.59,169.3 3 0
github.com/luxfi/consensus/cmd/sim/main.go:172.69,177.33 3 0
github.com/luxfi/consensus/cmd/sim/main.go:177.33,178.7 1 0
github.com/luxfi/consensus/cmd/sim/main.go:178.7,180.30 2 0
github.com/luxfi/consensus/cmd/sim/main.go:180.30,182.10 2 0
github.com/luxfi/consensus/cmd/sim/main.go:188.2,189.29 2 0
github.com/luxfi/consensus/cmd/sim/main.go:189.29,196.23 3 0
github.com/luxfi/consensus/cmd/sim/main.go:196.23,198.4 1 0
github.com/luxfi/consensus/cmd/sim/main.go:198.9,200.4 1 0
github.com/luxfi/consensus/cmd/sim/main.go:204.2,204.42 1 0
github.com/luxfi/consensus/cmd/sim/main.go:204.42,206.3 1 0
github.com/luxfi/consensus/cmd/sim/main.go:208.2,208.14 1 0
github.com/luxfi/consensus/cmd/sim/main.go:211.120,214.30 2 0
github.com/luxfi/consensus/cmd/sim/main.go:214.30,216.3 1 0
github.com/luxfi/consensus/cmd/sim/main.go:216.8,219.3 2 0
github.com/luxfi/consensus/cmd/sim/main.go:222.2,223.29 2 0
github.com/luxfi/consensus/cmd/sim/main.go:223.29,225.3 1 0
github.com/luxfi/consensus/cmd/sim/main.go:228.2,232.13 4 0
github.com/luxfi/consensus/cmd/sim/main.go:232.13,234.3 1 0
github.com/luxfi/consensus/cmd/sim/main.go:236.2,236.46 1 0
github.com/luxfi/consensus/cmd/sim/main.go:236.46,239.17 2 0
github.com/luxfi/consensus/cmd/sim/main.go:239.17,241.12 2 0
github.com/luxfi/consensus/cmd/sim/main.go:243.3,247.40 3 0
github.com/luxfi/consensus/cmd/sim/main.go:247.40,250.25 2 0
github.com/luxfi/consensus/cmd/sim/main.go:250.25,251.30 1 0
github.com/luxfi/consensus/cmd/sim/main.go:251.30,253.11 2 0
github.com/luxfi/consensus/cmd/sim/main.go:257.4,257.22 1 0
github.com/luxfi/consensus/cmd/sim/main.go:257.22,260.5 1 0
github.com/luxfi/consensus/cmd/sim/main.go:260.10,262.5 1 0
github.com/luxfi/consensus/cmd/sim/main.go:266.3,269.38 3 0
github.com/luxfi/consensus/cmd/sim/main.go:269.38,272.4 2 0
github.com/luxfi/consensus/cmd/sim/main.go:272.9,272.45 1 0
github.com/luxfi/consensus/cmd/sim/main.go:272.45,275.4 2 0
github.com/luxfi/consensus/cmd/sim/main.go:278.3,278.50 1 0
github.com/luxfi/consensus/cmd/sim/main.go:278.50,280.25 1 0
github.com/luxfi/consensus/cmd/sim/main.go:280.25,281.28 1 0
github.com/luxfi/consensus/cmd/sim/main.go:281.28,283.6 1 0
github.com/luxfi/consensus/cmd/sim/main.go:285.4,286.23 2 0
github.com/luxfi/consensus/cmd/sim/main.go:290.3,290.47 1 0
github.com/luxfi/consensus/cmd/sim/main.go:290.47,292.4 1 0
github.com/luxfi/consensus/cmd/sim/main.go:292.9,294.4 1 0
github.com/luxfi/consensus/cmd/sim/main.go:296.3,296.14 1 0
github.com/luxfi/consensus/cmd/sim/main.go:296.14,299.4 1 0
github.com/luxfi/consensus/cmd/sim/main.go:302.3,302.34 1 0
github.com/luxfi/consensus/cmd/sim/main.go:302.34,305.31 2 0
github.com/luxfi/consensus/cmd/sim/main.go:305.31,306.53 1 0
github.com/luxfi/consensus/cmd/sim/main.go:306.53,308.6 1 0
github.com/luxfi/consensus/cmd/sim/main.go:310.4,312.15 2 0
github.com/luxfi/consensus/cmd/sim/main.go:312.15,315.5 1 0
github.com/luxfi/consensus/cmd/sim/main.go:317.4,323.5 1 0
github.com/luxfi/consensus/cmd/sim/main.go:328.2,328.13 1 0
github.com/luxfi/consensus/cmd/sim/main.go:328.13,330.3 1 0
github.com/luxfi/consensus/cmd/sim/main.go:332.2,336.3 1 0
github.com/luxfi/consensus/cmd/sim/main.go:339.39,341.29 2 0
github.com/luxfi/consensus/cmd/sim/main.go:341.29,342.21 1 0
github.com/luxfi/consensus/cmd/sim/main.go:342.21,344.4 1 0
github.com/luxfi/consensus/cmd/sim/main.go:346.2,346.14 1 0
github.com/luxfi/consensus/cmd/params/interactive.go:17.29,72.83 31 0
github.com/luxfi/consensus/cmd/params/interactive.go:72.83,79.3 4 0
github.com/luxfi/consensus/cmd/params/interactive.go:82.2,82.61 1 0
github.com/luxfi/consensus/cmd/params/interactive.go:82.61,85.60 3 0
github.com/luxfi/consensus/cmd/params/interactive.go:85.60,87.4 1 0
github.com/luxfi/consensus/cmd/params/interactive.go:88.3,92.83 3 0
github.com/luxfi/consensus/cmd/params/interactive.go:92.83,94.4 1 0
github.com/luxfi/consensus/cmd/params/interactive.go:94.9,96.4 1 0
github.com/luxfi/consensus/cmd/params/interactive.go:99.2,99.12 1 0
github.com/luxfi/consensus/cmd/params/interactive.go:102.91,126.2 9 0
github.com/luxfi/consensus/cmd/params/interactive.go:128.47,141.28 4 0
github.com/luxfi/consensus/cmd/params/interactive.go:141.28,143.39 2 0
github.com/luxfi/consensus/cmd/params/interactive.go:143.39,145.4 1 0
github.com/luxfi/consensus/cmd/params/interactive.go:148.2,148.30 1 0
github.com/luxfi/consensus/cmd/params/interactive.go:148.30,150.43 2 0
github.com/luxfi/consensus/cmd/params/interactive.go:150.43,152.4 1 0
github.com/luxfi/consensus/cmd/params/interactive.go:155.2,155.33 1 0
github.com/luxfi/consensus/cmd/params/interactive.go:155.33,157.49 2 0
github.com/luxfi/consensus/cmd/params/interactive.go:157.49,159.4 1 0
github.com/luxfi/consensus/cmd/params/interactive.go:162.2,162.30 1 0
github.com/luxfi/consensus/cmd/params/interactive.go:162.30,165.3 2 0
github.com/luxfi/consensus/cmd/params/interactive.go:169.78,188.28 14 0
github.com/luxfi/consensus/cmd/params/interactive.go:188.28,190.3 1 0
github.com/luxfi/consensus/cmd/params/interactive.go:191.2,191.30 1 0
github.com/luxfi/consensus/cmd/params/interactive.go:191.30,193.3 1 0
github.com/luxfi/consensus/cmd/params/interactive.go:195.2,202.31 7 0
github.com/luxfi/consensus/cmd/params/interactive.go:202.31,206.32 1 0
github.com/luxfi/consensus/cmd/params/interactive.go:206.32,211.4 4 0
github.com/luxfi/consensus/cmd/params/interactive.go:214.2,214.63 1 0
github.com/luxfi/consensus/cmd/params/interactive.go:218.77,222.17 4 0
github.com/luxfi/consensus/cmd/params/interactive.go:222.17,224.3 1 0
github.com/luxfi/consensus/cmd/params/interactive.go:225.2,225.14 1 0
github.com/luxfi/consensus/cmd/params/interactive.go:228.85,229.6 1 0
github.com/luxfi/consensus/cmd/params/interactive.go:229.6,233.18 4 0
github.com/luxfi/consensus/cmd/params/interactive.go:233.18,235.4 1 0
github.com/luxfi/consensus/cmd/params/interactive.go:237.3,238.17 2 0
github.com/luxfi/consensus/cmd/params/interactive.go:238.17,240.12 2 0
github.com/luxfi/consensus/cmd/params/interactive.go:243.3,243.29 1 0
github.com/luxfi/consensus/cmd/params/interactive.go:243.29,245.12 2 0
github.com/luxfi/consensus/cmd/params/interactive.go:248.3,248.13 1 0
github.com/luxfi/consensus/cmd/params/interactive.go:252.92,253.6 1 0
github.com/luxfi/consensus/cmd/params/interactive.go:253.6,257.18 4 0
github.com/luxfi/consensus/cmd/params/interactive.go:257.18,259.4 1 0
github.com/luxfi/consensus/cmd/params/interactive.go:261.3,262.17 2 0
github.com/luxfi/consensus/cmd/params/interactive.go:262.17,264.12 2 0
github.com/luxfi/consensus/cmd/params/interactive.go:267.3,267.29 1 0
github.com/luxfi/consensus/cmd/params/interactive.go:267.29,269.12 2 0
github.com/luxfi/consensus/cmd/params/interactive.go:272.3,272.13 1 0
github.com/luxfi/consensus/cmd/params/interactive.go:276.95,277.6 1 0
github.com/luxfi/consensus/cmd/params/interactive.go:277.6,281.18 4 0
github.com/luxfi/consensus/cmd/params/interactive.go:281.18,283.4 1 0
github.com/luxfi/consensus/cmd/params/interactive.go:285.3,286.17 2 0
github.com/luxfi/consensus/cmd/params/interactive.go:286.17,288.12 2 0
github.com/luxfi/consensus/cmd/params/interactive.go:291.3,291.29 1 0
github.com/luxfi/consensus/cmd/params/interactive.go:291.29,293.12 2 0
github.com/luxfi/consensus/cmd/params/interactive.go:296.3,296.13 1 0
github.com/luxfi/consensus/cmd/params/interactive.go:300.78,302.16 2 0
github.com/luxfi/consensus/cmd/params/interactive.go:302.16,304.3 1 0
github.com/luxfi/consensus/cmd/params/interactive.go:306.2,310.17 4 0
github.com/luxfi/consensus/cmd/params/interactive.go:310.17,312.3 1 0
github.com/luxfi/consensus/cmd/params/interactive.go:314.2,314.74 1 0
github.com/luxfi/consensus/cmd/params/main.go:16.13,42.18 3 0
github.com/luxfi/consensus/cmd/params/main.go:42.18,43.42 1 0
github.com/luxfi/consensus/cmd/params/main.go:43.42,46.4 2 0
github.com/luxfi/consensus/cmd/params/main.go:47.3,47.9 1 0
github.com/luxfi/consensus/cmd/params/main.go:51.2,51.12 1 0
github.com/luxfi/consensus/cmd/params/main.go:51.12,54.3 2 0
github.com/luxfi/consensus/cmd/params/main.go:57.2,57.11 1 0
github.com/luxfi/consensus/cmd/params/main.go:57.11,58.37 1 0
github.com/luxfi/consensus/cmd/params/main.go:58.37,61.4 2 0
github.com/luxfi/consensus/cmd/params/main.go:62.3,62.9 1 0
github.com/luxfi/consensus/cmd/params/main.go:66.2,66.21 1 0
github.com/luxfi/consensus/cmd/params/main.go:66.21,67.49 1 0
github.com/luxfi/consensus/cmd/params/main.go:67.49,70.4 2 0
github.com/luxfi/consensus/cmd/params/main.go:71.3,72.9 2 0
github.com/luxfi/consensus/cmd/params/main.go:76.2,79.19 2 0
github.com/luxfi/consensus/cmd/params/main.go:79.19,81.3 1 0
github.com/luxfi/consensus/cmd/params/main.go:84.2,84.20 1 0
github.com/luxfi/consensus/cmd/params/main.go:84.20,86.3 1 0
github.com/luxfi/consensus/cmd/params/main.go:89.2,89.12 1 0
github.com/luxfi/consensus/cmd/params/main.go:89.12,91.3 1 0
github.com/luxfi/consensus/cmd/params/main.go:92.2,92.38 1 0
github.com/luxfi/consensus/cmd/params/main.go:92.38,96.16 3 0
github.com/luxfi/consensus/cmd/params/main.go:96.16,98.4 1 0
github.com/luxfi/consensus/cmd/params/main.go:99.3,100.16 2 0
github.com/luxfi/consensus/cmd/params/main.go:100.16,102.4 1 0
github.com/luxfi/consensus/cmd/params/main.go:103.3,103.44 1 0
github.com/luxfi/consensus/cmd/params/main.go:105.2,105.15 1 0
github.com/luxfi/consensus/cmd/params/main.go:105.15,107.3 1 0
github.com/luxfi/consensus/cmd/params/main.go:108.2,108.21 1 0
github.com/luxfi/consensus/cmd/params/main.go:108.21,110.3 1 0
github.com/luxfi/consensus/cmd/params/main.go:113.2,113.21 1 0
github.com/luxfi/consensus/cmd/params/main.go:113.21,115.3 1 0
github.com/luxfi/consensus/cmd/params/main.go:118.2,118.19 1 0
github.com/luxfi/consensus/cmd/params/main.go:119.17,120.41 1 0
github.com/luxfi/consensus/cmd/params/main.go:121.18,122.42 1 0
github.com/luxfi/consensus/cmd/params/main.go:123.20,124.44 1 0
github.com/luxfi/consensus/cmd/params/main.go:128.2,129.16 2 0
github.com/luxfi/consensus/cmd/params/main.go:129.16,132.3 2 0
github.com/luxfi/consensus/cmd/params/main.go:135.2,138.19 2 0
github.com/luxfi/consensus/cmd/params/main.go:138.19,140.17 2 0
github.com/luxfi/consensus/cmd/params/main.go:140.17,143.4 2 0
github.com/luxfi/consensus/cmd/params/main.go:144.3,144.63 1 0
github.com/luxfi/consensus/cmd/params/main.go:144.63,147.4 2 0
github.com/luxfi/consensus/cmd/params/main.go:148.3,148.52 1 0
github.com/luxfi/consensus/cmd/params/main.go:149.8,153.3 2 0
github.com/luxfi/consensus/cmd/params/main.go:156.2,156.14 1 0
github.com/luxfi/consensus/cmd/params/main.go:156.14,158.3 1 0
github.com/luxfi/consensus/cmd/params/main.go:161.2,161.13 1 0
github.com/luxfi/consensus/cmd/params/main.go:161.13,163.35 2 0
github.com/luxfi/consensus/cmd/params/main.go:163.35,165.4 1 0
github.com/luxfi/consensus/cmd/params/main.go:166.3,166.17 1 0
github.com/luxfi/consensus/cmd/params/main.go:166.17,169.4 1 0
github.com/luxfi/consensus/cmd/params/main.go:171.3,177.62 5 0
github.com/luxfi/consensus/cmd/params/main.go:177.62,179.4 1 0
github.com/luxfi/consensus/cmd/params/main.go:179.9,181.4 1 0
github.com/luxfi/consensus/cmd/params/main.go:185.2,185.12 1 0
github.com/luxfi/consensus/cmd/params/main.go:185.12,187.35 2 0
github.com/luxfi/consensus/cmd/params/main.go:187.35,189.4 1 0
github.com/luxfi/consensus/cmd/params/main.go:190.3,190.17 1 0
github.com/luxfi/consensus/cmd/params/main.go:190.17,192.19 1 0
github.com/luxfi/consensus/cmd/params/main.go:193.19,194.15 1 0
github.com/luxfi/consensus/cmd/params/main.go:195.19,196.15 1 0
github.com/luxfi/consensus/cmd/params/main.go:197.17,198.14 1 0
github.com/luxfi/consensus/cmd/params/main.go:199.12,200.21 1 0
github.com/luxfi/consensus/cmd/params/main.go:204.3,205.50 2 0
github.com/luxfi/consensus/cmd/params/main.go:209.42,211.16 2 0
github.com/luxfi/consensus/cmd/params/main.go:211.16,213.3 1 0
github.com/luxfi/consensus/cmd/params/main.go:215.2,216.16 2 0
github.com/luxfi/consensus/cmd/params/main.go:216.16,218.3 1 0
github.com/luxfi/consensus/cmd/params/main.go:220.2,220.39 1 0
github.com/luxfi/consensus/cmd/params/main.go:220.39,222.3 1 0
github.com/luxfi/consensus/cmd/params/main.go:224.2,225.12 2 0
github.com/luxfi/consensus/cmd/params/main.go:228.27,233.31 4 0
github.com/luxfi/consensus/cmd/params/main.go:233.31,241.3 7 0
github.com/luxfi/consensus/cmd/params/main.go:243.2,247.66 5 0
github.com/luxfi/consensus/cmd/params/tune.go:18.24,36.6 11 0
github.com/luxfi/consensus/cmd/params/tune.go:36.6,49.17 11 0
github.com/luxfi/consensus/cmd/params/tune.go:50.10,51.46 1 0
github.com/luxfi/consensus/cmd/params/tune.go:52.10,53.48 1 0
github.com/luxfi/consensus/cmd/params/tune.go:54.10,55.52 1 0
github.com/luxfi/consensus/cmd/params/tune.go:56.10,57.46 1 0
github.com/luxfi/consensus/cmd/params/tune.go:58.10,59.49 1 0
github.com/luxfi/consensus/cmd/params/tune.go:60.10,61.44 1 0
github.com/luxfi/consensus/cmd/params/tune.go:62.10,63.24 1 0
github.com/luxfi/consensus/cmd/params/tune.go:64.10,65.42 1 0
github.com/luxfi/consensus/cmd/params/tune.go:69.3,70.31 2 0
github.com/luxfi/consensus/cmd/params/tune.go:74.71,83.16 7 0
github.com/luxfi/consensus/cmd/params/tune.go:84.9,85.35 1 0
github.com/luxfi/consensus/cmd/params/tune.go:86.9,87.204 1 0
github.com/luxfi/consensus/cmd/params/tune.go:88.9,89.202 1 0
github.com/luxfi/consensus/cmd/params/tune.go:90.9,101.4 1 0
github.com/luxfi/consensus/cmd/params/tune.go:103.2,103.34 1 0
github.com/luxfi/consensus/cmd/params/tune.go:106.49,117.2 5 0
github.com/luxfi/consensus/cmd/params/tune.go:119.88,135.22 10 0
github.com/luxfi/consensus/cmd/params/tune.go:135.22,138.3 2 0
github.com/luxfi/consensus/cmd/params/tune.go:141.2,148.53 5 0
github.com/luxfi/consensus/cmd/params/tune.go:148.53,152.73 2 0
github.com/luxfi/consensus/cmd/params/tune.go:152.73,154.57 1 0
github.com/luxfi/consensus/cmd/params/tune.go:154.57,159.5 3 0
github.com/luxfi/consensus/cmd/params/tune.go:163.2,163.10 1 0
github.com/luxfi/consensus/cmd/params/tune.go:166.90,173.22 4 0
github.com/luxfi/consensus/cmd/params/tune.go:173.22,176.3 2 0
github.com/luxfi/consensus/cmd/params/tune.go:176.8,186.19 7 0
github.com/luxfi/consensus/cmd/params/tune.go:187.10,188.29 1 0
github.com/luxfi/consensus/cmd/params/tune.go:189.10,190.31 1 0
github.com/luxfi/consensus/cmd/params/tune.go:191.10,192.31 1 0
github.com/luxfi/consensus/cmd/params/tune.go:193.10,194.67 1 0
github.com/luxfi/consensus/cmd/params/tune.go:197.3,197.36 1 0
github.com/luxfi/consensus/cmd/params/tune.go:201.2,205.36 3 0
github.com/luxfi/consensus/cmd/params/tune.go:205.36,206.87 1 0
github.com/luxfi/consensus/cmd/params/tune.go:206.87,209.4 2 0
github.com/luxfi/consensus/cmd/params/tune.go:212.2,212.10 1 0
github.com/luxfi/consensus/cmd/params/tune.go:215.94,232.28 9 0
github.com/luxfi/consensus/cmd/params/tune.go:232.28,235.3 2 0
github.com/luxfi/consensus/cmd/params/tune.go:237.2,240.43 2 0
github.com/luxfi/consensus/cmd/params/tune.go:240.43,242.33 2 0
github.com/luxfi/consensus/cmd/params/tune.go:242.33,244.4 1 0
github.com/luxfi/consensus/cmd/params/tune.go:247.2,254.23 4 0
github.com/luxfi/consensus/cmd/params/tune.go:254.23,256.70 2 0
github.com/luxfi/consensus/cmd/params/tune.go:256.70,259.4 2 0
github.com/luxfi/consensus/cmd/params/tune.go:262.2,262.10 1 0
github.com/luxfi/consensus/cmd/params/tune.go:265.88,285.76 12 0
github.com/luxfi/consensus/cmd/params/tune.go:285.76,288.19 2 0
github.com/luxfi/consensus/cmd/params/tune.go:289.10,290.15 1 0
github.com/luxfi/consensus/cmd/params/tune.go:291.10,292.33 1 0
github.com/luxfi/consensus/cmd/params/tune.go:292.33,294.5 1 0
github.com/luxfi/consensus/cmd/params/tune.go:295.10,297.54 2 0
github.com/luxfi/consensus/cmd/params/tune.go:297.54,299.5 1 0
github.com/luxfi/consensus/cmd/params/tune.go:303.3,303.41 1 0
github.com/luxfi/consensus/cmd/params/tune.go:306.2,309.10 3 0
github.com/luxfi/consensus/cmd/params/tune.go:312.91,325.16 10 0
github.com/luxfi/consensus/cmd/params/tune.go:326.9,329.30 2 0
github.com/luxfi/consensus/cmd/params/tune.go:329.30,331.4 1 0
github.com/luxfi/consensus/cmd/params/tune.go:332.3,332.30 1 0
github.com/luxfi/consensus/cmd/params/tune.go:332.30,334.4 1 0
github.com/luxfi/consensus/cmd/params/tune.go:336.9,338.94 2 0
github.com/luxfi/consensus/cmd/params/tune.go:340.9,342.94 2 0
github.com/luxfi/consensus/cmd/params/tune.go:344.9,346.63 2 0
github.com/luxfi/consensus/cmd/params/tune.go:346.63,348.4 1 0
github.com/luxfi/consensus/cmd/params/tune.go:350.9,351.99 1 0
github.com/luxfi/consensus/cmd/params/tune.go:354.2,354.10 1 0
github.com/luxfi/consensus/cmd/params/tune.go:357.86,369.28 7 0
github.com/luxfi/consensus/cmd/params/tune.go:369.28,378.17 7 0
github.com/luxfi/consensus/cmd/params/tune.go:379.13,381.19 2 0
github.com/luxfi/consensus/cmd/params/tune.go:381.19,382.10 1 0
github.com/luxfi/consensus/cmd/params/tune.go:384.4,384.15 1 0
github.com/luxfi/consensus/cmd/params/tune.go:385.10,387.19 2 0
github.com/luxfi/consensus/cmd/params/tune.go:387.19,388.10 1 0
github.com/luxfi/consensus/cmd/params/tune.go:390.4,390.15 1 0
github.com/luxfi/consensus/cmd/params/tune.go:391.10,393.18 1 0
github.com/luxfi/consensus/cmd/params/tune.go:393.18,397.5 3 0
github.com/luxfi/consensus/cmd/params/tune.go:401.2,401.10 1 0
github.com/luxfi/consensus/cmd/params/tune.go:404.41,408.2 3 0
github.com/luxfi/consensus/cmd/params/tune.go:410.73,420.59 6 0
github.com/luxfi/consensus/cmd/params/tune.go:420.59,423.60 3 0
github.com/luxfi/consensus/cmd/params/tune.go:423.60,425.4 1 0
github.com/luxfi/consensus/cmd/params/tune.go:426.3,432.79 5 0
github.com/luxfi/consensus/cmd/params/tune.go:432.79,434.4 1 0
github.com/luxfi/consensus/cmd/params/tune.go:434.9,436.4 1 0
github.com/luxfi/consensus/cmd/params/tune.go:439.2,439.12 1 0
github.com/luxfi/consensus/cmd/params/tune.go:443.24,444.11 1 0
github.com/luxfi/consensus/cmd/params/tune.go:444.11,446.3 1 0
github.com/luxfi/consensus/cmd/params/tune.go:447.2,447.10 1 0
github.com/luxfi/consensus/cmd/params/types.go:83.90,87.2 3 0
github.com/luxfi/consensus/cmd/params/types.go:90.63,96.2 3 0
github.com/luxfi/consensus/cmd/params/types.go:99.89,106.40 4 0
github.com/luxfi/consensus/cmd/params/types.go:106.40,108.3 1 0
github.com/luxfi/consensus/cmd/params/types.go:111.2,138.26 6 0
github.com/luxfi/consensus/cmd/params/types.go:142.76,151.27 2 0
github.com/luxfi/consensus/cmd/params/types.go:151.27,154.3 2 0
github.com/luxfi/consensus/cmd/params/types.go:154.8,154.56 1 0
github.com/luxfi/consensus/cmd/params/types.go:154.56,156.3 1 0
github.com/luxfi/consensus/cmd/params/types.go:159.2,159.42 1 0
github.com/luxfi/consensus/cmd/params/types.go:159.42,162.3 2 0
github.com/luxfi/consensus/cmd/params/types.go:164.2,164.53 1 0
github.com/luxfi/consensus/cmd/params/types.go:164.53,167.3 2 0
github.com/luxfi/consensus/cmd/params/types.go:170.2,170.21 1 0
github.com/luxfi/consensus/cmd/params/types.go:170.21,173.3 2 0
github.com/luxfi/consensus/cmd/params/types.go:173.8,173.30 1 0
github.com/luxfi/consensus/cmd/params/types.go:173.30,175.3 1 0
github.com/luxfi/consensus/cmd/params/types.go:178.2,178.65 1 0
github.com/luxfi/consensus/cmd/params/types.go:178.65,180.3 1 0
github.com/luxfi/consensus/cmd/params/types.go:182.2,182.15 1 0
github.com/luxfi/consensus/cmd/params/types.go:186.98,209.2 6 0
github.com/luxfi/consensus/cmd/params/types.go:212.77,213.18 1 0
github.com/luxfi/consensus/cmd/params/types.go:213.18,215.3 1 0
github.com/luxfi/consensus/cmd/params/types.go:217.2,217.49 1 0
github.com/luxfi/consensus/cmd/params/types.go:217.49,219.3 1 0
github.com/luxfi/consensus/cmd/params/types.go:221.2,221.21 1 0
github.com/luxfi/consensus/cmd/params/types.go:221.21,223.3 1 0
github.com/luxfi/consensus/cmd/params/types.go:225.2,225.12 1 0
github.com/luxfi/consensus/cmd/params/types.go:229.96,245.2 5 0
github.com/luxfi/consensus/cmd/params/types.go:248.71,256.2 1 0
github.com/luxfi/consensus/cmd/params/types.go:259.44,302.2 1 0
github.com/luxfi/consensus/cmd/params/types.go:306.37,311.11 2 0
github.com/luxfi/consensus/cmd/params/types.go:311.11,313.3 1 0
github.com/luxfi/consensus/cmd/params/types.go:313.8,313.27 1 0
github.com/luxfi/consensus/cmd/params/types.go:313.27,315.3 1 0
github.com/luxfi/consensus/cmd/params/types.go:315.8,315.20 1 0
github.com/luxfi/consensus/cmd/params/types.go:315.20,317.3 1 0
github.com/luxfi/consensus/cmd/params/types.go:319.2,319.10 1 0
github.com/luxfi/consensus/cmd/params/types.go:322.64,328.16 3 0
github.com/luxfi/consensus/cmd/params/types.go:328.16,330.3 1 0
github.com/luxfi/consensus/cmd/params/types.go:330.8,330.24 1 0
github.com/luxfi/consensus/cmd/params/types.go:330.24,332.3 1 0
github.com/luxfi/consensus/cmd/params/types.go:334.2,334.15 1 0
github.com/luxfi/consensus/cmd/params/types.go:342.64,353.2 1 0
github.com/luxfi/consensus/cmd/params/types.go:356.67,368.2 1 0
github.com/luxfi/consensus/cmd/params/types.go:371.66,373.53 2 0
github.com/luxfi/consensus/cmd/params/types.go:373.53,375.3 1 0
github.com/luxfi/consensus/cmd/params/types.go:376.2,376.20 1 0
github.com/luxfi/consensus/cmd/params/types.go:380.51,382.2 1 0
github.com/luxfi/consensus/cmd/params/types.go:385.43,400.2 1 0
github.com/luxfi/consensus/log/noop.go:11.33,13.2 1 0
github.com/luxfi/consensus/networking/grpc/grpcutils/util.go:20.49,22.2 1 0
github.com/luxfi/consensus/networking/grpc/grpcutils/util.go:25.32,26.32 1 0
github.com/luxfi/consensus/networking/grpc/grpcutils/util.go:26.32,28.3 1 0
github.com/luxfi/consensus/networking/grpc/grpcutils/util.go:32.42,34.2 1 0
github.com/luxfi/consensus/networking/grpc/grpcutils/util.go:37.31,39.2 1 0
github.com/luxfi/consensus/networking/grpc/grpcutils/util.go:42.62,44.2 1 0
github.com/luxfi/consensus/networking/grpc/grpcutils/util.go:47.50,49.2 1 0
github.com/luxfi/consensus/networking/grpc/grpcutils/util.go:52.78,54.2 1 0
github.com/luxfi/consensus/metrics/metric.go:32.82,43.44 3 0
github.com/luxfi/consensus/metrics/metric.go:43.44,45.3 1 0
github.com/luxfi/consensus/metrics/metric.go:46.2,46.42 1 0
github.com/luxfi/consensus/metrics/metric.go:46.42,48.3 1 0
github.com/luxfi/consensus/metrics/metric.go:50.2,53.8 1 0
github.com/luxfi/consensus/metrics/metric.go:57.102,59.16 2 0
github.com/luxfi/consensus/metrics/metric.go:59.16,60.18 1 0
github.com/luxfi/consensus/metrics/metric.go:60.18,62.4 1 0
github.com/luxfi/consensus/metrics/metric.go:64.3,64.21 1 0
github.com/luxfi/consensus/metrics/metric.go:66.2,66.10 1 0
github.com/luxfi/consensus/metrics/metric.go:70.43,78.24 5 0
github.com/luxfi/consensus/metrics/metric.go:78.24,80.3 1 0
github.com/luxfi/consensus/metrics/metric.go:81.2,81.22 1 0
github.com/luxfi/consensus/metrics/metric.go:81.22,83.3 1 0
github.com/luxfi/consensus/metrics/metric.go:87.35,91.18 3 0
github.com/luxfi/consensus/metrics/metric.go:91.18,93.3 1 0
github.com/luxfi/consensus/metrics/metric.go:94.2,94.24 1 0
github.com/luxfi/consensus/metrics/metric.go:111.27,113.2 1 0
github.com/luxfi/consensus/metrics/metric.go:116.25,118.2 1 0
github.com/luxfi/consensus/metrics/metric.go:121.36,125.2 3 0
github.com/luxfi/consensus/metrics/metric.go:128.32,132.2 3 0
github.com/luxfi/consensus/metrics/metric.go:148.23,150.2 1 0
github.com/luxfi/consensus/metrics/metric.go:153.36,157.2 3 0
github.com/luxfi/consensus/metrics/metric.go:160.36,164.2 3 0
github.com/luxfi/consensus/metrics/metric.go:167.32,171.2 3 0
github.com/luxfi/consensus/metrics/metric.go:192.29,198.2 1 0
github.com/luxfi/consensus/metrics/metric.go:201.52,208.2 5 0
github.com/luxfi/consensus/metrics/metric.go:211.48,218.2 5 0
github.com/luxfi/consensus/metrics/metric.go:221.54,229.2 5 0
github.com/luxfi/consensus/metrics/metric.go:232.61,237.9 4 0
github.com/luxfi/consensus/metrics/metric.go:237.9,239.3 1 0
github.com/luxfi/consensus/metrics/metric.go:240.2,240.15 1 0
github.com/luxfi/consensus/metrics/metric.go:244.57,249.9 4 0
github.com/luxfi/consensus/metrics/metric.go:249.9,251.3 1 0
github.com/luxfi/consensus/metrics/metric.go:252.2,252.15 1 0
github.com/luxfi/consensus/metrics/metric.go:256.63,261.9 4 0
github.com/luxfi/consensus/metrics/metric.go:261.9,263.3 1 0
github.com/luxfi/consensus/metrics/metric.go:264.2,264.15 1 0
github.com/luxfi/consensus/metrics/metrics.go:16.53,20.2 1 0
github.com/luxfi/consensus/metrics/metrics.go:23.66,25.2 1 0
github.com/luxfi/consensus/core/interfaces/acceptor.go:63.53,68.2 1 0
github.com/luxfi/consensus/core/interfaces/acceptor.go:70.90,74.63 3 0
github.com/luxfi/consensus/core/interfaces/acceptor.go:74.63,75.70 1 0
github.com/luxfi/consensus/core/interfaces/acceptor.go:75.70,82.27 2 0
github.com/luxfi/consensus/core/interfaces/acceptor.go:82.27,84.5 1 0
github.com/luxfi/consensus/core/interfaces/acceptor.go:87.2,87.12 1 0
github.com/luxfi/consensus/core/interfaces/acceptor.go:90.121,95.12 4 0
github.com/luxfi/consensus/core/interfaces/acceptor.go:95.12,98.3 2 0
github.com/luxfi/consensus/core/interfaces/acceptor.go:100.2,100.42 1 0
github.com/luxfi/consensus/core/interfaces/acceptor.go:100.42,102.3 1 0
github.com/luxfi/consensus/core/interfaces/acceptor.go:104.2,108.12 2 0
github.com/luxfi/consensus/core/interfaces/acceptor.go:111.87,116.12 4 0
github.com/luxfi/consensus/core/interfaces/acceptor.go:116.12,118.3 1 0
github.com/luxfi/consensus/core/interfaces/acceptor.go:120.2,120.43 1 0
github.com/luxfi/consensus/core/interfaces/acceptor.go:120.43,122.3 1 0
github.com/luxfi/consensus/core/interfaces/acceptor.go:124.2,124.25 1 0
github.com/luxfi/consensus/core/interfaces/acceptor.go:124.25,126.3 1 0
github.com/luxfi/consensus/core/interfaces/acceptor.go:126.8,128.3 1 0
github.com/luxfi/consensus/core/interfaces/acceptor.go:129.2,129.12 1 0
github.com/luxfi/consensus/core/interfaces/decidable.go:44.37,46.2 1 0
github.com/luxfi/consensus/core/interfaces/decidable.go:48.55,50.2 1 0
github.com/luxfi/consensus/core/interfaces/decidable.go:52.55,54.2 1 0
github.com/luxfi/consensus/core/interfaces/decidable.go:56.50,58.2 1 0
github.com/luxfi/consensus/core/interfaces/state.go:23.33,24.12 1 0
github.com/luxfi/consensus/core/interfaces/state.go:25.20,26.30 1 0
github.com/luxfi/consensus/core/interfaces/state.go:27.20,28.31 1 0
github.com/luxfi/consensus/core/interfaces/state.go:29.21,30.31 1 0
github.com/luxfi/consensus/core/interfaces/state.go:31.16,32.35 1 0
github.com/luxfi/consensus/core/interfaces/state.go:33.10,34.25 1 0
github.com/luxfi/consensus/core/interfaces/status.go:19.33,20.11 1 0
github.com/luxfi/consensus/core/interfaces/status.go:21.16,22.20 1 0
github.com/luxfi/consensus/core/interfaces/status.go:23.16,24.20 1 0
github.com/luxfi/consensus/core/interfaces/status.go:25.10,26.19 1 0
github.com/luxfi/consensus/core/utils/bag.go:28.41,32.2 3 0
github.com/luxfi/consensus/core/utils/bag.go:34.25,35.21 1 0
github.com/luxfi/consensus/core/utils/bag.go:35.21,37.3 1 0
github.com/luxfi/consensus/core/utils/bag.go:42.46,43.30 1 0
github.com/luxfi/consensus/core/utils/bag.go:43.30,45.3 1 0
github.com/luxfi/consensus/core/utils/bag.go:47.2,49.36 3 0
github.com/luxfi/consensus/core/utils/bag.go:49.36,50.25 1 0
github.com/luxfi/consensus/core/utils/bag.go:50.25,52.4 1 0
github.com/luxfi/consensus/core/utils/bag.go:57.33,58.27 1 0
github.com/luxfi/consensus/core/utils/bag.go:58.27,60.3 1 0
github.com/luxfi/consensus/core/utils/bag.go:65.45,66.16 1 0
github.com/luxfi/consensus/core/utils/bag.go:66.16,68.3 1 0
github.com/luxfi/consensus/core/utils/bag.go:70.2,76.31 5 0
github.com/luxfi/consensus/core/utils/bag.go:76.31,78.3 1 0
github.com/luxfi/consensus/core/utils/bag.go:82.35,84.2 1 0
github.com/luxfi/consensus/core/utils/bag.go:87.28,89.2 1 0
github.com/luxfi/consensus/core/utils/bag.go:93.29,95.2 1 0
github.com/luxfi/consensus/core/utils/bag.go:98.44,100.2 1 0
github.com/luxfi/consensus/core/utils/bag.go:104.34,109.35 2 0
github.com/luxfi/consensus/core/utils/bag.go:109.35,110.23 1 0
github.com/luxfi/consensus/core/utils/bag.go:110.23,113.4 2 0
github.com/luxfi/consensus/core/utils/bag.go:116.2,116.23 1 0
github.com/luxfi/consensus/core/utils/bag.go:120.41,122.2 1 0
github.com/luxfi/consensus/core/utils/bag.go:128.57,130.36 2 0
github.com/luxfi/consensus/core/utils/bag.go:130.36,131.23 1 0
github.com/luxfi/consensus/core/utils/bag.go:131.23,133.4 1 0
github.com/luxfi/consensus/core/utils/bag.go:135.2,135.15 1 0
github.com/luxfi/consensus/core/utils/bag.go:144.58,146.36 2 0
github.com/luxfi/consensus/core/utils/bag.go:146.36,147.22 1 0
github.com/luxfi/consensus/core/utils/bag.go:147.22,149.4 1 0
github.com/luxfi/consensus/core/utils/bag.go:149.9,151.4 1 0
github.com/luxfi/consensus/core/utils/bag.go:153.2,153.19 1 0
github.com/luxfi/consensus/core/utils/bag.go:157.32,161.2 3 0
github.com/luxfi/consensus/core/utils/bag.go:163.55,167.35 3 0
github.com/luxfi/consensus/core/utils/bag.go:167.35,169.3 1 0
github.com/luxfi/consensus/core/utils/bag.go:171.2,171.20 1 0
github.com/luxfi/consensus/core/utils/bag.go:174.34,176.2 1 0
github.com/luxfi/consensus/core/utils/bag.go:178.33,180.34 2 0
github.com/luxfi/consensus/core/utils/bag.go:180.34,182.3 1 0
github.com/luxfi/consensus/core/utils/bag.go:183.2,183.14 1 0
github.com/luxfi/consensus/core/utils/factory.go:16.51,18.2 1 0
github.com/luxfi/consensus/core/utils/factory.go:21.49,23.2 1 0
github.com/luxfi/consensus/examples/simple/simple/main.go:12.13,35.4 10 0
github.com/luxfi/consensus/examples/simple/simple/main.go:35.4,36.40 1 0
github.com/luxfi/consensus/examples/simple/simple/main.go:36.40,38.4 1 0
github.com/luxfi/consensus/examples/simple/simple/main.go:38.9,40.4 1 0
github.com/luxfi/consensus/examples/simple/simple/main.go:44.2,45.60 2 0
github.com/luxfi/consensus/examples/simple/simple/main.go:45.60,48.3 2 0
github.com/luxfi/consensus/examples/simple/simple/main.go:50.2,52.53 2 0
github.com/luxfi/consensus/examples/simple/simple/main.go:55.39,62.2 6 0
github.com/luxfi/consensus/networking/zmq4/transport.go:49.80,60.2 2 0
github.com/luxfi/consensus/networking/zmq4/transport.go:63.35,66.84 2 0
github.com/luxfi/consensus/networking/zmq4/transport.go:66.84,68.3 1 0
github.com/luxfi/consensus/networking/zmq4/transport.go:71.2,76.92 4 0
github.com/luxfi/consensus/networking/zmq4/transport.go:76.92,78.3 1 0
github.com/luxfi/consensus/networking/zmq4/transport.go:80.2,84.12 4 0
github.com/luxfi/consensus/networking/zmq4/transport.go:88.28,93.18 4 0
github.com/luxfi/consensus/networking/zmq4/transport.go:93.18,95.3 1 0
github.com/luxfi/consensus/networking/zmq4/transport.go:96.2,96.18 1 0
github.com/luxfi/consensus/networking/zmq4/transport.go:96.18,98.3 1 0
github.com/luxfi/consensus/networking/zmq4/transport.go:99.2,99.21 1 0
github.com/luxfi/consensus/networking/zmq4/transport.go:99.21,101.3 1 0
github.com/luxfi/consensus/networking/zmq4/transport.go:103.2,104.34 2 0
github.com/luxfi/consensus/networking/zmq4/transport.go:104.34,106.3 1 0
github.com/luxfi/consensus/networking/zmq4/transport.go:107.2,107.15 1 0
github.com/luxfi/consensus/networking/zmq4/transport.go:111.64,117.41 4 0
github.com/luxfi/consensus/networking/zmq4/transport.go:117.41,119.3 1 0
github.com/luxfi/consensus/networking/zmq4/transport.go:122.2,125.48 3 0
github.com/luxfi/consensus/networking/zmq4/transport.go:125.48,127.3 1 0
github.com/luxfi/consensus/networking/zmq4/transport.go:129.2,132.12 3 0
github.com/luxfi/consensus/networking/zmq4/transport.go:136.51,139.16 3 0
github.com/luxfi/consensus/networking/zmq4/transport.go:139.16,141.3 1 0
github.com/luxfi/consensus/networking/zmq4/transport.go:143.2,143.38 1 0
github.com/luxfi/consensus/networking/zmq4/transport.go:147.61,152.9 4 0
github.com/luxfi/consensus/networking/zmq4/transport.go:152.9,154.3 1 0
github.com/luxfi/consensus/networking/zmq4/transport.go:156.2,159.16 4 0
github.com/luxfi/consensus/networking/zmq4/transport.go:159.16,161.3 1 0
github.com/luxfi/consensus/networking/zmq4/transport.go:163.2,163.39 1 0
github.com/luxfi/consensus/networking/zmq4/transport.go:167.77,171.2 3 0
github.com/luxfi/consensus/networking/zmq4/transport.go:174.41,180.2 5 0
github.com/luxfi/consensus/networking/zmq4/transport.go:182.31,185.6 2 0
github.com/luxfi/consensus/networking/zmq4/transport.go:185.6,186.10 1 0
github.com/luxfi/consensus/networking/zmq4/transport.go:187.19,188.10 1 0
github.com/luxfi/consensus/networking/zmq4/transport.go:189.11,191.18 2 0
github.com/luxfi/consensus/networking/zmq4/transport.go:191.18,192.13 1 0
github.com/luxfi/consensus/networking/zmq4/transport.go:195.4,196.64 2 0
github.com/luxfi/consensus/networking/zmq4/transport.go:196.64,197.13 1 0
github.com/luxfi/consensus/networking/zmq4/transport.go:201.4,201.32 1 0
github.com/luxfi/consensus/networking/zmq4/transport.go:201.32,202.13 1 0
github.com/luxfi/consensus/networking/zmq4/transport.go:205.4,205.29 1 0
github.com/luxfi/consensus/networking/zmq4/transport.go:210.34,213.6 2 0
github.com/luxfi/consensus/networking/zmq4/transport.go:213.6,214.10 1 0
github.com/luxfi/consensus/networking/zmq4/transport.go:215.19,216.10 1 0
github.com/luxfi/consensus/networking/zmq4/transport.go:217.11,219.18 2 0
github.com/luxfi/consensus/networking/zmq4/transport.go:219.18,220.13 1 0
github.com/luxfi/consensus/networking/zmq4/transport.go:224.4,224.28 1 0
github.com/luxfi/consensus/networking/zmq4/transport.go:224.28,226.67 2 0
github.com/luxfi/consensus/networking/zmq4/transport.go:226.67,227.14 1 0
github.com/luxfi/consensus/networking/zmq4/transport.go:230.5,230.30 1 0
github.com/luxfi/consensus/networking/zmq4/transport.go:236.49,241.8 4 0
github.com/luxfi/consensus/networking/zmq4/transport.go:241.8,243.3 1 0
github.com/luxfi/consensus/proto/pb/p2p/p2p.go:16.37,17.11 1 0
github.com/luxfi/consensus/proto/pb/p2p/p2p.go:18.35,19.16 1 0
github.com/luxfi/consensus/proto/pb/p2p/p2p.go:20.38,21.16 1 0
github.com/luxfi/consensus/proto/pb/p2p/p2p.go:22.10,23.23 1 0
github.com/luxfi/consensus/proto/pb/validatorstate/validator_state.pb.go:31.43,36.2 4 0
github.com/luxfi/consensus/proto/pb/validatorstate/validator_state.pb.go:38.51,40.2 1 0
github.com/luxfi/consensus/proto/pb/validatorstate/validator_state.pb.go:42.49,42.50 0 0
github.com/luxfi/consensus/proto/pb/validatorstate/validator_state.pb.go:44.71,46.14 2 0
github.com/luxfi/consensus/proto/pb/validatorstate/validator_state.pb.go:46.14,48.34 2 0
github.com/luxfi/consensus/proto/pb/validatorstate/validator_state.pb.go:48.34,50.4 1 0
github.com/luxfi/consensus/proto/pb/validatorstate/validator_state.pb.go:51.3,51.12 1 0
github.com/luxfi/consensus/proto/pb/validatorstate/validator_state.pb.go:53.2,53.24 1 0
github.com/luxfi/consensus/proto/pb/validatorstate/validator_state.pb.go:57.62,59.2 1 0
github.com/luxfi/consensus/proto/pb/validatorstate/validator_state.pb.go:68.44,73.2 4 0
github.com/luxfi/consensus/proto/pb/validatorstate/validator_state.pb.go:75.52,77.2 1 0
github.com/luxfi/consensus/proto/pb/validatorstate/validator_state.pb.go:79.50,79.51 0 0
github.com/luxfi/consensus/proto/pb/validatorstate/validator_state.pb.go:81.72,83.14 2 0
github.com/luxfi/consensus/proto/pb/validatorstate/validator_state.pb.go:83.14,85.34 2 0
github.com/luxfi/consensus/proto/pb/validatorstate/validator_state.pb.go:85.34,87.4 1 0
github.com/luxfi/consensus/proto/pb/validatorstate/validator_state.pb.go:88.3,88.12 1 0
github.com/luxfi/consensus/proto/pb/validatorstate/validator_state.pb.go:90.2,90.24 1 0
github.com/luxfi/consensus/proto/pb/validatorstate/validator_state.pb.go:94.63,96.2 1 0
github.com/luxfi/consensus/proto/pb/validatorstate/validator_state.pb.go:98.55,99.14 1 0
github.com/luxfi/consensus/proto/pb/validatorstate/validator_state.pb.go:99.14,101.3 1 0
github.com/luxfi/consensus/proto/pb/validatorstate/validator_state.pb.go:102.2,102.10 1 0
github.com/luxfi/consensus/proto/pb/validatorstate/validator_state.pb.go:111.43,116.2 4 0
github.com/luxfi/consensus/proto/pb/validatorstate/validator_state.pb.go:118.51,120.2 1 0
github.com/luxfi/consensus/proto/pb/validatorstate/validator_state.pb.go:122.49,122.50 0 0
github.com/luxfi/consensus/proto/pb/validatorstate/validator_state.pb.go:124.71,126.14 2 0
github.com/luxfi/consensus/proto/pb/validatorstate/validator_state.pb.go:126.14,128.34 2 0
github.com/luxfi/consensus/proto/pb/validatorstate/validator_state.pb.go:128.34,130.4 1 0
github.com/luxfi/consensus/proto/pb/validatorstate/validator_state.pb.go:131.3,131.12 1 0
github.com/luxfi/consensus/proto/pb/validatorstate/validator_state.pb.go:133.2,133.24 1 0
github.com/luxfi/consensus/proto/pb/validatorstate/validator_state.pb.go:137.62,139.2 1 0
github.com/luxfi/consensus/proto/pb/validatorstate/validator_state.pb.go:148.44,153.2 4 0
github.com/luxfi/consensus/proto/pb/validatorstate/validator_state.pb.go:155.52,157.2 1 0
github.com/luxfi/consensus/proto/pb/validatorstate/validator_state.pb.go:159.50,159.51 0 0
github.com/luxfi/consensus/proto/pb/validatorstate/validator_state.pb.go:161.72,163.14 2 0
github.com/luxfi/consensus/proto/pb/validatorstate/validator_state.pb.go:163.14,165.34 2 0
github.com/luxfi/consensus/proto/pb/validatorstate/validator_state.pb.go:165.34,167.4 1 0
github.com/luxfi/consensus/proto/pb/validatorstate/validator_state.pb.go:168.3,168.12 1 0
github.com/luxfi/consensus/proto/pb/validatorstate/validator_state.pb.go:170.2,170.24 1 0
github.com/luxfi/consensus/proto/pb/validatorstate/validator_state.pb.go:174.63,176.2 1 0
github.com/luxfi/consensus/proto/pb/validatorstate/validator_state.pb.go:178.55,179.14 1 0
github.com/luxfi/consensus/proto/pb/validatorstate/validator_state.pb.go:179.14,181.3 1 0
github.com/luxfi/consensus/proto/pb/validatorstate/validator_state.pb.go:182.2,182.10 1 0
github.com/luxfi/consensus/proto/pb/validatorstate/validator_state.pb.go:192.38,197.2 4 0
github.com/luxfi/consensus/proto/pb/validatorstate/validator_state.pb.go:199.46,201.2 1 0
github.com/luxfi/consensus/proto/pb/validatorstate/validator_state.pb.go:203.44,203.45 0 0
github.com/luxfi/consensus/proto/pb/validatorstate/validator_state.pb.go:205.66,207.14 2 0
github.com/luxfi/consensus/proto/pb/validatorstate/validator_state.pb.go:207.14,209.34 2 0
github.com/luxfi/consensus/proto/pb/validatorstate/validator_state.pb.go:209.34,211.4 1 0
github.com/luxfi/consensus/proto/pb/validatorstate/validator_state.pb.go:212.3,212.12 1 0
github.com/luxfi/consensus/proto/pb/validatorstate/validator_state.pb.go:214.2,214.24 1 0
github.com/luxfi/consensus/proto/pb/validatorstate/validator_state.pb.go:218.57,220.2 1 0
github.com/luxfi/consensus/proto/pb/validatorstate/validator_state.pb.go:222.50,223.14 1 0
github.com/luxfi/consensus/proto/pb/validatorstate/validator_state.pb.go:223.14,225.3 1 0
github.com/luxfi/consensus/proto/pb/validatorstate/validator_state.pb.go:226.2,226.12 1 0
github.com/luxfi/consensus/proto/pb/validatorstate/validator_state.pb.go:236.39,241.2 4 0
github.com/luxfi/consensus/proto/pb/validatorstate/validator_state.pb.go:243.47,245.2 1 0
github.com/luxfi/consensus/proto/pb/validatorstate/validator_state.pb.go:247.45,247.46 0 0
github.com/luxfi/consensus/proto/pb/validatorstate/validator_state.pb.go:249.67,251.14 2 0
github.com/luxfi/consensus/proto/pb/validatorstate/validator_state.pb.go:251.14,253.34 2 0
github.com/luxfi/consensus/proto/pb/validatorstate/validator_state.pb.go:253.34,255.4 1 0
github.com/luxfi/consensus/proto/pb/validatorstate/validator_state.pb.go:256.3,256.12 1 0
github.com/luxfi/consensus/proto/pb/validatorstate/validator_state.pb.go:258.2,258.24 1 0
github.com/luxfi/consensus/proto/pb/validatorstate/validator_state.pb.go:262.58,264.2 1 0
github.com/luxfi/consensus/proto/pb/validatorstate/validator_state.pb.go:266.52,267.14 1 0
github.com/luxfi/consensus/proto/pb/validatorstate/validator_state.pb.go:267.14,269.3 1 0
github.com/luxfi/consensus/proto/pb/validatorstate/validator_state.pb.go:270.2,270.12 1 0
github.com/luxfi/consensus/proto/pb/validatorstate/validator_state.pb.go:281.42,286.2 4 0
github.com/luxfi/consensus/proto/pb/validatorstate/validator_state.pb.go:288.50,290.2 1 0
github.com/luxfi/consensus/proto/pb/validatorstate/validator_state.pb.go:292.48,292.49 0 0
github.com/luxfi/consensus/proto/pb/validatorstate/validator_state.pb.go:294.70,296.14 2 0
github.com/luxfi/consensus/proto/pb/validatorstate/validator_state.pb.go:296.14,298.34 2 0
github.com/luxfi/consensus/proto/pb/validatorstate/validator_state.pb.go:298.34,300.4 1 0
github.com/luxfi/consensus/proto/pb/validatorstate/validator_state.pb.go:301.3,301.12 1 0
github.com/luxfi/consensus/proto/pb/validatorstate/validator_state.pb.go:303.2,303.24 1 0
github.com/luxfi/consensus/proto/pb/validatorstate/validator_state.pb.go:307.61,309.2 1 0
github.com/luxfi/consensus/proto/pb/validatorstate/validator_state.pb.go:311.53,312.14 1 0
github.com/luxfi/consensus/proto/pb/validatorstate/validator_state.pb.go:312.14,314.3 1 0
github.com/luxfi/consensus/proto/pb/validatorstate/validator_state.pb.go:315.2,315.10 1 0
github.com/luxfi/consensus/proto/pb/validatorstate/validator_state.pb.go:318.55,319.14 1 0
github.com/luxfi/consensus/proto/pb/validatorstate/validator_state.pb.go:319.14,321.3 1 0
github.com/luxfi/consensus/proto/pb/validatorstate/validator_state.pb.go:322.2,322.12 1 0
github.com/luxfi/consensus/proto/pb/validatorstate/validator_state.pb.go:332.43,337.2 4 0
github.com/luxfi/consensus/proto/pb/validatorstate/validator_state.pb.go:339.51,341.2 1 0
github.com/luxfi/consensus/proto/pb/validatorstate/validator_state.pb.go:343.49,343.50 0 0
github.com/luxfi/consensus/proto/pb/validatorstate/validator_state.pb.go:345.71,347.14 2 0
github.com/luxfi/consensus/proto/pb/validatorstate/validator_state.pb.go:347.14,349.34 2 0
github.com/luxfi/consensus/proto/pb/validatorstate/validator_state.pb.go:349.34,351.4 1 0
github.com/luxfi/consensus/proto/pb/validatorstate/validator_state.pb.go:352.3,352.12 1 0
github.com/luxfi/consensus/proto/pb/validatorstate/validator_state.pb.go:354.2,354.24 1 0
github.com/luxfi/consensus/proto/pb/validatorstate/validator_state.pb.go:358.62,360.2 1 0
github.com/luxfi/consensus/proto/pb/validatorstate/validator_state.pb.go:362.64,363.14 1 0
github.com/luxfi/consensus/proto/pb/validatorstate/validator_state.pb.go:363.14,365.3 1 0
github.com/luxfi/consensus/proto/pb/validatorstate/validator_state.pb.go:366.2,366.12 1 0
github.com/luxfi/consensus/proto/pb/validatorstate/validator_state.pb.go:376.49,381.2 4 0
github.com/luxfi/consensus/proto/pb/validatorstate/validator_state.pb.go:383.57,385.2 1 0
github.com/luxfi/consensus/proto/pb/validatorstate/validator_state.pb.go:387.55,387.56 0 0
github.com/luxfi/consensus/proto/pb/validatorstate/validator_state.pb.go:389.77,391.14 2 0
github.com/luxfi/consensus/proto/pb/validatorstate/validator_state.pb.go:391.14,393.34 2 0
github.com/luxfi/consensus/proto/pb/validatorstate/validator_state.pb.go:393.34,395.4 1 0
github.com/luxfi/consensus/proto/pb/validatorstate/validator_state.pb.go:396.3,396.12 1 0
github.com/luxfi/consensus/proto/pb/validatorstate/validator_state.pb.go:398.2,398.24 1 0
github.com/luxfi/consensus/proto/pb/validatorstate/validator_state.pb.go:402.68,404.2 1 0
github.com/luxfi/consensus/proto/pb/validatorstate/validator_state.pb.go:406.62,407.14 1 0
github.com/luxfi/consensus/proto/pb/validatorstate/validator_state.pb.go:407.14,409.3 1 0
github.com/luxfi/consensus/proto/pb/validatorstate/validator_state.pb.go:410.2,410.12 1 0
github.com/luxfi/consensus/proto/pb/validatorstate/validator_state.pb.go:421.50,426.2 4 0
github.com/luxfi/consensus/proto/pb/validatorstate/validator_state.pb.go:428.58,430.2 1 0
github.com/luxfi/consensus/proto/pb/validatorstate/validator_state.pb.go:432.56,432.57 0 0
github.com/luxfi/consensus/proto/pb/validatorstate/validator_state.pb.go:434.78,436.14 2 0
github.com/luxfi/consensus/proto/pb/validatorstate/validator_state.pb.go:436.14,438.34 2 0
github.com/luxfi/consensus/proto/pb/validatorstate/validator_state.pb.go:438.34,440.4 1 0
github.com/luxfi/consensus/proto/pb/validatorstate/validator_state.pb.go:441.3,441.12 1 0
github.com/luxfi/consensus/proto/pb/validatorstate/validator_state.pb.go:443.2,443.24 1 0
github.com/luxfi/consensus/proto/pb/validatorstate/validator_state.pb.go:447.69,449.2 1 0
github.com/luxfi/consensus/proto/pb/validatorstate/validator_state.pb.go:451.71,452.14 1 0
github.com/luxfi/consensus/proto/pb/validatorstate/validator_state.pb.go:452.14,454.3 1 0
github.com/luxfi/consensus/proto/pb/validatorstate/validator_state.pb.go:455.2,455.12 1 0
github.com/luxfi/consensus/proto/pb/validatorstate/validator_state.pb.go:458.68,459.14 1 0
github.com/luxfi/consensus/proto/pb/validatorstate/validator_state.pb.go:459.14,461.3 1 0
github.com/luxfi/consensus/proto/pb/validatorstate/validator_state.pb.go:462.2,462.10 1 0
github.com/luxfi/consensus/proto/pb/validatorstate/validator_state.pb.go:479.29,484.2 4 0
github.com/luxfi/consensus/proto/pb/validatorstate/validator_state.pb.go:486.37,488.2 1 0
github.com/luxfi/consensus/proto/pb/validatorstate/validator_state.pb.go:490.35,490.36 0 0
github.com/luxfi/consensus/proto/pb/validatorstate/validator_state.pb.go:492.57,494.14 2 0
github.com/luxfi/consensus/proto/pb/validatorstate/validator_state.pb.go:494.14,496.34 2 0
github.com/luxfi/consensus/proto/pb/validatorstate/validator_state.pb.go:496.34,498.4 1 0
github.com/luxfi/consensus/proto/pb/validatorstate/validator_state.pb.go:499.3,499.12 1 0
github.com/luxfi/consensus/proto/pb/validatorstate/validator_state.pb.go:501.2,501.24 1 0
github.com/luxfi/consensus/proto/pb/validatorstate/validator_state.pb.go:505.48,507.2 1 0
github.com/luxfi/consensus/proto/pb/validatorstate/validator_state.pb.go:509.40,510.14 1 0
github.com/luxfi/consensus/proto/pb/validatorstate/validator_state.pb.go:510.14,512.3 1 0
github.com/luxfi/consensus/proto/pb/validatorstate/validator_state.pb.go:513.2,513.12 1 0
github.com/luxfi/consensus/proto/pb/validatorstate/validator_state.pb.go:516.43,517.14 1 0
github.com/luxfi/consensus/proto/pb/validatorstate/validator_state.pb.go:517.14,519.3 1 0
github.com/luxfi/consensus/proto/pb/validatorstate/validator_state.pb.go:520.2,520.12 1 0
github.com/luxfi/consensus/proto/pb/validatorstate/validator_state.pb.go:523.40,524.14 1 0
github.com/luxfi/consensus/proto/pb/validatorstate/validator_state.pb.go:524.14,526.3 1 0
github.com/luxfi/consensus/proto/pb/validatorstate/validator_state.pb.go:527.2,527.10 1 0
github.com/luxfi/consensus/proto/pb/validatorstate/validator_state.pb.go:530.43,531.14 1 0
github.com/luxfi/consensus/proto/pb/validatorstate/validator_state.pb.go:531.14,533.3 1 0
github.com/luxfi/consensus/proto/pb/validatorstate/validator_state.pb.go:534.2,534.10 1 0
github.com/luxfi/consensus/proto/pb/validatorstate/validator_state.pb.go:537.40,538.14 1 0
github.com/luxfi/consensus/proto/pb/validatorstate/validator_state.pb.go:538.14,540.3 1 0
github.com/luxfi/consensus/proto/pb/validatorstate/validator_state.pb.go:541.2,541.14 1 0
github.com/luxfi/consensus/proto/pb/validatorstate/validator_state.pb.go:544.46,545.14 1 0
github.com/luxfi/consensus/proto/pb/validatorstate/validator_state.pb.go:545.14,547.3 1 0
github.com/luxfi/consensus/proto/pb/validatorstate/validator_state.pb.go:548.2,548.12 1 0
github.com/luxfi/consensus/proto/pb/validatorstate/validator_state.pb.go:551.42,552.14 1 0
github.com/luxfi/consensus/proto/pb/validatorstate/validator_state.pb.go:552.14,554.3 1 0
github.com/luxfi/consensus/proto/pb/validatorstate/validator_state.pb.go:555.2,555.10 1 0
github.com/luxfi/consensus/proto/pb/validatorstate/validator_state.pb.go:558.45,559.14 1 0
github.com/luxfi/consensus/proto/pb/validatorstate/validator_state.pb.go:559.14,561.3 1 0
github.com/luxfi/consensus/proto/pb/validatorstate/validator_state.pb.go:562.2,562.14 1 0
github.com/luxfi/consensus/proto/pb/validatorstate/validator_state.pb.go:617.72,618.69 1 0
github.com/luxfi/consensus/proto/pb/validatorstate/validator_state.pb.go:618.69,620.3 1 0
github.com/luxfi/consensus/proto/pb/validatorstate/validator_state.pb.go:621.2,621.65 1 0
github.com/luxfi/consensus/proto/pb/validatorstate/validator_state.pb.go:658.13,658.68 1 0
github.com/luxfi/consensus/proto/pb/validatorstate/validator_state.pb.go:659.58,660.57 1 0
github.com/luxfi/consensus/proto/pb/validatorstate/validator_state.pb.go:660.57,662.3 1 0
github.com/luxfi/consensus/proto/pb/validatorstate/validator_state.pb.go:663.2,679.60 5 0
github.com/luxfi/consensus/proto/pb/validatorstate/validator_state_grpc.pb.go:44.80,46.2 1 0
github.com/luxfi/consensus/proto/pb/validatorstate/validator_state_grpc.pb.go:48.159,52.16 4 0
github.com/luxfi/consensus/proto/pb/validatorstate/validator_state_grpc.pb.go:52.16,54.3 1 0
github.com/luxfi/consensus/proto/pb/validatorstate/validator_state_grpc.pb.go:55.2,55.17 1 0
github.com/luxfi/consensus/proto/pb/validatorstate/validator_state_grpc.pb.go:58.159,62.16 4 0
github.com/luxfi/consensus/proto/pb/validatorstate/validator_state_grpc.pb.go:62.16,64.3 1 0
github.com/luxfi/consensus/proto/pb/validatorstate/validator_state_grpc.pb.go:65.2,65.17 1 0
github.com/luxfi/consensus/proto/pb/validatorstate/validator_state_grpc.pb.go:68.144,72.16 4 0
github.com/luxfi/consensus/proto/pb/validatorstate/validator_state_grpc.pb.go:72.16,74.3 1 0
github.com/luxfi/consensus/proto/pb/validatorstate/validator_state_grpc.pb.go:75.2,75.17 1 0
github.com/luxfi/consensus/proto/pb/validatorstate/validator_state_grpc.pb.go:78.156,82.16 4 0
github.com/luxfi/consensus/proto/pb/validatorstate/validator_state_grpc.pb.go:82.16,84.3 1 0
github.com/luxfi/consensus/proto/pb/validatorstate/validator_state_grpc.pb.go:85.2,85.17 1 0
github.com/luxfi/consensus/proto/pb/validatorstate/validator_state_grpc.pb.go:88.177,92.16 4 0
github.com/luxfi/consensus/proto/pb/validatorstate/validator_state_grpc.pb.go:92.16,94.3 1 0
github.com/luxfi/consensus/proto/pb/validatorstate/validator_state_grpc.pb.go:95.2,95.17 1 0
github.com/luxfi/consensus/proto/pb/validatorstate/validator_state_grpc.pb.go:117.137,119.2 1 0
github.com/luxfi/consensus/proto/pb/validatorstate/validator_state_grpc.pb.go:120.137,122.2 1 0
github.com/luxfi/consensus/proto/pb/validatorstate/validator_state_grpc.pb.go:123.122,125.2 1 0
github.com/luxfi/consensus/proto/pb/validatorstate/validator_state_grpc.pb.go:126.134,128.2 1 0
github.com/luxfi/consensus/proto/pb/validatorstate/validator_state_grpc.pb.go:129.155,131.2 1 0
github.com/luxfi/consensus/proto/pb/validatorstate/validator_state_grpc.pb.go:132.88,132.89 0 0
github.com/luxfi/consensus/proto/pb/validatorstate/validator_state_grpc.pb.go:133.88,133.89 0 0
github.com/luxfi/consensus/proto/pb/validatorstate/validator_state_grpc.pb.go:142.86,147.59 1 0
github.com/luxfi/consensus/proto/pb/validatorstate/validator_state_grpc.pb.go:147.59,149.3 1 0
github.com/luxfi/consensus/proto/pb/validatorstate/validator_state_grpc.pb.go:150.2,150.53 1 0
github.com/luxfi/consensus/proto/pb/validatorstate/validator_state_grpc.pb.go:153.176,155.32 2 0
github.com/luxfi/consensus/proto/pb/validatorstate/validator_state_grpc.pb.go:155.32,157.3 1 0
github.com/luxfi/consensus/proto/pb/validatorstate/validator_state_grpc.pb.go:158.2,158.24 1 0
github.com/luxfi/consensus/proto/pb/validatorstate/validator_state_grpc.pb.go:158.24,160.3 1 0
github.com/luxfi/consensus/proto/pb/validatorstate/validator_state_grpc.pb.go:161.2,165.77 2 0
github.com/luxfi/consensus/proto/pb/validatorstate/validator_state_grpc.pb.go:165.77,167.3 1 0
github.com/luxfi/consensus/proto/pb/validatorstate/validator_state_grpc.pb.go:168.2,168.44 1 0
github.com/luxfi/consensus/proto/pb/validatorstate/validator_state_grpc.pb.go:171.176,173.32 2 0
github.com/luxfi/consensus/proto/pb/validatorstate/validator_state_grpc.pb.go:173.32,175.3 1 0
github.com/luxfi/consensus/proto/pb/validatorstate/validator_state_grpc.pb.go:176.2,176.24 1 0
github.com/luxfi/consensus/proto/pb/validatorstate/validator_state_grpc.pb.go:176.24,178.3 1 0
github.com/luxfi/consensus/proto/pb/validatorstate/validator_state_grpc.pb.go:179.2,183.77 2 0
github.com/luxfi/consensus/proto/pb/validatorstate/validator_state_grpc.pb.go:183.77,185.3 1 0
github.com/luxfi/consensus/proto/pb/validatorstate/validator_state_grpc.pb.go:186.2,186.44 1 0
github.com/luxfi/consensus/proto/pb/validatorstate/validator_state_grpc.pb.go:189.171,191.32 2 0
github.com/luxfi/consensus/proto/pb/validatorstate/validator_state_grpc.pb.go:191.32,193.3 1 0
github.com/luxfi/consensus/proto/pb/validatorstate/validator_state_grpc.pb.go:194.2,194.24 1 0
github.com/luxfi/consensus/proto/pb/validatorstate/validator_state_grpc.pb.go:194.24,196.3 1 0
github.com/luxfi/consensus/proto/pb/validatorstate/validator_state_grpc.pb.go:197.2,201.77 2 0
github.com/luxfi/consensus/proto/pb/validatorstate/validator_state_grpc.pb.go:201.77,203.3 1 0
github.com/luxfi/consensus/proto/pb/validatorstate/validator_state_grpc.pb.go:204.2,204.44 1 0
github.com/luxfi/consensus/proto/pb/validatorstate/validator_state_grpc.pb.go:207.175,209.32 2 0
github.com/luxfi/consensus/proto/pb/validatorstate/validator_state_grpc.pb.go:209.32,211.3 1 0
github.com/luxfi/consensus/proto/pb/validatorstate/validator_state_grpc.pb.go:212.2,212.24 1 0
github.com/luxfi/consensus/proto/pb/validatorstate/validator_state_grpc.pb.go:212.24,214.3 1 0
github.com/luxfi/consensus/proto/pb/validatorstate/validator_state_grpc.pb.go:215.2,219.77 2 0
github.com/luxfi/consensus/proto/pb/validatorstate/validator_state_grpc.pb.go:219.77,221.3 1 0
github.com/luxfi/consensus/proto/pb/validatorstate/validator_state_grpc.pb.go:222.2,222.44 1 0
github.com/luxfi/consensus/proto/pb/validatorstate/validator_state_grpc.pb.go:225.182,227.32 2 0
github.com/luxfi/consensus/proto/pb/validatorstate/validator_state_grpc.pb.go:227.32,229.3 1 0
github.com/luxfi/consensus/proto/pb/validatorstate/validator_state_grpc.pb.go:230.2,230.24 1 0
github.com/luxfi/consensus/proto/pb/validatorstate/validator_state_grpc.pb.go:230.24,232.3 1 0
github.com/luxfi/consensus/proto/pb/validatorstate/validator_state_grpc.pb.go:233.2,237.77 2 0
github.com/luxfi/consensus/proto/pb/validatorstate/validator_state_grpc.pb.go:237.77,239.3 1 0
github.com/luxfi/consensus/proto/pb/validatorstate/validator_state_grpc.pb.go:240.2,240.44 1 0
github.com/luxfi/consensus/choices/status.go:23.33,24.11 1 5
github.com/luxfi/consensus/choices/status.go:25.15,26.19 1 1
github.com/luxfi/consensus/choices/status.go:27.18,28.22 1 1
github.com/luxfi/consensus/choices/status.go:29.16,30.20 1 1
github.com/luxfi/consensus/choices/status.go:31.16,32.20 1 1
github.com/luxfi/consensus/choices/status.go:33.10,34.26 1 1
github.com/luxfi/consensus/choices/status.go:39.30,40.11 1 5
github.com/luxfi/consensus/choices/status.go:41.47,42.14 1 4
github.com/luxfi/consensus/choices/status.go:43.10,44.15 1 1
github.com/luxfi/consensus/choices/status.go:49.32,50.11 1 5
github.com/luxfi/consensus/choices/status.go:51.26,52.14 1 2
github.com/luxfi/consensus/choices/status.go:53.10,54.15 1 3
github.com/luxfi/consensus/choices/status.go:59.32,60.11 1 5
github.com/luxfi/consensus/choices/status.go:61.38,62.14 1 3
github.com/luxfi/consensus/choices/status.go:63.10,64.15 1 2
github.com/luxfi/consensus/config/builder.go:53.28,69.2 1 0
github.com/luxfi/consensus/config/builder.go:72.59,73.18 1 0
github.com/luxfi/consensus/config/builder.go:73.18,75.3 1 0
github.com/luxfi/consensus/config/builder.go:77.2,77.16 1 0
github.com/luxfi/consensus/config/builder.go:78.22,79.28 1 0
github.com/luxfi/consensus/config/builder.go:80.22,81.28 1 0
github.com/luxfi/consensus/config/builder.go:82.20,83.26 1 0
github.com/luxfi/consensus/config/builder.go:84.10,85.51 1 0
github.com/luxfi/consensus/config/builder.go:89.2,89.21 1 0
github.com/luxfi/consensus/config/builder.go:89.21,92.3 2 0
github.com/luxfi/consensus/config/builder.go:94.2,94.10 1 0
github.com/luxfi/consensus/config/builder.go:98.50,99.18 1 0
github.com/luxfi/consensus/config/builder.go:99.18,101.3 1 0
github.com/luxfi/consensus/config/builder.go:103.2,103.11 1 0
github.com/luxfi/consensus/config/builder.go:103.11,106.3 2 0
github.com/luxfi/consensus/config/builder.go:108.2,111.34 2 0
github.com/luxfi/consensus/config/builder.go:111.34,113.3 1 0
github.com/luxfi/consensus/config/builder.go:114.2,114.34 1 0
github.com/luxfi/consensus/config/builder.go:114.34,116.3 1 0
github.com/luxfi/consensus/config/builder.go:118.2,118.10 1 0
github.com/luxfi/consensus/config/builder.go:122.66,123.18 1 0
github.com/luxfi/consensus/config/builder.go:123.18,125.3 1 0
github.com/luxfi/consensus/config/builder.go:128.2,129.26 2 0
github.com/luxfi/consensus/config/builder.go:129.26,132.3 2 0
github.com/luxfi/consensus/config/builder.go:133.2,133.27 1 0
github.com/luxfi/consensus/config/builder.go:133.27,136.3 2 0
github.com/luxfi/consensus/config/builder.go:137.2,137.28 1 0
github.com/luxfi/consensus/config/builder.go:137.28,140.3 2 0
github.com/luxfi/consensus/config/builder.go:142.2,145.10 3 0
github.com/luxfi/consensus/config/builder.go:149.47,150.18 1 0
github.com/luxfi/consensus/config/builder.go:150.18,152.3 1 0
github.com/luxfi/consensus/config/builder.go:154.2,154.14 1 0
github.com/luxfi/consensus/config/builder.go:154.14,157.3 2 0
github.com/luxfi/consensus/config/builder.go:159.2,162.40 2 0
github.com/luxfi/consensus/config/builder.go:162.40,164.3 1 0
github.com/luxfi/consensus/config/builder.go:166.2,166.10 1 0
github.com/luxfi/consensus/config/builder.go:170.67,171.18 1 0
github.com/luxfi/consensus/config/builder.go:171.18,173.3 1 0
github.com/luxfi/consensus/config/builder.go:175.2,175.20 1 0
github.com/luxfi/consensus/config/builder.go:175.20,178.3 2 0
github.com/luxfi/consensus/config/builder.go:179.2,179.32 1 0
github.com/luxfi/consensus/config/builder.go:179.32,182.3 2 0
github.com/luxfi/consensus/config/builder.go:184.2,185.10 2 0
github.com/luxfi/consensus/config/builder.go:189.73,190.18 1 0
github.com/luxfi/consensus/config/builder.go:190.18,192.3 1 0
github.com/luxfi/consensus/config/builder.go:194.2,195.10 2 0
github.com/luxfi/consensus/config/builder.go:199.91,200.18 1 0
github.com/luxfi/consensus/config/builder.go:200.18,202.3 1 0
github.com/luxfi/consensus/config/builder.go:205.2,208.22 3 0
github.com/luxfi/consensus/config/builder.go:208.22,210.3 1 0
github.com/luxfi/consensus/config/builder.go:212.2,216.10 4 0
github.com/luxfi/consensus/config/builder.go:220.57,221.18 1 0
github.com/luxfi/consensus/config/builder.go:221.18,223.3 1 0
github.com/luxfi/consensus/config/builder.go:225.2,228.9 2 0
github.com/luxfi/consensus/config/builder.go:229.24,230.26 1 0
github.com/luxfi/consensus/config/builder.go:231.25,232.18 1 0
[...]
github.com/luxfi/consensus/utils/validator/manager.go:110.27,114.2 1 20
github.com/luxfi/consensus/utils/validator/manager.go:125.118,126.17 1 37
github.com/luxfi/consensus/utils/validator/manager.go:126.17,128.3 1 1
github.com/luxfi/consensus/utils/validator/manager.go:130.2,134.13 4 36
github.com/luxfi/consensus/utils/validator/manager.go:134.13,137.3 2 24
github.com/luxfi/consensus/utils/validator/manager.go:139.2,139.42 1 36
github.com/luxfi/consensus/utils/validator/manager.go:142.86,143.17 1 5
github.com/luxfi/consensus/utils/validator/manager.go:143.17,145.3 1 1
github.com/luxfi/consensus/utils/validator/manager.go:164.2,168.13 4 4
github.com/luxfi/consensus/utils/validator/manager.go:168.13,170.3 1 0
github.com/luxfi/consensus/utils/validator/manager.go:172.2,172.38 1 4
github.com/luxfi/consensus/utils/validator/manager.go:175.72,179.13 4 1
github.com/luxfi/consensus/utils/validator/manager.go:179.13,181.3 1 1
github.com/luxfi/consensus/utils/validator/manager.go:183.2,183.30 1 0
github.com/luxfi/consensus/utils/validator/manager.go:186.87,190.13 4 4
github.com/luxfi/consensus/utils/validator/manager.go:190.13,192.3 1 2
github.com/luxfi/consensus/utils/validator/manager.go:194.2,194.24 1 2
github.com/luxfi/consensus/utils/validator/manager.go:197.99,201.13 4 2
github.com/luxfi/consensus/utils/validator/manager.go:201.13,203.3 1 0
github.com/luxfi/consensus/utils/validator/manager.go:205.2,205.39 1 2
github.com/luxfi/consensus/utils/validator/manager.go:208.89,209.17 1 14
github.com/luxfi/consensus/utils/validator/manager.go:209.17,211.3 1 1
github.com/luxfi/consensus/utils/validator/manager.go:213.2,217.13 4 13
github.com/luxfi/consensus/utils/validator/manager.go:217.13,219.3 1 0
github.com/luxfi/consensus/utils/validator/manager.go:221.2,221.57 1 13
github.com/luxfi/consensus/utils/validator/manager.go:221.57,223.3 1 2
github.com/luxfi/consensus/utils/validator/manager.go:226.2,226.52 1 11
github.com/luxfi/consensus/utils/validator/manager.go:226.52,228.3 1 5
github.com/luxfi/consensus/utils/validator/manager.go:230.2,230.12 1 11
github.com/luxfi/consensus/utils/validator/manager.go:233.36,238.2 3 7
github.com/luxfi/consensus/utils/validator/manager.go:240.54,244.13 4 14
github.com/luxfi/consensus/utils/validator/manager.go:244.13,246.3 1 7
github.com/luxfi/consensus/utils/validator/manager.go:248.2,248.18 1 7
github.com/luxfi/consensus/utils/validator/manager.go:251.64,255.13 4 5
github.com/luxfi/consensus/utils/validator/manager.go:255.13,257.3 1 0
github.com/luxfi/consensus/utils/validator/manager.go:259.2,259.26 1 5
github.com/luxfi/consensus/utils/validator/manager.go:262.75,263.15 1 6
github.com/luxfi/consensus/utils/validator/manager.go:263.15,265.3 1 1
github.com/luxfi/consensus/utils/validator/manager.go:267.2,270.13 4 5
github.com/luxfi/consensus/utils/validator/manager.go:270.13,272.3 1 0
github.com/luxfi/consensus/utils/validator/manager.go:274.2,274.25 1 5
github.com/luxfi/consensus/utils/validator/manager.go:277.78,281.13 4 6
github.com/luxfi/consensus/utils/validator/manager.go:281.13,283.3 1 2
github.com/luxfi/consensus/utils/validator/manager.go:285.2,285.18 1 4
github.com/luxfi/consensus/utils/validator/manager.go:288.78,293.37 4 4
github.com/luxfi/consensus/utils/validator/manager.go:293.37,295.3 1 3
github.com/luxfi/consensus/utils/validator/manager.go:298.94,303.13 4 4
github.com/luxfi/consensus/utils/validator/manager.go:303.13,306.3 2 1
github.com/luxfi/consensus/utils/validator/manager.go:308.2,308.40 1 4
github.com/luxfi/consensus/utils/validator/manager.go:311.35,323.35 7 1
github.com/luxfi/consensus/utils/validator/manager.go:323.35,330.3 2 2
github.com/luxfi/consensus/utils/validator/manager.go:332.2,332.20 1 1
github.com/luxfi/consensus/utils/validator/manager.go:335.65,339.12 4 0
github.com/luxfi/consensus/utils/validator/manager.go:339.12,341.3 1 0
github.com/luxfi/consensus/utils/validator/manager.go:343.2,343.31 1 0
github.com/luxfi/consensus/utils/validator/set.go:35.83,43.2 1 25
github.com/luxfi/consensus/utils/validator/set.go:61.94,66.2 3 36
github.com/luxfi/consensus/utils/validator/set.go:68.94,70.16 2 36
github.com/luxfi/consensus/utils/validator/set.go:70.16,72.3 1 1
github.com/luxfi/consensus/utils/validator/set.go:74.2,88.12 8 35
github.com/luxfi/consensus/utils/validator/set.go:91.68,96.2 3 4
github.com/luxfi/consensus/utils/validator/set.go:98.68,100.17 2 4
github.com/luxfi/consensus/utils/validator/set.go:100.17,102.3 1 0
github.com/luxfi/consensus/utils/validator/set.go:104.2,106.16 3 4
github.com/luxfi/consensus/utils/validator/set.go:106.16,108.3 1 0
github.com/luxfi/consensus/utils/validator/set.go:109.2,115.12 6 4
github.com/luxfi/consensus/utils/validator/set.go:118.54,123.2 3 0
github.com/luxfi/consensus/utils/validator/set.go:125.54,126.35 1 4
github.com/luxfi/consensus/utils/validator/set.go:126.35,128.3 1 4
github.com/luxfi/consensus/utils/validator/set.go:129.2,129.10 1 0
github.com/luxfi/consensus/utils/validator/set.go:132.75,137.2 3 2
github.com/luxfi/consensus/utils/validator/set.go:139.75,144.29 2 2
github.com/luxfi/consensus/utils/validator/set.go:144.29,146.17 2 4
github.com/luxfi/consensus/utils/validator/set.go:146.17,148.4 1 1
github.com/luxfi/consensus/utils/validator/set.go:150.2,150.25 1 1
github.com/luxfi/consensus/utils/validator/set.go:153.71,158.2 3 13
github.com/luxfi/consensus/utils/validator/set.go:160.71,162.9 2 13
github.com/luxfi/consensus/utils/validator/set.go:162.9,164.3 1 1
github.com/luxfi/consensus/utils/validator/set.go:166.2,170.16 3 12
github.com/luxfi/consensus/utils/validator/set.go:170.16,172.3 1 1
github.com/luxfi/consensus/utils/validator/set.go:174.2,174.20 1 11
github.com/luxfi/consensus/utils/validator/set.go:174.20,191.3 10 8
github.com/luxfi/consensus/utils/validator/set.go:191.8,196.3 3 3
github.com/luxfi/consensus/utils/validator/set.go:197.2,199.12 3 11
github.com/luxfi/consensus/utils/validator/set.go:202.60,207.2 3 2
github.com/luxfi/consensus/utils/validator/set.go:209.60,211.9 2 2
github.com/luxfi/consensus/utils/validator/set.go:211.9,213.3 1 0
github.com/luxfi/consensus/utils/validator/set.go:214.2,215.25 2 2
github.com/luxfi/consensus/utils/validator/set.go:218.28,223.2 3 18
github.com/luxfi/consensus/utils/validator/set.go:225.28,227.2 1 18
github.com/luxfi/consensus/utils/validator/set.go:229.47,234.2 3 6
github.com/luxfi/consensus/utils/validator/set.go:236.59,241.33 4 4
github.com/luxfi/consensus/utils/validator/set.go:241.33,247.3 1 6
github.com/luxfi/consensus/utils/validator/set.go:248.2,248.12 1 4
github.com/luxfi/consensus/utils/validator/set.go:251.57,256.2 3 5
github.com/luxfi/consensus/utils/validator/set.go:258.57,259.27 1 5
github.com/luxfi/consensus/utils/validator/set.go:259.27,260.57 1 2
github.com/luxfi/consensus/utils/validator/set.go:260.57,262.4 1 0
github.com/luxfi/consensus/utils/validator/set.go:263.3,263.30 1 2
github.com/luxfi/consensus/utils/validator/set.go:266.2,267.9 2 5
github.com/luxfi/consensus/utils/validator/set.go:267.9,269.3 1 1
github.com/luxfi/consensus/utils/validator/set.go:271.2,272.32 2 4
github.com/luxfi/consensus/utils/validator/set.go:272.32,274.3 1 7
github.com/luxfi/consensus/utils/validator/set.go:275.2,275.18 1 4
github.com/luxfi/consensus/utils/validator/set.go:278.48,282.31 3 5
github.com/luxfi/consensus/utils/validator/set.go:282.31,284.3 1 2
github.com/luxfi/consensus/utils/validator/set.go:286.2,286.36 1 3
github.com/luxfi/consensus/utils/validator/set.go:289.34,291.2 1 0
github.com/luxfi/consensus/utils/validator/set.go:293.55,298.2 3 2
github.com/luxfi/consensus/utils/validator/set.go:300.55,308.33 4 2
github.com/luxfi/consensus/utils/validator/set.go:308.33,315.3 1 3
github.com/luxfi/consensus/utils/validator/set.go:317.2,317.20 1 2
github.com/luxfi/consensus/utils/validator/set.go:320.92,325.33 4 3
github.com/luxfi/consensus/utils/validator/set.go:325.33,327.3 1 3
github.com/luxfi/consensus/utils/validator/set.go:330.81,335.33 4 4
github.com/luxfi/consensus/utils/validator/set.go:335.33,337.3 1 3
github.com/luxfi/consensus/utils/validator/set.go:341.90,342.62 1 7
github.com/luxfi/consensus/utils/validator/set.go:342.62,344.3 1 4
github.com/luxfi/consensus/utils/validator/set.go:345.2,345.58 1 7
github.com/luxfi/consensus/utils/validator/set.go:345.58,347.3 1 2
github.com/luxfi/consensus/utils/validator/set.go:351.110,352.62 1 35
github.com/luxfi/consensus/utils/validator/set.go:352.62,354.3 1 5
github.com/luxfi/consensus/utils/validator/set.go:355.2,355.58 1 35
github.com/luxfi/consensus/utils/validator/set.go:355.58,357.3 1 1
github.com/luxfi/consensus/utils/validator/set.go:361.80,362.62 1 8
github.com/luxfi/consensus/utils/validator/set.go:362.62,364.3 1 2
github.com/luxfi/consensus/utils/validator/set.go:365.2,365.58 1 8
github.com/luxfi/consensus/utils/validator/set.go:365.58,367.3 1 1
github.com/luxfi/consensus/utils/validator/set.go:370.49,375.33 4 0
github.com/luxfi/consensus/utils/validator/set.go:375.33,377.3 1 0
github.com/luxfi/consensus/utils/validator/set.go:378.2,378.13 1 0
github.com/luxfi/consensus/utils/validator/state.go:50.54,55.2 1 0
github.com/luxfi/consensus/utils/validator/state.go:57.77,62.2 3 0
github.com/luxfi/consensus/utils/validator/state.go:64.77,69.2 3 0
github.com/luxfi/consensus/utils/validator/state.go:71.88,76.2 3 0
github.com/luxfi/consensus/utils/validator/state.go:82.47,87.2 3 0
github.com/luxfi/consensus/utils/validator/state.go:92.58,97.2 3 0
github.com/luxfi/consensus/utils/validator/state.go:103.46,107.2 1 0
github.com/luxfi/consensus/utils/validator/state.go:109.115,111.2 1 0
github.com/luxfi/consensus/utils/validator/state.go:113.133,116.2 2 0
github.com/luxfi/consensus/utils/validator/traced_state.go:29.61,39.2 1 0
github.com/luxfi/consensus/utils/validator/traced_state.go:41.77,46.2 3 0
github.com/luxfi/consensus/utils/validator/traced_state.go:48.77,53.2 3 0
github.com/luxfi/consensus/utils/validator/traced_state.go:55.88,62.2 3 0
github.com/luxfi/consensus/utils/validator/traced_state.go:68.47,76.2 3 0
github.com/luxfi/consensus/utils/validator/traced_state.go:81.58,88.2 3 0
github.com/luxfi/consensus/validator/logger.go:22.54,24.2 1 0
github.com/luxfi/consensus/validator/logger.go:38.23,45.2 2 0
github.com/luxfi/consensus/validator/logger.go:52.3,53.32 1 0
github.com/luxfi/consensus/validator/logger.go:53.32,55.16 2 0
github.com/luxfi/consensus/validator/logger.go:55.16,57.4 1 0
github.com/luxfi/consensus/validator/logger.go:58.3,64.4 1 0
github.com/luxfi/consensus/validator/logger.go:71.3,72.32 1 0
github.com/luxfi/consensus/validator/logger.go:72.32,78.3 1 0
github.com/luxfi/consensus/validator/logger.go:85.3,86.32 1 0
github.com/luxfi/consensus/validator/logger.go:86.32,93.3 1 0
github.com/luxfi/consensus/validator/manager.go:110.27,114.2 1 25
github.com/luxfi/consensus/validator/manager.go:125.118,126.17 1 50
github.com/luxfi/consensus/validator/manager.go:126.17,128.3 1 1
github.com/luxfi/consensus/validator/manager.go:130.2,134.13 4 49
github.com/luxfi/consensus/validator/manager.go:134.13,137.3 2 29
github.com/luxfi/consensus/validator/manager.go:139.2,139.42 1 49
github.com/luxfi/consensus/validator/manager.go:142.86,143.17 1 6
github.com/luxfi/consensus/validator/manager.go:143.17,145.3 1 1
github.com/luxfi/consensus/validator/manager.go:164.2,168.13 4 5
github.com/luxfi/consensus/validator/manager.go:168.13,170.3 1 0
github.com/luxfi/consensus/validator/manager.go:172.2,172.38 1 5
github.com/luxfi/consensus/validator/manager.go:175.72,179.13 4 2
github.com/luxfi/consensus/validator/manager.go:179.13,181.3 1 1
github.com/luxfi/consensus/validator/manager.go:183.2,183.30 1 1
github.com/luxfi/consensus/validator/manager.go:186.87,190.13 4 4
github.com/luxfi/consensus/validator/manager.go:190.13,192.3 1 2
github.com/luxfi/consensus/validator/manager.go:194.2,194.24 1 2
github.com/luxfi/consensus/validator/manager.go:197.99,201.13 4 2
github.com/luxfi/consensus/validator/manager.go:201.13,203.3 1 0
github.com/luxfi/consensus/validator/manager.go:205.2,205.39 1 2
github.com/luxfi/consensus/validator/manager.go:208.89,209.17 1 14
github.com/luxfi/consensus/validator/manager.go:209.17,211.3 1 1
github.com/luxfi/consensus/validator/manager.go:213.2,217.13 4 13
github.com/luxfi/consensus/validator/manager.go:217.13,219.3 1 0
github.com/luxfi/consensus/validator/manager.go:221.2,221.57 1 13
github.com/luxfi/consensus/validator/manager.go:221.57,223.3 1 2
github.com/luxfi/consensus/validator/manager.go:226.2,226.52 1 11
github.com/luxfi/consensus/validator/manager.go:226.52,228.3 1 5
github.com/luxfi/consensus/validator/manager.go:230.2,230.12 1 11
github.com/luxfi/consensus/validator/manager.go:233.36,238.2 3 7
github.com/luxfi/consensus/validator/manager.go:240.54,244.13 4 14
github.com/luxfi/consensus/validator/manager.go:244.13,246.3 1 7
github.com/luxfi/consensus/validator/manager.go:248.2,248.18 1 7
github.com/luxfi/consensus/validator/manager.go:251.64,255.13 4 9
github.com/luxfi/consensus/validator/manager.go:255.13,257.3 1 0
github.com/luxfi/consensus/validator/manager.go:259.2,259.26 1 9
github.com/luxfi/consensus/validator/manager.go:262.75,263.15 1 6
github.com/luxfi/consensus/validator/manager.go:263.15,265.3 1 1
github.com/luxfi/consensus/validator/manager.go:267.2,270.13 4 5
github.com/luxfi/consensus/validator/manager.go:270.13,272.3 1 0
github.com/luxfi/consensus/validator/manager.go:274.2,274.25 1 5
github.com/luxfi/consensus/validator/manager.go:277.78,281.13 4 6
github.com/luxfi/consensus/validator/manager.go:281.13,283.3 1 2
github.com/luxfi/consensus/validator/manager.go:285.2,285.18 1 4
github.com/luxfi/consensus/validator/manager.go:288.78,293.37 4 4
github.com/luxfi/consensus/validator/manager.go:293.37,295.3 1 3
github.com/luxfi/consensus/validator/manager.go:298.94,303.13 4 4
github.com/luxfi/consensus/validator/manager.go:303.13,306.3 2 1
github.com/luxfi/consensus/validator/manager.go:308.2,308.40 1 4
github.com/luxfi/consensus/validator/manager.go:311.35,323.35 7 1
github.com/luxfi/consensus/validator/manager.go:323.35,330.3 2 2
github.com/luxfi/consensus/validator/manager.go:332.2,332.20 1 1
github.com/luxfi/consensus/validator/manager.go:335.65,339.12 4 0
github.com/luxfi/consensus/validator/manager.go:339.12,341.3 1 0
github.com/luxfi/consensus/validator/manager.go:343.2,343.31 1 0
github.com/luxfi/consensus/validator/set.go:29.83,37.2 1 47
github.com/luxfi/consensus/validator/set.go:55.94,60.2 3 77
github.com/luxfi/consensus/validator/set.go:62.94,64.16 2 77
github.com/luxfi/consensus/validator/set.go:64.16,66.3 1 2
github.com/luxfi/consensus/validator/set.go:68.2,82.12 8 75
github.com/luxfi/consensus/validator/set.go:85.68,90.2 3 8
github.com/luxfi/consensus/validator/set.go:92.68,94.17 2 8
github.com/luxfi/consensus/validator/set.go:94.17,96.3 1 0
github.com/luxfi/consensus/validator/set.go:98.2,100.16 3 8
github.com/luxfi/consensus/validator/set.go:100.16,102.3 1 0
github.com/luxfi/consensus/validator/set.go:103.2,109.12 6 8
github.com/luxfi/consensus/validator/set.go:112.54,117.2 3 3
github.com/luxfi/consensus/validator/set.go:119.54,120.35 1 9
github.com/luxfi/consensus/validator/set.go:120.35,122.3 1 8
github.com/luxfi/consensus/validator/set.go:123.2,123.10 1 1
github.com/luxfi/consensus/validator/set.go:126.75,131.2 3 3
github.com/luxfi/consensus/validator/set.go:133.75,138.29 2 3
github.com/luxfi/consensus/validator/set.go:138.29,140.17 2 6
github.com/luxfi/consensus/validator/set.go:140.17,142.4 1 1
github.com/luxfi/consensus/validator/set.go:144.2,144.25 1 2
github.com/luxfi/consensus/validator/set.go:147.71,152.2 3 23
github.com/luxfi/consensus/validator/set.go:154.71,156.9 2 23
github.com/luxfi/consensus/validator/set.go:156.9,158.3 1 2
github.com/luxfi/consensus/validator/set.go:160.2,164.16 3 21
github.com/luxfi/consensus/validator/set.go:164.16,166.3 1 2
github.com/luxfi/consensus/validator/set.go:168.2,168.20 1 19
github.com/luxfi/consensus/validator/set.go:168.20,185.3 10 14
github.com/luxfi/consensus/validator/set.go:185.8,190.3 3 5
github.com/luxfi/consensus/validator/set.go:191.2,193.12 3 19
github.com/luxfi/consensus/validator/set.go:196.60,201.2 3 6
github.com/luxfi/consensus/validator/set.go:203.60,205.9 2 6
github.com/luxfi/consensus/validator/set.go:205.9,207.3 1 2
github.com/luxfi/consensus/validator/set.go:208.2,209.25 2 4
github.com/luxfi/consensus/validator/set.go:212.28,217.2 3 23
github.com/luxfi/consensus/validator/set.go:219.28,221.2 1 23
github.com/luxfi/consensus/validator/set.go:223.47,228.2 3 14
github.com/luxfi/consensus/validator/set.go:230.59,235.33 4 10
github.com/luxfi/consensus/validator/set.go:235.33,241.3 1 12
github.com/luxfi/consensus/validator/set.go:242.2,242.12 1 10
github.com/luxfi/consensus/validator/set.go:245.57,250.2 3 11
github.com/luxfi/consensus/validator/set.go:252.57,253.27 1 11
github.com/luxfi/consensus/validator/set.go:253.27,254.57 1 5
github.com/luxfi/consensus/validator/set.go:254.57,256.4 1 0
github.com/luxfi/consensus/validator/set.go:257.3,257.30 1 5
github.com/luxfi/consensus/validator/set.go:260.2,261.9 2 11
github.com/luxfi/consensus/validator/set.go:261.9,263.3 1 2
github.com/luxfi/consensus/validator/set.go:265.2,266.32 2 9
github.com/luxfi/consensus/validator/set.go:266.32,268.3 1 14
github.com/luxfi/consensus/validator/set.go:269.2,269.18 1 9
github.com/luxfi/consensus/validator/set.go:272.48,276.31 3 13
github.com/luxfi/consensus/validator/set.go:276.31,278.3 1 4
github.com/luxfi/consensus/validator/set.go:280.2,280.36 1 9
github.com/luxfi/consensus/validator/set.go:283.34,285.2 1 1
github.com/luxfi/consensus/validator/set.go:287.55,292.2 3 3
github.com/luxfi/consensus/validator/set.go:294.55,302.33 4 3
github.com/luxfi/consensus/validator/set.go:302.33,309.3 1 5
github.com/luxfi/consensus/validator/set.go:311.2,311.20 1 3
github.com/luxfi/consensus/validator/set.go:314.92,319.33 4 3
github.com/luxfi/consensus/validator/set.go:319.33,321.3 1 3
github.com/luxfi/consensus/validator/set.go:324.81,329.33 4 8
github.com/luxfi/consensus/validator/set.go:329.33,331.3 1 6
github.com/luxfi/consensus/validator/set.go:335.90,336.62 1 13
github.com/luxfi/consensus/validator/set.go:336.62,338.3 1 4
github.com/luxfi/consensus/validator/set.go:339.2,339.58 1 13
github.com/luxfi/consensus/validator/set.go:339.58,341.3 1 4
github.com/luxfi/consensus/validator/set.go:345.110,346.62 1 75
github.com/luxfi/consensus/validator/set.go:346.62,348.3 1 5
github.com/luxfi/consensus/validator/set.go:349.2,349.58 1 75
github.com/luxfi/consensus/validator/set.go:349.58,351.3 1 2
github.com/luxfi/consensus/validator/set.go:355.80,356.62 1 14
github.com/luxfi/consensus/validator/set.go:356.62,358.3 1 2
github.com/luxfi/consensus/validator/set.go:359.2,359.58 1 14
github.com/luxfi/consensus/validator/set.go:359.58,361.3 1 2
github.com/luxfi/consensus/validator/set.go:364.49,369.33 4 0
github.com/luxfi/consensus/validator/set.go:369.33,371.3 1 0
github.com/luxfi/consensus/validator/set.go:372.2,372.13 1 0
github.com/luxfi/consensus/validator/state.go:50.54,55.2 1 0
github.com/luxfi/consensus/validator/state.go:57.77,62.2 3 0
github.com/luxfi/consensus/validator/state.go:64.77,69.2 3 0
github.com/luxfi/consensus/validator/state.go:71.88,76.2 3 0
github.com/luxfi/consensus/validator/state.go:82.47,87.2 3 0
github.com/luxfi/consensus/validator/state.go:92.58,97.2 3 0
github.com/luxfi/consensus/validator/state.go:103.46,107.2 1 0
github.com/luxfi/consensus/validator/state.go:109.115,111.2 1 0
github.com/luxfi/consensus/validator/state.go:113.133,116.2 2 0
github.com/luxfi/consensus/validator/traced_state.go:29.61,39.2 1 0
github.com/luxfi/consensus/validator/traced_state.go:41.77,46.2 3 0
github.com/luxfi/consensus/validator/traced_state.go:48.77,53.2 3 0
github.com/luxfi/consensus/validator/traced_state.go:55.88,62.2 3 0
github.com/luxfi/consensus/validator/traced_state.go:68.47,76.2 3 0
github.com/luxfi/consensus/validator/traced_state.go:81.58,88.2 3 0
