mode: atomic
github.com/luxfi/consensus/cmd/bench/main.go:34.13,51.11 3 0
github.com/luxfi/consensus/cmd/bench/main.go:51.11,54.3 2 0
github.com/luxfi/consensus/cmd/bench/main.go:57.2,57.40 1 0
github.com/luxfi/consensus/cmd/bench/main.go:57.40,60.3 2 0
github.com/luxfi/consensus/cmd/bench/main.go:62.2,68.62 6 0
github.com/luxfi/consensus/cmd/bench/main.go:68.62,73.3 4 0
github.com/luxfi/consensus/cmd/bench/main.go:74.2,76.30 2 0
github.com/luxfi/consensus/cmd/bench/main.go:77.18,78.71 1 0
github.com/luxfi/consensus/cmd/bench/main.go:79.19,80.104 1 0
github.com/luxfi/consensus/cmd/bench/main.go:81.18,82.83 1 0
github.com/luxfi/consensus/cmd/bench/main.go:83.19,84.60 1 0
github.com/luxfi/consensus/cmd/bench/main.go:85.15,93.60 8 0
github.com/luxfi/consensus/cmd/bench/main.go:94.10,96.13 2 0
github.com/luxfi/consensus/cmd/bench/main.go:100.18,116.2 15 0
github.com/luxfi/consensus/cmd/bench/main.go:119.108,124.42 3 0
github.com/luxfi/consensus/cmd/bench/main.go:124.42,135.33 8 0
github.com/luxfi/consensus/cmd/bench/main.go:135.33,137.14 2 0
github.com/luxfi/consensus/cmd/bench/main.go:137.14,140.62 2 0
github.com/luxfi/consensus/cmd/bench/main.go:140.62,141.58 1 0
github.com/luxfi/consensus/cmd/bench/main.go:141.58,143.7 1 0
github.com/luxfi/consensus/cmd/bench/main.go:143.12,145.7 1 0
github.com/luxfi/consensus/cmd/bench/main.go:149.3,157.53 7 0
github.com/luxfi/consensus/cmd/bench/main.go:162.146,165.47 2 0
github.com/luxfi/consensus/cmd/bench/main.go:165.47,168.3 2 0
github.com/luxfi/consensus/cmd/bench/main.go:170.2,174.30 4 0
github.com/luxfi/consensus/cmd/bench/main.go:174.30,177.14 2 0
github.com/luxfi/consensus/cmd/bench/main.go:177.14,179.4 1 0
github.com/luxfi/consensus/cmd/bench/main.go:182.3,183.43 2 0
github.com/luxfi/consensus/cmd/bench/main.go:183.43,187.34 3 0
github.com/luxfi/consensus/cmd/bench/main.go:187.34,189.16 2 0
github.com/luxfi/consensus/cmd/bench/main.go:189.16,191.6 1 0
github.com/luxfi/consensus/cmd/bench/main.go:192.5,192.10 1 0
github.com/luxfi/consensus/cmd/bench/main.go:196.3,196.14 1 0
github.com/luxfi/consensus/cmd/bench/main.go:196.14,198.4 1 0
github.com/luxfi/consensus/cmd/bench/main.go:201.2,216.111 13 0
github.com/luxfi/consensus/cmd/bench/main.go:220.127,226.42 4 0
github.com/luxfi/consensus/cmd/bench/main.go:226.42,238.33 9 0
github.com/luxfi/consensus/cmd/bench/main.go:238.33,240.26 2 0
github.com/luxfi/consensus/cmd/bench/main.go:240.26,244.62 3 0
github.com/luxfi/consensus/cmd/bench/main.go:244.62,246.36 1 0
github.com/luxfi/consensus/cmd/bench/main.go:246.36,248.18 2 0
github.com/luxfi/consensus/cmd/bench/main.go:248.18,250.8 1 0
github.com/luxfi/consensus/cmd/bench/main.go:252.7,254.15 3 0
github.com/luxfi/consensus/cmd/bench/main.go:257.6,257.48 1 0
github.com/luxfi/consensus/cmd/bench/main.go:257.48,259.7 1 0
github.com/luxfi/consensus/cmd/bench/main.go:263.3,273.112 9 0
github.com/luxfi/consensus/cmd/bench/main.go:278.98,290.42 4 0
github.com/luxfi/consensus/cmd/bench/main.go:290.42,295.37 4 0
github.com/luxfi/consensus/cmd/bench/main.go:295.37,303.32 6 0
github.com/luxfi/consensus/cmd/bench/main.go:303.32,309.47 3 0
github.com/luxfi/consensus/cmd/bench/main.go:309.47,312.6 2 0
github.com/luxfi/consensus/cmd/bench/main.go:315.4,319.65 4 0
github.com/luxfi/consensus/cmd/bench/main.go:326.66,329.20 2 0
github.com/luxfi/consensus/cmd/bench/main.go:330.15,331.41 1 0
github.com/luxfi/consensus/cmd/bench/main.go:331.41,331.63 1 0
github.com/luxfi/consensus/cmd/bench/main.go:332.13,333.39 1 0
github.com/luxfi/consensus/cmd/bench/main.go:333.39,333.59 1 0
github.com/luxfi/consensus/cmd/bench/main.go:334.12,335.38 1 0
github.com/luxfi/consensus/cmd/bench/main.go:335.38,335.57 1 0
github.com/luxfi/consensus/cmd/bench/main.go:336.13,337.41 1 0
github.com/luxfi/consensus/cmd/bench/main.go:337.41,337.63 1 0
github.com/luxfi/consensus/cmd/bench/main.go:338.3,338.39 1 0
github.com/luxfi/consensus/cmd/bench/main.go:338.39,338.59 1 0
github.com/luxfi/consensus/cmd/bench/main.go:339.3,339.38 1 0
github.com/luxfi/consensus/cmd/bench/main.go:339.38,339.57 1 0
github.com/luxfi/consensus/cmd/bench/main.go:342.2,342.16 1 0
github.com/luxfi/consensus/cmd/bench/main.go:345.85,349.28 2 0
github.com/luxfi/consensus/cmd/bench/main.go:350.25,351.61 1 0
github.com/luxfi/consensus/cmd/bench/main.go:352.20,353.62 1 0
github.com/luxfi/consensus/cmd/bench/main.go:354.27,356.20 2 0
github.com/luxfi/consensus/cmd/bench/main.go:357.10,358.15 1 0
github.com/luxfi/consensus/cmd/bench/main.go:390.109,393.9 2 0
github.com/luxfi/consensus/cmd/bench/main.go:394.26,395.32 1 0
github.com/luxfi/consensus/cmd/bench/main.go:396.27,397.34 1 0
github.com/luxfi/consensus/cmd/bench/main.go:398.10,399.34 1 0
github.com/luxfi/consensus/cmd/bench/main.go:402.2,402.30 1 0
github.com/luxfi/consensus/cmd/bench/main.go:402.30,404.3 1 0
github.com/luxfi/consensus/cmd/bench/main.go:406.2,413.37 2 0
github.com/luxfi/consensus/cmd/bench/main.go:413.37,419.3 1 0
github.com/luxfi/consensus/cmd/bench/main.go:421.2,421.11 1 0
github.com/luxfi/consensus/cmd/bench/main.go:424.87,434.2 3 0
github.com/luxfi/consensus/cmd/bench/main.go:436.89,441.36 4 0
github.com/luxfi/consensus/cmd/bench/main.go:441.36,443.32 2 0
github.com/luxfi/consensus/cmd/bench/main.go:443.32,450.41 3 0
github.com/luxfi/consensus/cmd/bench/main.go:450.41,452.5 1 0
github.com/luxfi/consensus/cmd/bench/main.go:455.4,455.21 1 0
github.com/luxfi/consensus/cmd/bench/main.go:458.2,458.11 1 0
github.com/luxfi/consensus/cmd/bench/main.go:461.84,468.2 5 0
github.com/luxfi/consensus/cmd/bench/main.go:470.65,477.2 5 0
github.com/luxfi/consensus/cmd/bench/main.go:479.85,489.2 6 0
github.com/luxfi/consensus/cmd/bench/main.go:491.73,492.28 1 0
github.com/luxfi/consensus/cmd/bench/main.go:492.28,494.3 1 0
github.com/luxfi/consensus/cmd/bench/main.go:496.2,497.25 2 0
github.com/luxfi/consensus/cmd/bench/main.go:497.25,499.3 1 0
github.com/luxfi/consensus/cmd/bench/main.go:501.2,501.16 1 0
github.com/luxfi/consensus/choices/choices.go:14.33,15.11 1 0
github.com/luxfi/consensus/choices/choices.go:16.15,17.19 1 0
github.com/luxfi/consensus/choices/choices.go:18.18,19.22 1 0
github.com/luxfi/consensus/choices/choices.go:20.16,21.20 1 0
github.com/luxfi/consensus/choices/choices.go:22.16,23.20 1 0
github.com/luxfi/consensus/choices/choices.go:24.10,25.19 1 0
github.com/luxfi/consensus/cmd/checker/main.go:28.13,41.11 3 0
github.com/luxfi/consensus/cmd/checker/main.go:41.11,44.3 2 0
github.com/luxfi/consensus/cmd/checker/main.go:46.2,52.68 6 0
github.com/luxfi/consensus/cmd/checker/main.go:52.68,54.3 1 0
github.com/luxfi/consensus/cmd/checker/main.go:55.2,62.27 5 0
github.com/luxfi/consensus/cmd/checker/main.go:63.19,64.72 1 0
github.com/luxfi/consensus/cmd/checker/main.go:65.21,66.74 1 0
github.com/luxfi/consensus/cmd/checker/main.go:67.21,68.74 1 0
github.com/luxfi/consensus/cmd/checker/main.go:69.22,70.96 1 0
github.com/luxfi/consensus/cmd/checker/main.go:71.16,74.65 2 0
github.com/luxfi/consensus/cmd/checker/main.go:74.65,76.4 1 0
github.com/luxfi/consensus/cmd/checker/main.go:77.3,79.67 2 0
github.com/luxfi/consensus/cmd/checker/main.go:79.67,81.4 1 0
github.com/luxfi/consensus/cmd/checker/main.go:82.3,84.67 2 0
github.com/luxfi/consensus/cmd/checker/main.go:84.67,86.4 1 0
github.com/luxfi/consensus/cmd/checker/main.go:87.3,89.89 2 0
github.com/luxfi/consensus/cmd/checker/main.go:89.89,91.4 1 0
github.com/luxfi/consensus/cmd/checker/main.go:92.10,94.13 2 0
github.com/luxfi/consensus/cmd/checker/main.go:97.2,98.15 2 0
github.com/luxfi/consensus/cmd/checker/main.go:98.15,101.3 2 0
github.com/luxfi/consensus/cmd/checker/main.go:101.8,104.3 2 0
github.com/luxfi/consensus/cmd/checker/main.go:107.18,126.2 18 0
github.com/luxfi/consensus/cmd/checker/main.go:129.101,136.31 5 0
github.com/luxfi/consensus/cmd/checker/main.go:136.31,141.35 3 0
github.com/luxfi/consensus/cmd/checker/main.go:141.35,143.4 1 0
github.com/luxfi/consensus/cmd/checker/main.go:146.3,149.43 3 0
github.com/luxfi/consensus/cmd/checker/main.go:149.43,154.31 3 0
github.com/luxfi/consensus/cmd/checker/main.go:154.31,156.43 2 0
github.com/luxfi/consensus/cmd/checker/main.go:156.43,159.25 2 0
github.com/luxfi/consensus/cmd/checker/main.go:159.25,163.7 3 0
github.com/luxfi/consensus/cmd/checker/main.go:166.4,169.32 2 0
github.com/luxfi/consensus/cmd/checker/main.go:169.32,171.16 2 0
github.com/luxfi/consensus/cmd/checker/main.go:171.16,172.48 1 0
github.com/luxfi/consensus/cmd/checker/main.go:172.48,174.7 1 0
github.com/luxfi/consensus/cmd/checker/main.go:176.5,177.10 2 0
github.com/luxfi/consensus/cmd/checker/main.go:181.3,181.16 1 0
github.com/luxfi/consensus/cmd/checker/main.go:181.16,183.4 1 0
github.com/luxfi/consensus/cmd/checker/main.go:186.2,186.18 1 0
github.com/luxfi/consensus/cmd/checker/main.go:190.103,197.31 5 0
github.com/luxfi/consensus/cmd/checker/main.go:197.31,202.35 3 0
github.com/luxfi/consensus/cmd/checker/main.go:202.35,204.4 1 0
github.com/luxfi/consensus/cmd/checker/main.go:207.3,210.43 3 0
github.com/luxfi/consensus/cmd/checker/main.go:210.43,215.55 3 0
github.com/luxfi/consensus/cmd/checker/main.go:215.55,217.32 2 0
github.com/luxfi/consensus/cmd/checker/main.go:217.32,218.28 1 0
github.com/luxfi/consensus/cmd/checker/main.go:218.28,220.7 1 0
github.com/luxfi/consensus/cmd/checker/main.go:224.5,224.51 1 0
github.com/luxfi/consensus/cmd/checker/main.go:224.51,226.11 2 0
github.com/luxfi/consensus/cmd/checker/main.go:230.4,230.18 1 0
github.com/luxfi/consensus/cmd/checker/main.go:230.18,232.16 2 0
github.com/luxfi/consensus/cmd/checker/main.go:232.16,234.6 1 0
github.com/luxfi/consensus/cmd/checker/main.go:238.3,239.27 2 0
github.com/luxfi/consensus/cmd/checker/main.go:239.27,241.4 1 0
github.com/luxfi/consensus/cmd/checker/main.go:241.9,244.4 2 0
github.com/luxfi/consensus/cmd/checker/main.go:247.2,247.18 1 0
github.com/luxfi/consensus/cmd/checker/main.go:251.103,258.42 5 0
github.com/luxfi/consensus/cmd/checker/main.go:258.42,262.23 2 0
github.com/luxfi/consensus/cmd/checker/main.go:262.23,264.55 2 0
github.com/luxfi/consensus/cmd/checker/main.go:264.55,274.19 4 0
github.com/luxfi/consensus/cmd/checker/main.go:274.19,277.14 3 0
github.com/luxfi/consensus/cmd/checker/main.go:281.5,281.38 1 0
github.com/luxfi/consensus/cmd/checker/main.go:281.38,284.14 3 0
github.com/luxfi/consensus/cmd/checker/main.go:288.5,292.38 3 0
github.com/luxfi/consensus/cmd/checker/main.go:292.38,295.6 2 0
github.com/luxfi/consensus/cmd/checker/main.go:295.11,297.6 1 0
github.com/luxfi/consensus/cmd/checker/main.go:299.9,303.44 2 0
github.com/luxfi/consensus/cmd/checker/main.go:303.44,308.18 3 0
github.com/luxfi/consensus/cmd/checker/main.go:308.18,310.44 1 0
github.com/luxfi/consensus/cmd/checker/main.go:310.44,315.37 2 0
github.com/luxfi/consensus/cmd/checker/main.go:315.37,317.19 1 0
github.com/luxfi/consensus/cmd/checker/main.go:317.19,319.9 1 0
github.com/luxfi/consensus/cmd/checker/main.go:321.7,321.12 1 0
github.com/luxfi/consensus/cmd/checker/main.go:326.4,326.64 1 0
github.com/luxfi/consensus/cmd/checker/main.go:330.2,330.18 1 0
github.com/luxfi/consensus/cmd/checker/main.go:334.140,338.27 3 0
github.com/luxfi/consensus/cmd/checker/main.go:338.27,340.3 1 0
github.com/luxfi/consensus/cmd/checker/main.go:342.2,345.31 3 0
github.com/luxfi/consensus/cmd/checker/main.go:345.31,351.14 4 0
github.com/luxfi/consensus/cmd/checker/main.go:351.14,353.4 1 0
github.com/luxfi/consensus/cmd/checker/main.go:356.3,357.35 2 0
github.com/luxfi/consensus/cmd/checker/main.go:357.35,359.26 2 0
github.com/luxfi/consensus/cmd/checker/main.go:359.26,361.5 1 0
github.com/luxfi/consensus/cmd/checker/main.go:364.3,365.43 2 0
github.com/luxfi/consensus/cmd/checker/main.go:365.43,370.31 4 0
github.com/luxfi/consensus/cmd/checker/main.go:370.31,371.23 1 0
github.com/luxfi/consensus/cmd/checker/main.go:371.23,373.37 1 0
github.com/luxfi/consensus/cmd/checker/main.go:373.37,375.7 1 0
github.com/luxfi/consensus/cmd/checker/main.go:376.11,378.28 1 0
github.com/luxfi/consensus/cmd/checker/main.go:378.28,380.7 1 0
github.com/luxfi/consensus/cmd/checker/main.go:385.4,386.55 2 0
github.com/luxfi/consensus/cmd/checker/main.go:386.55,388.5 1 0
github.com/luxfi/consensus/cmd/checker/main.go:391.3,394.35 3 0
github.com/luxfi/consensus/cmd/checker/main.go:394.35,397.4 1 0
github.com/luxfi/consensus/cmd/checker/main.go:397.9,401.4 2 0
github.com/luxfi/consensus/cmd/checker/main.go:404.2,404.18 1 0
github.com/luxfi/consensus/cmd/checker/main.go:416.61,422.2 1 0
github.com/luxfi/consensus/cmd/checker/main.go:424.51,428.17 3 0
github.com/luxfi/consensus/cmd/checker/main.go:428.17,431.3 1 0
github.com/luxfi/consensus/cmd/checker/main.go:434.2,435.13 2 0
github.com/luxfi/consensus/cmd/checker/main.go:440.66,443.20 2 0
github.com/luxfi/consensus/cmd/checker/main.go:444.14,445.40 1 0
github.com/luxfi/consensus/cmd/checker/main.go:445.40,445.77 1 0
github.com/luxfi/consensus/cmd/checker/main.go:446.16,447.42 1 0
github.com/luxfi/consensus/cmd/checker/main.go:447.42,447.77 1 0
github.com/luxfi/consensus/cmd/checker/main.go:448.16,449.42 1 0
github.com/luxfi/consensus/cmd/checker/main.go:449.42,449.76 1 0
github.com/luxfi/consensus/cmd/checker/main.go:450.13,451.40 1 0
github.com/luxfi/consensus/cmd/checker/main.go:451.40,451.77 1 0
github.com/luxfi/consensus/cmd/checker/main.go:452.3,452.42 1 0
github.com/luxfi/consensus/cmd/checker/main.go:452.42,452.77 1 0
github.com/luxfi/consensus/cmd/checker/main.go:453.3,453.42 1 0
github.com/luxfi/consensus/cmd/checker/main.go:453.42,453.76 1 0
github.com/luxfi/consensus/cmd/checker/main.go:456.2,456.16 1 0
github.com/luxfi/consensus/cmd/checker/main.go:459.40,462.22 3 0
github.com/luxfi/consensus/cmd/checker/main.go:462.22,464.3 1 0
github.com/luxfi/consensus/cmd/checker/main.go:465.2,465.18 1 0
github.com/luxfi/consensus/cmd/params/main.go:12.13,20.11 3 0
github.com/luxfi/consensus/cmd/params/main.go:20.11,23.3 2 0
github.com/luxfi/consensus/cmd/params/main.go:25.2,26.18 2 0
github.com/luxfi/consensus/cmd/params/main.go:27.17,28.34 1 0
github.com/luxfi/consensus/cmd/params/main.go:29.17,30.34 1 0
github.com/luxfi/consensus/cmd/params/main.go:31.15,32.32 1 0
github.com/luxfi/consensus/cmd/params/main.go:33.16,34.33 1 0
github.com/luxfi/consensus/cmd/params/main.go:35.10,38.13 3 0
github.com/luxfi/consensus/cmd/params/main.go:41.2,41.11 1 0
github.com/luxfi/consensus/cmd/params/main.go:41.11,43.3 1 0
github.com/luxfi/consensus/cmd/params/main.go:43.8,45.3 1 0
github.com/luxfi/consensus/cmd/params/main.go:48.18,60.2 11 0
github.com/luxfi/consensus/cmd/params/main.go:62.38,69.27 6 0
github.com/luxfi/consensus/cmd/params/main.go:69.27,71.3 1 0
github.com/luxfi/consensus/cmd/params/main.go:72.2,72.27 1 0
github.com/luxfi/consensus/cmd/params/main.go:72.27,74.3 1 0
github.com/luxfi/consensus/cmd/params/main.go:75.2,75.24 1 0
github.com/luxfi/consensus/cmd/params/main.go:75.24,77.3 1 0
github.com/luxfi/consensus/cmd/params/main.go:78.2,78.21 1 0
github.com/luxfi/consensus/cmd/params/main.go:78.21,80.3 1 0
github.com/luxfi/consensus/cmd/params/main.go:81.2,81.27 1 0
github.com/luxfi/consensus/cmd/params/main.go:81.27,83.3 1 0
github.com/luxfi/consensus/cmd/params/main.go:84.2,84.29 1 0
github.com/luxfi/consensus/cmd/params/main.go:84.29,86.3 1 0
github.com/luxfi/consensus/cmd/params/main.go:87.2,87.29 1 0
github.com/luxfi/consensus/cmd/params/main.go:87.29,89.3 1 0
github.com/luxfi/consensus/cmd/params/main.go:90.2,90.31 1 0
github.com/luxfi/consensus/cmd/params/main.go:90.31,92.3 1 0
github.com/luxfi/consensus/cmd/params/main.go:93.2,93.19 1 0
github.com/luxfi/consensus/cmd/params/main.go:93.19,95.3 1 0
github.com/luxfi/consensus/cmd/params/main.go:96.2,96.21 1 0
github.com/luxfi/consensus/cmd/params/main.go:96.21,98.3 1 0
github.com/luxfi/consensus/cmd/params/main.go:101.37,123.2 1 0
github.com/luxfi/consensus/codec/codec.go:24.82,25.31 1 0
github.com/luxfi/consensus/codec/codec.go:25.31,27.3 1 0
github.com/luxfi/consensus/codec/codec.go:28.2,28.24 1 0
github.com/luxfi/consensus/codec/codec.go:32.81,35.2 2 0
github.com/luxfi/consensus/cmd/sim/main.go:19.13,34.11 3 0
github.com/luxfi/consensus/cmd/sim/main.go:34.11,37.3 2 0
github.com/luxfi/consensus/cmd/sim/main.go:39.2,39.34 1 0
github.com/luxfi/consensus/cmd/sim/main.go:39.34,42.3 2 0
github.com/luxfi/consensus/cmd/sim/main.go:45.2,58.97 11 0
github.com/luxfi/consensus/cmd/sim/main.go:61.18,88.2 26 0
github.com/luxfi/consensus/cmd/sim/main.go:90.57,91.17 1 0
github.com/luxfi/consensus/cmd/sim/main.go:92.17,93.32 1 0
github.com/luxfi/consensus/cmd/sim/main.go:94.17,95.32 1 0
github.com/luxfi/consensus/cmd/sim/main.go:96.15,97.30 1 0
github.com/luxfi/consensus/cmd/sim/main.go:98.10,100.32 2 0
github.com/luxfi/consensus/cmd/sim/main.go:129.188,132.42 2 0
github.com/luxfi/consensus/cmd/sim/main.go:132.42,147.44 5 0
github.com/luxfi/consensus/cmd/sim/main.go:147.44,148.15 1 0
github.com/luxfi/consensus/cmd/sim/main.go:148.15,150.5 1 0
github.com/luxfi/consensus/cmd/sim/main.go:152.4,154.15 2 0
github.com/luxfi/consensus/cmd/sim/main.go:154.15,156.5 1 0
github.com/luxfi/consensus/cmd/sim/main.go:158.3,161.32 2 0
github.com/luxfi/consensus/cmd/sim/main.go:165.71,168.20 2 0
github.com/luxfi/consensus/cmd/sim/main.go:169.14,170.45 1 0
github.com/luxfi/consensus/cmd/sim/main.go:170.45,170.82 1 0
github.com/luxfi/consensus/cmd/sim/main.go:171.16,172.47 1 0
github.com/luxfi/consensus/cmd/sim/main.go:172.47,172.82 1 0
github.com/luxfi/consensus/cmd/sim/main.go:173.16,174.47 1 0
github.com/luxfi/consensus/cmd/sim/main.go:174.47,174.81 1 0
github.com/luxfi/consensus/cmd/sim/main.go:175.13,176.45 1 0
github.com/luxfi/consensus/cmd/sim/main.go:176.45,176.82 1 0
github.com/luxfi/consensus/cmd/sim/main.go:177.3,177.47 1 0
github.com/luxfi/consensus/cmd/sim/main.go:177.47,177.82 1 0
github.com/luxfi/consensus/cmd/sim/main.go:178.3,178.47 1 0
github.com/luxfi/consensus/cmd/sim/main.go:178.47,178.81 1 0
github.com/luxfi/consensus/cmd/sim/main.go:181.2,181.16 1 0
github.com/luxfi/consensus/cmd/sim/main.go:184.150,188.29 3 0
github.com/luxfi/consensus/cmd/sim/main.go:188.29,202.3 4 0
github.com/luxfi/consensus/cmd/sim/main.go:204.2,204.16 1 0
github.com/luxfi/consensus/cmd/sim/main.go:207.119,208.30 1 0
github.com/luxfi/consensus/cmd/sim/main.go:208.30,219.42 5 0
github.com/luxfi/consensus/cmd/sim/main.go:219.42,226.4 5 0
github.com/luxfi/consensus/cmd/sim/main.go:228.3,228.33 1 0
github.com/luxfi/consensus/cmd/sim/main.go:232.64,234.31 2 0
github.com/luxfi/consensus/cmd/sim/main.go:234.31,235.37 1 0
github.com/luxfi/consensus/cmd/sim/main.go:235.37,237.4 1 0
github.com/luxfi/consensus/cmd/sim/main.go:240.2,240.26 1 0
github.com/luxfi/consensus/cmd/sim/main.go:240.26,242.3 1 0
github.com/luxfi/consensus/cmd/sim/main.go:245.2,246.25 2 0
github.com/luxfi/consensus/cmd/sim/main.go:246.25,250.3 3 0
github.com/luxfi/consensus/cmd/sim/main.go:252.2,252.16 1 0
github.com/luxfi/consensus/cmd/sim/main.go:255.64,260.30 4 0
github.com/luxfi/consensus/cmd/sim/main.go:260.30,262.27 2 0
github.com/luxfi/consensus/cmd/sim/main.go:262.27,269.19 3 0
github.com/luxfi/consensus/cmd/sim/main.go:269.19,270.29 1 0
github.com/luxfi/consensus/cmd/sim/main.go:270.29,274.6 3 0
github.com/luxfi/consensus/cmd/sim/main.go:275.10,280.5 3 0
github.com/luxfi/consensus/cmd/sim/main.go:282.4,284.17 3 0
github.com/luxfi/consensus/cmd/sim/main.go:288.2,289.14 2 0
github.com/luxfi/consensus/cmd/sim/main.go:292.61,295.2 1 0
github.com/luxfi/consensus/cmd/sim/main.go:297.73,304.37 5 0
github.com/luxfi/consensus/cmd/sim/main.go:304.37,306.44 2 0
github.com/luxfi/consensus/cmd/sim/main.go:306.44,308.4 1 0
github.com/luxfi/consensus/cmd/sim/main.go:309.3,313.72 3 0
github.com/luxfi/consensus/cmd/sim/main.go:316.2,323.71 6 0
github.com/luxfi/consensus/cmd/sim/main.go:326.14,329.2 0 0
github.com/luxfi/consensus/core/health.go:21.39,22.11 1 0
github.com/luxfi/consensus/core/health.go:23.21,24.19 1 0
github.com/luxfi/consensus/core/health.go:25.23,26.21 1 0
github.com/luxfi/consensus/core/health.go:27.10,28.19 1 0
github.com/luxfi/consensus/core/status.go:24.33,25.11 1 0
github.com/luxfi/consensus/core/status.go:26.21,27.19 1 0
github.com/luxfi/consensus/core/status.go:28.24,29.22 1 0
github.com/luxfi/consensus/core/status.go:30.22,31.20 1 0
github.com/luxfi/consensus/core/status.go:32.22,33.20 1 0
github.com/luxfi/consensus/core/status.go:34.10,35.19 1 0
github.com/luxfi/consensus/core/status.go:40.32,42.2 1 0
github.com/luxfi/consensus/core/test_decidable.go:17.49,21.43 1 0
github.com/luxfi/consensus/core/test_decidable.go:21.43,21.57 1 0
github.com/luxfi/consensus/core/test_decidable.go:22.43,22.57 1 0
github.com/luxfi/consensus/core/test_decidable.go:27.37,29.2 1 0
github.com/luxfi/consensus/core/test_decidable.go:32.59,33.25 1 0
github.com/luxfi/consensus/core/test_decidable.go:33.25,34.43 1 0
github.com/luxfi/consensus/core/test_decidable.go:34.43,36.4 1 0
github.com/luxfi/consensus/core/test_decidable.go:38.2,39.12 2 0
github.com/luxfi/consensus/core/test_decidable.go:43.59,44.25 1 0
github.com/luxfi/consensus/core/test_decidable.go:44.25,45.43 1 0
github.com/luxfi/consensus/core/test_decidable.go:45.43,47.4 1 0
github.com/luxfi/consensus/core/test_decidable.go:49.2,50.12 2 0
github.com/luxfi/consensus/core/test_decidable.go:54.41,56.2 1 0
github.com/luxfi/consensus/core/dag/flare.go:13.59,17.25 4 0
github.com/luxfi/consensus/core/dag/flare.go:17.25,18.62 1 0
github.com/luxfi/consensus/core/dag/flare.go:18.62,20.26 2 0
github.com/luxfi/consensus/core/dag/flare.go:20.26,22.5 1 0
github.com/luxfi/consensus/core/dag/flare.go:25.2,25.14 1 0
github.com/luxfi/consensus/core/dag/flare.go:28.52,32.25 4 0
github.com/luxfi/consensus/core/dag/flare.go:32.25,33.63 1 0
github.com/luxfi/consensus/core/dag/flare.go:33.63,35.22 2 0
github.com/luxfi/consensus/core/dag/flare.go:35.22,37.5 1 0
github.com/luxfi/consensus/core/dag/flare.go:40.2,40.14 1 0
github.com/luxfi/consensus/core/dag/flare.go:45.32,45.55 1 0
github.com/luxfi/consensus/core/dag/flare.go:47.58,48.9 1 0
github.com/luxfi/consensus/core/dag/flare.go:49.40,50.22 1 0
github.com/luxfi/consensus/core/dag/flare.go:51.33,52.20 1 0
github.com/luxfi/consensus/core/dag/flare.go:53.10,54.25 1 0
github.com/luxfi/consensus/core/dag/flare.go:61.81,66.2 1 0
github.com/luxfi/consensus/core/dag/flare.go:69.74,74.2 1 0
github.com/luxfi/consensus/core/dag/flare.go:77.79,78.9 1 0
github.com/luxfi/consensus/core/dag/flare.go:79.52,80.22 1 0
github.com/luxfi/consensus/core/dag/flare.go:81.45,82.20 1 0
github.com/luxfi/consensus/core/dag/flare.go:83.10,84.25 1 0
github.com/luxfi/consensus/core/dag/flare.go:89.86,91.31 2 0
github.com/luxfi/consensus/core/dag/flare.go:91.31,92.56 1 0
github.com/luxfi/consensus/core/dag/flare.go:92.56,94.4 1 0
github.com/luxfi/consensus/core/dag/flare.go:96.2,96.20 1 0
github.com/luxfi/consensus/core/dag/flare.go:100.66,104.2 1 0
github.com/luxfi/consensus/core/dag/horizon.go:44.65,50.2 1 0
github.com/luxfi/consensus/core/dag/horizon.go:54.46,62.24 1 0
github.com/luxfi/consensus/core/dag/horizon.go:62.24,64.3 1 0
github.com/luxfi/consensus/core/dag/horizon.go:65.2,65.21 1 0
github.com/luxfi/consensus/core/dag/horizon.go:69.58,72.2 1 0
github.com/luxfi/consensus/core/dag/horizon.go:75.43,79.2 2 0
github.com/luxfi/consensus/core/dag/horizon.go:82.57,85.2 1 0
github.com/luxfi/consensus/core/dag/horizon.go:102.84,110.26 1 0
github.com/luxfi/consensus/core/dag/horizon.go:110.26,112.3 1 0
github.com/luxfi/consensus/core/dag/horizon.go:114.2,115.13 2 0
github.com/luxfi/consensus/core/dag/horizon.go:119.83,123.2 1 0
github.com/luxfi/consensus/core/dag/horizon.go:126.78,130.2 1 0
github.com/luxfi/consensus/context/context.go:68.27,70.2 1 0
github.com/luxfi/consensus/context/context.go:73.45,74.51 1 0
github.com/luxfi/consensus/context/context.go:74.51,76.3 1 0
github.com/luxfi/consensus/context/context.go:77.2,77.18 1 0
github.com/luxfi/consensus/context/context.go:81.43,82.51 1 0
github.com/luxfi/consensus/context/context.go:82.51,84.3 1 0
github.com/luxfi/consensus/context/context.go:85.2,85.18 1 0
github.com/luxfi/consensus/context/context.go:89.46,91.51 1 0
github.com/luxfi/consensus/context/context.go:91.51,93.3 1 0
github.com/luxfi/consensus/context/context.go:94.2,94.18 1 0
github.com/luxfi/consensus/context/context.go:98.60,99.51 1 0
github.com/luxfi/consensus/context/context.go:99.51,101.3 1 0
github.com/luxfi/consensus/context/context.go:102.2,102.12 1 0
github.com/luxfi/consensus/context/context.go:106.68,108.2 1 0
github.com/luxfi/consensus/context/context.go:111.48,112.51 1 0
github.com/luxfi/consensus/context/context.go:112.51,114.3 1 0
github.com/luxfi/consensus/context/context.go:115.2,115.12 1 0
github.com/luxfi/consensus/context/context.go:119.48,120.51 1 0
github.com/luxfi/consensus/context/context.go:120.51,122.3 1 0
github.com/luxfi/consensus/context/context.go:123.2,123.24 1 0
github.com/luxfi/consensus/context/context.go:139.60,141.14 2 0
github.com/luxfi/consensus/context/context.go:141.14,143.3 1 0
github.com/luxfi/consensus/context/context.go:144.2,149.28 6 0
github.com/luxfi/consensus/context/context.go:153.81,155.14 2 0
github.com/luxfi/consensus/context/context.go:155.14,157.3 1 0
github.com/luxfi/consensus/context/context.go:158.2,159.28 2 0
github.com/luxfi/consensus/consensustest/test.go:18.46,24.2 1 0
github.com/luxfi/consensus/consensustest/test.go:34.73,38.2 3 0
github.com/luxfi/consensus/consensustest/test.go:41.54,44.2 2 0
github.com/luxfi/consensus/consensustest/test.go:47.44,49.2 1 0
github.com/luxfi/consensus/consensustest/test.go:52.76,54.2 1 0
github.com/luxfi/consensus/engine/chain/bootstrap/bootstrapper.go:32.25,34.2 1 0
github.com/luxfi/consensus/engine/chain/bootstrap/bootstrapper.go:37.75,40.2 2 0
github.com/luxfi/consensus/engine/chain/bootstrap/bootstrapper.go:43.97,45.2 1 0
github.com/luxfi/consensus/engine/chain/bootstrap/bootstrapper.go:48.83,50.2 1 0
github.com/luxfi/consensus/engine/chain/bootstrap/bootstrapper.go:53.78,55.2 1 0
github.com/luxfi/consensus/engine/chain/chaintest/test.go:22.33,24.2 1 0
github.com/luxfi/consensus/engine/chain/chaintest/test.go:27.39,29.2 1 0
github.com/luxfi/consensus/engine/chain/chaintest/test.go:32.37,34.2 1 0
github.com/luxfi/consensus/engine/chain/chaintest/test.go:37.43,38.26 1 0
github.com/luxfi/consensus/engine/chain/chaintest/test.go:38.26,40.3 1 0
github.com/luxfi/consensus/engine/chain/chaintest/test.go:41.2,41.20 1 0
github.com/luxfi/consensus/engine/chain/chaintest/test.go:45.36,47.2 1 0
github.com/luxfi/consensus/engine/chain/chaintest/test.go:50.55,52.2 1 0
github.com/luxfi/consensus/engine/chain/chaintest/test.go:55.55,57.2 1 0
github.com/luxfi/consensus/engine/chain/chaintest/test.go:60.55,62.2 1 0
github.com/luxfi/consensus/engine/chain/chaintest/test.go:65.45,67.2 1 0
github.com/luxfi/consensus/engine/chain/chaintest/test.go:78.49,85.2 1 0
github.com/luxfi/consensus/engine/chain/chaintest/test.go:94.41,99.2 1 0
github.com/luxfi/consensus/engine/chain/chaintest/test.go:102.33,104.2 1 0
github.com/luxfi/consensus/engine/chain/chaintest/test.go:107.37,109.2 1 0
github.com/luxfi/consensus/engine/chain/chaintest/test.go:112.46,114.2 1 0
github.com/luxfi/consensus/engine/chain/block/blockmock/mock.go:18.71,24.2 1 0
github.com/luxfi/consensus/engine/chain/block/blockmock/mock.go:27.33,29.2 1 0
github.com/luxfi/consensus/engine/chain/block/blockmock/mock.go:32.37,34.2 1 0
github.com/luxfi/consensus/engine/chain/block/blockmock/mock.go:37.37,39.2 1 0
github.com/luxfi/consensus/engine/chain/block/blockmock/mock.go:42.55,45.2 2 0
github.com/luxfi/consensus/engine/chain/block/blockmock/mock.go:48.55,50.2 1 0
github.com/luxfi/consensus/engine/chain/block/blockmock/mock.go:53.34,54.16 1 0
github.com/luxfi/consensus/engine/chain/block/blockmock/mock.go:54.16,56.3 1 0
github.com/luxfi/consensus/engine/chain/block/blockmock/mock.go:57.2,57.10 1 0
github.com/luxfi/consensus/engine/chain/block/blockmock/mock.go:61.43,63.2 1 0
github.com/luxfi/consensus/engine/chain/block/blockmock/mock.go:66.36,68.2 1 0
github.com/luxfi/consensus/engine/chain/block/blocktest/test.go:17.71,23.2 1 0
github.com/luxfi/consensus/engine/chain/block/blocktest/test.go:26.33,28.2 1 0
github.com/luxfi/consensus/engine/chain/block/blocktest/test.go:31.37,33.2 1 0
github.com/luxfi/consensus/engine/chain/block/blocktest/test.go:36.37,38.2 1 0
github.com/luxfi/consensus/engine/chain/block/blocktest/test.go:41.55,43.2 1 0
github.com/luxfi/consensus/engine/chain/block/blocktest/test.go:46.55,48.2 1 0
github.com/luxfi/consensus/engine/chain/block/blocktest/test.go:51.43,53.2 1 0
github.com/luxfi/consensus/engine/chain/block/blocktest/test.go:56.36,58.2 1 0
github.com/luxfi/consensus/engine/chain/chainmock/mock.go:11.41,16.2 1 0
github.com/luxfi/consensus/engine/chain/chainmock/mock.go:19.33,21.2 1 0
github.com/luxfi/consensus/engine/chain/chainmock/mock.go:24.37,26.2 1 0
github.com/luxfi/consensus/engine/chain/chainmock/mock.go:29.46,31.2 1 0
github.com/luxfi/consensus/engine/chain/getter/getter.go:31.19,33.2 1 0
github.com/luxfi/consensus/engine/chain/getter/getter.go:36.102,38.2 1 0
github.com/luxfi/consensus/engine/chain/getter/getter.go:41.126,43.2 1 0
github.com/luxfi/consensus/engine/chain/getter/getter.go:46.100,48.2 1 0
github.com/luxfi/consensus/engine/chain/getter/getter.go:51.106,53.2 1 0
github.com/luxfi/consensus/engine/chain/getter/getter.go:56.108,58.2 1 0
github.com/luxfi/consensus/engine/core/appsender.go:33.127,35.2 1 0
github.com/luxfi/consensus/engine/core/appsender.go:37.119,39.2 1 0
github.com/luxfi/consensus/engine/core/appsender.go:41.108,43.2 1 0
github.com/luxfi/consensus/engine/core/appsender.go:45.124,47.2 1 0
github.com/luxfi/consensus/engine/core/appsender.go:49.126,51.2 1 0
github.com/luxfi/consensus/engine/core/appsender.go:53.144,55.2 1 0
github.com/luxfi/consensus/engine/core/coremock/mock.go:13.40,18.2 1 0
github.com/luxfi/consensus/engine/core/coremock/mock.go:21.70,25.2 3 0
github.com/luxfi/consensus/engine/core/coremock/mock.go:28.42,30.2 1 0
github.com/luxfi/consensus/engine/core/coremock/mock.go:33.38,35.2 1 0
github.com/luxfi/consensus/engine/core/tracker/tracker.go:26.27,30.2 1 0
github.com/luxfi/consensus/engine/core/tracker/tracker.go:33.41,35.2 1 0
github.com/luxfi/consensus/engine/core/tracker/tracker.go:38.48,40.9 2 0
github.com/luxfi/consensus/engine/core/tracker/tracker.go:41.30,41.30 0 0
github.com/luxfi/consensus/engine/core/tracker/tracker.go:42.10,42.10 0 0
github.com/luxfi/consensus/engine/core/tracker/tracker.go:47.54,49.2 1 0
github.com/luxfi/consensus/engine/core/common/errors.go:17.35,19.2 1 0
github.com/luxfi/consensus/engine/dag/bootstrap/queue/queue.go:33.35,33.53 1 0
github.com/luxfi/consensus/engine/dag/bootstrap/queue/queue.go:35.45,37.2 1 0
github.com/luxfi/consensus/engine/dag/bootstrap/queue/queue.go:39.40,41.2 1 0
github.com/luxfi/consensus/engine/dag/bootstrap/queue/queue.go:43.46,45.2 1 0
github.com/luxfi/consensus/engine/dag/bootstrap/queue/queue.go:47.44,53.2 5 0
github.com/luxfi/consensus/engine/dag/bootstrap/queue/queue.go:62.23,68.2 3 0
github.com/luxfi/consensus/engine/dag/bootstrap/queue/queue.go:71.31,72.44 1 0
github.com/luxfi/consensus/engine/dag/bootstrap/queue/queue.go:72.44,75.3 2 0
github.com/luxfi/consensus/engine/dag/bootstrap/queue/queue.go:79.27,80.21 1 0
github.com/luxfi/consensus/engine/dag/bootstrap/queue/queue.go:80.21,82.3 1 0
github.com/luxfi/consensus/engine/dag/bootstrap/queue/queue.go:83.2,85.12 3 0
github.com/luxfi/consensus/engine/dag/bootstrap/queue/queue.go:89.27,91.2 1 0
github.com/luxfi/consensus/engine/dag/bootstrap/queue/queue.go:94.37,97.2 2 0
github.com/luxfi/consensus/engine/dag/bootstrap/bootstrapper.go:32.25,34.2 1 0
github.com/luxfi/consensus/engine/dag/bootstrap/bootstrapper.go:37.75,40.2 2 0
github.com/luxfi/consensus/engine/dag/bootstrap/bootstrapper.go:43.97,45.2 1 0
github.com/luxfi/consensus/engine/dag/bootstrap/bootstrapper.go:48.83,50.2 1 0
github.com/luxfi/consensus/engine/dag/bootstrap/bootstrapper.go:53.78,55.2 1 0
github.com/luxfi/consensus/engine/dag/state/state.go:37.18,42.2 1 0
github.com/luxfi/consensus/engine/dag/state/state.go:45.54,47.13 2 0
github.com/luxfi/consensus/engine/dag/state/state.go:47.13,49.3 1 0
github.com/luxfi/consensus/engine/dag/state/state.go:50.2,50.20 1 0
github.com/luxfi/consensus/engine/dag/state/state.go:54.48,57.2 2 0
github.com/luxfi/consensus/engine/dag/state/state.go:60.50,63.2 2 0
github.com/luxfi/consensus/engine/dag/state/state.go:66.46,68.2 1 0
github.com/luxfi/consensus/engine/dag/state/state.go:75.46,77.2 1 0
github.com/luxfi/consensus/engine/dag/getter/getter.go:30.19,32.2 1 0
github.com/luxfi/consensus/engine/dag/getter/getter.go:35.103,37.2 1 0
github.com/luxfi/consensus/engine/dag/getter/getter.go:40.129,42.2 1 0
github.com/luxfi/consensus/engine/dag/getter/getter.go:45.101,47.2 1 0
github.com/luxfi/consensus/engine/dag/getter/getter.go:50.107,52.2 1 0
github.com/luxfi/consensus/engine/dag/getter/getter.go:55.109,57.2 1 0
github.com/luxfi/consensus/engine/enginetest/test.go:13.34,18.2 1 0
github.com/luxfi/consensus/engine/enginetest/test.go:21.55,24.2 2 0
github.com/luxfi/consensus/engine/enginetest/test.go:27.54,30.2 2 0
github.com/luxfi/consensus/engine/enginetest/test.go:33.39,35.2 1 0
github.com/luxfi/consensus/engine/enginetest/test.go:38.38,40.2 1 0
github.com/luxfi/consensus/engine/enginetest/test.go:43.47,45.2 1 0
github.com/luxfi/consensus/engine/pq/demo/main.go:12.13,37.50 13 0
github.com/luxfi/consensus/engine/pq/demo/main.go:37.50,41.6 3 0
github.com/luxfi/consensus/engine/pq/bootstrap/bootstrapper.go:37.41,41.2 1 0
github.com/luxfi/consensus/engine/pq/bootstrap/bootstrapper.go:44.75,47.2 2 0
github.com/luxfi/consensus/engine/pq/bootstrap/bootstrapper.go:50.97,52.2 1 0
github.com/luxfi/consensus/engine/pq/bootstrap/bootstrapper.go:55.83,57.2 1 0
github.com/luxfi/consensus/engine/pq/bootstrap/bootstrapper.go:60.78,65.2 1 0
github.com/luxfi/consensus/engine/pq/bootstrap/bootstrapper.go:68.115,71.2 1 0
github.com/luxfi/consensus/networking/router/routermock/mock.go:23.34,27.2 1 0
github.com/luxfi/consensus/networking/router/routermock/mock.go:30.117,31.40 1 0
github.com/luxfi/consensus/networking/router/routermock/mock.go:31.40,33.3 1 0
github.com/luxfi/consensus/networking/router/routermock/mock.go:35.2,42.12 2 0
github.com/luxfi/consensus/networking/router/routermock/mock.go:46.65,48.2 1 0
github.com/luxfi/consensus/networking/router/routermock/mock.go:51.38,53.2 1 0
github.com/luxfi/consensus/networking/sender/sendertest/test.go:22.34,26.2 1 0
github.com/luxfi/consensus/networking/sender/sendertest/test.go:29.110,36.2 2 0
github.com/luxfi/consensus/networking/sender/sendertest/test.go:39.50,41.2 1 0
github.com/luxfi/consensus/networking/sender/sendertest/test.go:44.38,46.2 1 0
github.com/luxfi/consensus/networking/timeout/manager.go:54.49,58.2 1 0
github.com/luxfi/consensus/networking/timeout/manager.go:61.95,62.52 1 0
github.com/luxfi/consensus/networking/timeout/manager.go:62.52,64.3 1 0
github.com/luxfi/consensus/networking/timeout/manager.go:68.129,70.2 0 0
github.com/luxfi/consensus/networking/timeout/manager.go:73.119,74.23 1 0
github.com/luxfi/consensus/networking/timeout/manager.go:74.24,74.25 0 0
github.com/luxfi/consensus/networking/timeout/manager.go:78.51,80.2 1 0
github.com/luxfi/consensus/photon/emitter.go:15.45,21.2 1 0
github.com/luxfi/consensus/photon/emitter.go:37.86,42.2 1 0
github.com/luxfi/consensus/photon/emitter.go:45.72,48.60 2 0
github.com/luxfi/consensus/photon/emitter.go:48.60,50.3 1 0
github.com/luxfi/consensus/photon/emitter.go:51.2,51.22 1 0
github.com/luxfi/consensus/photon/emitter.go:55.78,57.2 1 0
github.com/luxfi/consensus/photon/luminance.go:14.32,18.2 1 0
github.com/luxfi/consensus/photon/luminance.go:21.63,22.37 1 0
github.com/luxfi/consensus/photon/luminance.go:22.37,24.3 1 0
github.com/luxfi/consensus/photon/luminance.go:26.2,26.13 1 0
github.com/luxfi/consensus/photon/luminance.go:26.13,29.25 2 0
github.com/luxfi/consensus/photon/luminance.go:29.25,31.4 1 0
github.com/luxfi/consensus/photon/luminance.go:32.8,35.23 2 0
github.com/luxfi/consensus/photon/luminance.go:35.23,37.4 1 0
github.com/luxfi/consensus/photon/luminance.go:42.57,43.38 1 0
github.com/luxfi/consensus/photon/luminance.go:43.38,45.3 1 0
github.com/luxfi/consensus/photon/luminance.go:46.2,46.12 1 0
github.com/luxfi/consensus/prism/cut.go:28.54,30.2 1 0
github.com/luxfi/consensus/prism/cut.go:33.51,34.23 1 0
github.com/luxfi/consensus/prism/cut.go:34.23,36.3 1 0
github.com/luxfi/consensus/prism/cut.go:40.2,41.45 2 0
github.com/luxfi/consensus/prism/cut.go:41.45,43.3 1 0
github.com/luxfi/consensus/prism/cut.go:44.2,44.15 1 0
github.com/luxfi/consensus/prism/cut.go:48.44,52.24 3 0
github.com/luxfi/consensus/prism/cut.go:52.24,54.3 1 0
github.com/luxfi/consensus/prism/cut.go:54.8,54.30 1 0
github.com/luxfi/consensus/prism/cut.go:54.30,56.3 1 0
github.com/luxfi/consensus/prism/cut.go:58.2,62.3 1 0
github.com/luxfi/consensus/prism/prism.go:46.34,50.2 1 0
github.com/luxfi/consensus/prism/prism.go:53.72,56.2 2 0
github.com/luxfi/consensus/prism/prism.go:59.66,61.2 1 0
github.com/luxfi/consensus/prism/prism.go:64.82,66.2 1 0
github.com/luxfi/consensus/prism/prism.go:69.88,71.2 1 0
github.com/luxfi/consensus/cmd/consensus/main.go:15.13,24.11 3 0
github.com/luxfi/consensus/cmd/consensus/main.go:24.11,27.3 2 0
github.com/luxfi/consensus/cmd/consensus/main.go:29.2,29.17 1 0
github.com/luxfi/consensus/cmd/consensus/main.go:30.14,31.30 1 0
github.com/luxfi/consensus/cmd/consensus/main.go:32.14,33.32 1 0
github.com/luxfi/consensus/cmd/consensus/main.go:34.16,35.23 1 0
github.com/luxfi/consensus/cmd/consensus/main.go:36.10,38.13 2 0
github.com/luxfi/consensus/cmd/consensus/main.go:42.18,57.2 14 0
github.com/luxfi/consensus/cmd/consensus/main.go:59.43,72.20 11 0
github.com/luxfi/consensus/cmd/consensus/main.go:73.15,77.56 4 0
github.com/luxfi/consensus/cmd/consensus/main.go:78.13,82.50 4 0
github.com/luxfi/consensus/cmd/consensus/main.go:83.12,87.43 4 0
github.com/luxfi/consensus/cmd/consensus/main.go:91.45,98.20 5 0
github.com/luxfi/consensus/cmd/consensus/main.go:99.15,100.38 1 0
github.com/luxfi/consensus/cmd/consensus/main.go:101.13,102.36 1 0
github.com/luxfi/consensus/cmd/consensus/main.go:103.12,104.35 1 0
github.com/luxfi/consensus/cmd/consensus/main.go:105.10,107.13 2 0
github.com/luxfi/consensus/cmd/consensus/main.go:111.2,111.42 1 0
github.com/luxfi/consensus/cmd/consensus/main.go:111.42,114.3 2 0
github.com/luxfi/consensus/cmd/consensus/main.go:115.2,115.15 1 0
github.com/luxfi/consensus/cmd/consensus/main.go:115.15,115.36 1 0
github.com/luxfi/consensus/cmd/consensus/main.go:118.2,118.68 1 0
github.com/luxfi/consensus/cmd/consensus/main.go:118.68,119.32 1 0
github.com/luxfi/consensus/cmd/consensus/main.go:119.32,122.4 2 0
github.com/luxfi/consensus/cmd/consensus/main.go:126.2,126.96 1 0
github.com/luxfi/consensus/cmd/consensus/main.go:126.96,128.17 2 0
github.com/luxfi/consensus/cmd/consensus/main.go:128.17,131.4 2 0
github.com/luxfi/consensus/cmd/consensus/main.go:132.3,132.40 1 0
github.com/luxfi/consensus/cmd/consensus/main.go:135.2,135.39 1 0
github.com/luxfi/consensus/cmd/consensus/main.go:138.37,145.20 5 0
github.com/luxfi/consensus/cmd/consensus/main.go:146.15,147.38 1 0
github.com/luxfi/consensus/cmd/consensus/main.go:148.13,149.36 1 0
github.com/luxfi/consensus/cmd/consensus/main.go:150.12,151.35 1 0
github.com/luxfi/consensus/cmd/consensus/main.go:152.10,154.13 2 0
github.com/luxfi/consensus/cmd/consensus/main.go:158.2,158.42 1 0
github.com/luxfi/consensus/cmd/consensus/main.go:158.42,161.3 2 0
github.com/luxfi/consensus/cmd/consensus/main.go:162.2,162.15 1 0
github.com/luxfi/consensus/cmd/consensus/main.go:162.15,162.36 1 0
github.com/luxfi/consensus/cmd/consensus/main.go:165.2,165.96 1 0
github.com/luxfi/consensus/cmd/consensus/main.go:165.96,167.17 2 0
github.com/luxfi/consensus/cmd/consensus/main.go:167.17,170.4 2 0
github.com/luxfi/consensus/cmd/consensus/main.go:171.3,172.40 2 0
github.com/luxfi/consensus/cmd/consensus/main.go:173.8,175.3 1 0
github.com/luxfi/consensus/cmd/consensus/main.go:178.57,179.17 1 0
github.com/luxfi/consensus/cmd/consensus/main.go:180.17,181.32 1 0
github.com/luxfi/consensus/cmd/consensus/main.go:182.17,183.32 1 0
github.com/luxfi/consensus/cmd/consensus/main.go:184.15,185.30 1 0
github.com/luxfi/consensus/cmd/consensus/main.go:186.10,187.32 1 0
github.com/luxfi/consensus/protocol/nebula/nebula.go:31.156,43.2 2 0
github.com/luxfi/consensus/protocol/nebula/nebula.go:46.54,48.2 1 0
github.com/luxfi/consensus/protocol/nebula/nebula.go:51.53,53.2 1 0
github.com/luxfi/consensus/protocol/nebula/nebula.go:56.80,58.2 1 0
github.com/luxfi/consensus/protocol/nebula/nebula.go:61.53,63.2 1 0
github.com/luxfi/consensus/protocol/nebula/nebula.go:66.62,68.2 1 0
github.com/luxfi/consensus/protocol/nebula/nebula.go:71.39,73.2 1 0
github.com/luxfi/consensus/protocol/nebula/nebula.go:76.48,78.2 1 0
github.com/luxfi/consensus/protocol/nebula/nebula.go:81.48,83.2 1 0
github.com/luxfi/consensus/protocol/nova/nova.go:28.129,40.2 2 0
github.com/luxfi/consensus/protocol/nova/nova.go:43.52,45.2 1 0
github.com/luxfi/consensus/protocol/nova/nova.go:48.51,50.2 1 0
github.com/luxfi/consensus/protocol/nova/nova.go:53.68,55.2 1 0
github.com/luxfi/consensus/protocol/nova/nova.go:58.51,60.2 1 0
github.com/luxfi/consensus/protocol/nova/nova.go:63.45,65.2 1 0
github.com/luxfi/consensus/protocol/nova/nova.go:68.45,70.2 1 0
github.com/luxfi/consensus/protocol/nova/nova.go:73.35,75.2 1 0
github.com/luxfi/consensus/acceptor.go:22.40,26.2 1 0
github.com/luxfi/consensus/acceptor.go:29.97,32.2 2 0
github.com/luxfi/consensus/consensus.go:43.40,45.2 1 2
github.com/luxfi/consensus/consensus.go:47.58,49.2 1 3
github.com/luxfi/consensus/consensus.go:51.38,53.2 1 2
github.com/luxfi/consensus/consensus.go:55.51,57.2 1 1
github.com/luxfi/consensus/consensus.go:59.47,61.2 1 1
github.com/luxfi/consensus/consensus.go:63.79,65.2 1 1
github.com/luxfi/consensus/consensus.go:73.36,75.2 1 1
github.com/luxfi/consensus/consensus.go:77.54,79.2 1 1
github.com/luxfi/consensus/consensus.go:81.34,83.2 1 1
github.com/luxfi/consensus/consensus.go:85.47,87.2 1 1
github.com/luxfi/consensus/consensus.go:89.43,91.2 1 1
github.com/luxfi/consensus/consensus.go:93.75,95.2 1 1
github.com/luxfi/consensus/consensus.go:98.30,103.2 1 2
github.com/luxfi/consensus/consensus.go:106.28,111.2 1 1
github.com/luxfi/consensus/consensus.go:114.27,119.2 1 2
github.com/luxfi/consensus/consensus.go:122.42,123.9 1 5
github.com/luxfi/consensus/consensus.go:124.18,125.30 1 2
github.com/luxfi/consensus/consensus.go:126.19,127.32 1 1
github.com/luxfi/consensus/consensus.go:128.19,129.32 1 1
github.com/luxfi/consensus/consensus.go:130.10,134.13 3 1
github.com/luxfi/consensus/consensus.go:176.76,177.17 1 2
github.com/luxfi/consensus/consensus.go:177.17,179.3 1 1
github.com/luxfi/consensus/consensus.go:180.2,186.43 2 1
github.com/luxfi/consensus/context.go:19.50,23.2 1 0
github.com/luxfi/consensus/context.go:26.51,27.45 1 0
github.com/luxfi/consensus/context.go:27.45,29.3 1 0
github.com/luxfi/consensus/context.go:30.2,30.10 1 0
github.com/luxfi/consensus/context.go:37.53,38.42 1 0
github.com/luxfi/consensus/context.go:38.42,39.40 1 0
github.com/luxfi/consensus/context.go:39.40,41.4 1 0
github.com/luxfi/consensus/context.go:43.2,43.12 1 0
github.com/luxfi/consensus/core.go:24.40,26.2 1 0
github.com/luxfi/consensus/core.go:29.70,31.2 1 0
github.com/luxfi/consensus/core.go:34.72,36.2 1 0
github.com/luxfi/consensus/config/config.go:39.33,58.2 1 10
github.com/luxfi/consensus/config/config.go:61.33,67.2 5 1
github.com/luxfi/consensus/config/config.go:70.33,78.2 7 1
github.com/luxfi/consensus/config/config.go:81.31,89.2 7 1
github.com/luxfi/consensus/config/config.go:92.32,100.2 7 1
github.com/luxfi/consensus/config/config.go:103.71,106.35 2 4
github.com/luxfi/consensus/config/config.go:106.35,108.3 1 1
github.com/luxfi/consensus/config/config.go:108.8,108.44 1 3
github.com/luxfi/consensus/config/config.go:108.44,110.3 1 1
github.com/luxfi/consensus/config/config.go:110.8,110.45 1 2
github.com/luxfi/consensus/config/config.go:110.45,112.3 1 1
github.com/luxfi/consensus/config/config.go:112.8,114.3 1 1
github.com/luxfi/consensus/config/config.go:115.2,115.10 1 4
github.com/luxfi/consensus/config/config.go:119.38,121.2 1 8
github.com/luxfi/consensus/config/config.go:124.35,126.13 1 8
github.com/luxfi/consensus/config/config.go:126.13,128.3 1 1
github.com/luxfi/consensus/config/config.go:129.2,129.36 1 7
github.com/luxfi/consensus/config/config.go:129.36,131.3 1 2
github.com/luxfi/consensus/config/config.go:132.2,132.16 1 5
github.com/luxfi/consensus/config/config.go:132.16,134.3 1 1
github.com/luxfi/consensus/config/config.go:135.2,135.55 1 4
github.com/luxfi/consensus/config/config.go:135.55,137.3 1 1
github.com/luxfi/consensus/config/config.go:138.2,138.65 1 3
github.com/luxfi/consensus/config/config.go:138.65,140.3 1 1
github.com/luxfi/consensus/config/config.go:143.2,143.82 1 2
github.com/luxfi/consensus/config/config.go:143.82,145.3 1 0
github.com/luxfi/consensus/config/config.go:146.2,146.82 1 2
github.com/luxfi/consensus/config/config.go:146.82,148.3 1 0
github.com/luxfi/consensus/config/config.go:149.2,149.24 1 2
github.com/luxfi/consensus/config/config.go:149.24,151.3 1 0
github.com/luxfi/consensus/config/config.go:152.2,152.54 1 2
github.com/luxfi/consensus/config/config.go:152.54,154.3 1 0
github.com/luxfi/consensus/config/config.go:155.2,155.53 1 2
github.com/luxfi/consensus/config/config.go:155.53,157.3 1 0
github.com/luxfi/consensus/config/config.go:158.2,158.57 1 2
github.com/luxfi/consensus/config/config.go:158.57,160.3 1 0
github.com/luxfi/consensus/config/config.go:161.2,161.61 1 2
github.com/luxfi/consensus/config/config.go:161.61,163.3 1 0
github.com/luxfi/consensus/config/config.go:164.2,164.66 1 2
github.com/luxfi/consensus/config/config.go:164.66,166.3 1 0
github.com/luxfi/consensus/config/config.go:168.2,168.12 1 2
github.com/luxfi/consensus/config/fpc.go:19.29,26.2 1 0
github.com/luxfi/consensus/config/fpc.go:29.55,33.2 1 0
github.com/luxfi/consensus/config/wave.go:12.31,21.2 1 1
github.com/luxfi/consensus/protocol/ray/nova.go:15.37,20.2 1 0
github.com/luxfi/consensus/protocol/ray/nova.go:23.49,25.2 1 0
github.com/luxfi/consensus/protocol/ray/nova.go:28.48,30.2 1 0
github.com/luxfi/consensus/protocol/ray/nova.go:33.31,35.2 1 0
github.com/luxfi/consensus/protocol/ray/nova.go:38.65,41.2 2 0
github.com/luxfi/consensus/protocol/ray/ray.go:51.108,52.23 1 0
github.com/luxfi/consensus/protocol/ray/ray.go:52.23,54.3 1 0
github.com/luxfi/consensus/protocol/ray/ray.go:55.2,55.20 1 0
github.com/luxfi/consensus/protocol/ray/ray.go:55.20,57.3 1 0
github.com/luxfi/consensus/protocol/ray/ray.go:58.2,58.19 1 0
github.com/luxfi/consensus/protocol/ray/ray.go:58.19,60.3 1 0
github.com/luxfi/consensus/protocol/ray/ray.go:61.2,61.22 1 0
github.com/luxfi/consensus/protocol/ray/ray.go:61.22,63.3 1 0
github.com/luxfi/consensus/protocol/ray/ray.go:64.2,64.23 1 0
github.com/luxfi/consensus/protocol/ray/ray.go:64.23,66.3 1 0
github.com/luxfi/consensus/protocol/ray/ray.go:68.2,73.3 1 0
github.com/luxfi/consensus/protocol/ray/ray.go:78.53,80.21 2 0
github.com/luxfi/consensus/protocol/ray/ray.go:80.21,82.3 1 0
github.com/luxfi/consensus/protocol/ray/ray.go:84.2,85.27 2 0
github.com/luxfi/consensus/protocol/ray/ray.go:85.27,87.49 2 0
github.com/luxfi/consensus/protocol/ray/ray.go:87.49,88.39 1 0
github.com/luxfi/consensus/protocol/ray/ray.go:88.39,90.5 1 0
github.com/luxfi/consensus/protocol/ray/ray.go:93.2,93.22 1 0
github.com/luxfi/consensus/protocol/ray/ray.go:93.22,94.23 1 0
github.com/luxfi/consensus/protocol/ray/ray.go:94.23,98.4 3 0
github.com/luxfi/consensus/protocol/ray/ray.go:99.3,99.56 1 0
github.com/luxfi/consensus/protocol/ray/ray.go:101.2,101.12 1 0
github.com/luxfi/consensus/protocol/ray/ray.go:105.54,108.2 1 0
github.com/luxfi/consensus/protocol/ray/ray.go:111.53,114.2 1 0
github.com/luxfi/consensus/protocol/ray/ray.go:117.64,122.2 2 0
github.com/luxfi/consensus/protocol/ray/ray.go:125.47,127.2 1 0
github.com/luxfi/consensus/protocol/ray/ray.go:130.46,131.47 1 0
github.com/luxfi/consensus/protocol/ray/ray.go:131.47,133.3 1 0
github.com/luxfi/consensus/protocol/ray/ray.go:134.2,134.14 1 0
github.com/luxfi/consensus/protocol/ray/ray.go:138.37,140.2 1 0
github.com/luxfi/consensus/uptime/uptime.go:26.36,30.2 1 0
github.com/luxfi/consensus/uptime/uptime.go:33.59,35.2 1 0
github.com/luxfi/consensus/uptime/uptime.go:38.52,40.2 1 0
github.com/luxfi/consensus/uptime/uptime.go:43.55,45.2 1 0
github.com/luxfi/consensus/uptime/uptimemock/mock.go:16.48,21.2 1 0
github.com/luxfi/consensus/uptime/uptimemock/mock.go:24.64,26.2 1 0
github.com/luxfi/consensus/uptime/uptimemock/mock.go:29.63,30.47 1 0
github.com/luxfi/consensus/uptime/uptimemock/mock.go:30.47,34.3 3 0
github.com/luxfi/consensus/uptime/uptimemock/mock.go:38.74,40.47 2 0
github.com/luxfi/consensus/uptime/uptimemock/mock.go:40.47,42.3 1 0
github.com/luxfi/consensus/uptime/uptimemock/mock.go:43.2,43.15 1 0
github.com/luxfi/consensus/uptime/uptimemock/mock.go:47.66,50.2 2 0
github.com/luxfi/consensus/utils/utils.go:8.55,10.2 1 0
github.com/luxfi/consensus/utils/utils.go:13.54,14.40 1 0
github.com/luxfi/consensus/utils/utils.go:14.40,16.3 1 0
github.com/luxfi/consensus/utils/utils.go:20.53,21.26 1 0
github.com/luxfi/consensus/utils/utils.go:21.26,22.16 1 0
github.com/luxfi/consensus/utils/utils.go:22.16,24.4 1 0
github.com/luxfi/consensus/utils/utils.go:26.2,26.14 1 0
github.com/luxfi/consensus/utils/utils.go:30.59,32.26 2 0
github.com/luxfi/consensus/utils/utils.go:32.26,33.19 1 0
github.com/luxfi/consensus/utils/utils.go:33.19,35.4 1 0
github.com/luxfi/consensus/utils/utils.go:37.2,37.15 1 0
github.com/luxfi/consensus/utils/bag/bag.go:11.17,15.2 1 0
github.com/luxfi/consensus/utils/bag/bag.go:18.30,20.2 1 0
github.com/luxfi/consensus/utils/bag/bag.go:23.36,25.2 1 0
github.com/luxfi/consensus/utils/bag/bag.go:28.25,30.2 1 0
github.com/luxfi/consensus/utils/bag/bag.go:33.31,35.27 2 0
github.com/luxfi/consensus/utils/bag/bag.go:35.27,37.3 1 0
github.com/luxfi/consensus/utils/bag/bag.go:38.2,38.13 1 0
github.com/luxfi/consensus/utils/set/set.go:9.45,11.2 1 0
github.com/luxfi/consensus/utils/set/set.go:14.44,16.2 1 0
github.com/luxfi/consensus/utils/timer/mockable/clock.go:12.24,16.2 1 0
github.com/luxfi/consensus/utils/timer/mockable/clock.go:19.33,20.14 1 0
github.com/luxfi/consensus/utils/timer/mockable/clock.go:20.14,22.3 1 0
github.com/luxfi/consensus/utils/timer/mockable/clock.go:23.2,23.19 1 0
github.com/luxfi/consensus/utils/timer/mockable/clock.go:27.34,30.2 2 0
github.com/luxfi/consensus/utils/timer/mockable/clock.go:33.42,35.2 1 0
github.com/luxfi/consensus/utils/timer/mockable/clock.go:38.24,40.2 1 0
github.com/luxfi/consensus/engine/chain/engine.go:38.24,42.2 1 6
github.com/luxfi/consensus/engine/chain/engine.go:45.73,48.2 2 3
github.com/luxfi/consensus/engine/chain/engine.go:51.54,53.2 1 2
github.com/luxfi/consensus/engine/chain/engine.go:56.76,58.2 1 2
github.com/luxfi/consensus/engine/chain/engine.go:61.44,63.2 1 3
github.com/luxfi/consensus/engine/chain/engine.go:66.111,68.2 1 1
github.com/luxfi/consensus/engine/dag/engine.go:29.21,33.2 1 6
github.com/luxfi/consensus/engine/dag/engine.go:36.70,39.2 2 3
github.com/luxfi/consensus/engine/dag/engine.go:42.51,44.2 1 2
github.com/luxfi/consensus/engine/dag/engine.go:47.73,49.2 1 2
github.com/luxfi/consensus/engine/dag/engine.go:52.41,54.2 1 3
github.com/luxfi/consensus/engine/dag/engine.go:57.110,59.2 1 1
github.com/luxfi/consensus/engine/pq/consensus.go:54.52,54.67 1 0
github.com/luxfi/consensus/engine/pq/consensus.go:55.52,55.72 1 0
github.com/luxfi/consensus/engine/pq/consensus.go:56.52,56.71 1 0
github.com/luxfi/consensus/engine/pq/consensus.go:57.52,57.70 1 0
github.com/luxfi/consensus/engine/pq/consensus.go:59.48,60.23 1 0
github.com/luxfi/consensus/engine/pq/consensus.go:60.23,62.3 1 0
github.com/luxfi/consensus/engine/pq/consensus.go:63.2,67.15 5 0
github.com/luxfi/consensus/engine/pq/consensus.go:70.86,71.23 1 0
github.com/luxfi/consensus/engine/pq/consensus.go:71.23,73.3 1 0
github.com/luxfi/consensus/engine/pq/consensus.go:74.2,77.23 4 0
github.com/luxfi/consensus/engine/pq/consensus.go:80.70,81.23 1 0
github.com/luxfi/consensus/engine/pq/consensus.go:81.23,83.3 1 0
github.com/luxfi/consensus/engine/pq/consensus.go:84.2,86.46 3 0
github.com/luxfi/consensus/engine/pq/consensus.go:86.46,90.3 3 0
github.com/luxfi/consensus/engine/pq/consensus.go:91.2,91.28 1 0
github.com/luxfi/consensus/engine/pq/consensus.go:95.62,106.2 2 19
github.com/luxfi/consensus/engine/pq/consensus.go:109.29,111.2 1 1
github.com/luxfi/consensus/engine/pq/consensus.go:114.47,116.2 1 1
github.com/luxfi/consensus/engine/pq/consensus.go:119.87,121.2 1 6
github.com/luxfi/consensus/engine/pq/consensus.go:124.105,129.26 3 11
github.com/luxfi/consensus/engine/pq/consensus.go:129.26,131.3 1 1
github.com/luxfi/consensus/engine/pq/consensus.go:135.2,139.34 4 10
github.com/luxfi/consensus/engine/pq/consensus.go:139.34,141.23 2 18
github.com/luxfi/consensus/engine/pq/consensus.go:141.23,144.4 2 17
github.com/luxfi/consensus/engine/pq/consensus.go:148.2,148.79 1 10
github.com/luxfi/consensus/engine/pq/consensus.go:148.79,150.3 1 1
github.com/luxfi/consensus/engine/pq/consensus.go:153.2,159.52 2 9
github.com/luxfi/consensus/engine/pq/consensus.go:159.52,161.3 1 0
github.com/luxfi/consensus/engine/pq/consensus.go:164.2,168.9 3 9
github.com/luxfi/consensus/engine/pq/consensus.go:175.4,175.4 0 9
github.com/luxfi/consensus/engine/pq/consensus.go:176.20,177.19 1 0
github.com/luxfi/consensus/engine/pq/consensus.go:178.10,178.10 0 0
github.com/luxfi/consensus/engine/pq/consensus.go:182.2,182.12 1 9
github.com/luxfi/consensus/engine/pq/consensus.go:186.60,190.2 3 7
github.com/luxfi/consensus/engine/pq/consensus.go:193.66,195.2 1 2
github.com/luxfi/consensus/engine/pq/consensus.go:198.43,202.2 3 5
github.com/luxfi/consensus/engine/pq/consensus.go:205.72,206.55 1 2
github.com/luxfi/consensus/engine/pq/consensus.go:206.55,215.3 2 0
github.com/luxfi/consensus/engine/pq/consensus.go:219.60,232.2 3 2
github.com/luxfi/consensus/engine/pq/consensus.go:235.78,237.24 1 1
github.com/luxfi/consensus/engine/pq/consensus.go:237.24,239.3 1 0
github.com/luxfi/consensus/engine/pq/consensus.go:240.2,240.12 1 1
github.com/luxfi/consensus/engine/pq/consensus.go:244.59,247.2 1 1
github.com/luxfi/consensus/engine/pq/consensus.go:250.101,254.23 2 1
github.com/luxfi/consensus/engine/pq/consensus.go:254.23,256.3 1 64
github.com/luxfi/consensus/engine/pq/consensus.go:257.2,257.19 1 1
github.com/luxfi/consensus/engine/pq/engine.go:36.31,41.2 1 0
github.com/luxfi/consensus/engine/pq/engine.go:44.75,47.2 2 0
github.com/luxfi/consensus/engine/pq/engine.go:50.56,52.2 1 0
github.com/luxfi/consensus/engine/pq/engine.go:55.78,60.2 1 0
github.com/luxfi/consensus/engine/pq/engine.go:63.46,65.2 1 0
github.com/luxfi/consensus/engine/pq/engine.go:68.91,71.2 1 0
github.com/luxfi/consensus/engine/pq/engine.go:74.98,77.2 1 0
github.com/luxfi/consensus/validators/validatorstest/test.go:14.32,18.2 1 0
github.com/luxfi/consensus/validators/validatorstest/test.go:21.102,23.2 1 0
github.com/luxfi/consensus/validators/validatorstest/test.go:26.75,27.40 1 0
github.com/luxfi/consensus/validators/validatorstest/test.go:27.40,29.3 1 0
github.com/luxfi/consensus/validators/validatorstest/test.go:30.2,30.17 1 0
github.com/luxfi/consensus/version/version.go:17.39,19.2 1 0
github.com/luxfi/consensus/version/version.go:22.59,25.2 1 0
github.com/luxfi/consensus/version/version.go:28.29,35.2 1 0
github.com/luxfi/consensus/validators/validatorsmock/mock.go:22.46,27.2 1 0
github.com/luxfi/consensus/validators/validatorsmock/mock.go:30.77,36.2 2 0
github.com/luxfi/consensus/validators/validatorsmock/mock.go:39.75,41.2 1 0
github.com/luxfi/consensus/validators/validatorsmock/mock.go:44.66,46.2 1 0
github.com/luxfi/consensus/validators/validatorsmock/mock.go:49.63,52.2 2 0
github.com/luxfi/consensus/validators/validatorsmock/mock.go:55.39,57.2 1 0
github.com/luxfi/consensus/wave/state.go:22.47,30.2 1 0
github.com/luxfi/consensus/wave/state.go:33.39,35.2 1 0
github.com/luxfi/consensus/wave/state.go:38.43,40.2 1 0
github.com/luxfi/consensus/wave/state.go:43.32,45.2 1 0
github.com/luxfi/consensus/wave/wave.go:52.79,60.2 1 0
github.com/luxfi/consensus/wave/wave.go:63.53,66.13 2 0
github.com/luxfi/consensus/wave/wave.go:66.13,69.3 2 0
github.com/luxfi/consensus/wave/wave.go:72.2,72.19 1 0
github.com/luxfi/consensus/wave/wave.go:72.19,74.3 1 0
github.com/luxfi/consensus/wave/wave.go:77.2,86.6 6 0
github.com/luxfi/consensus/wave/wave.go:86.6,87.10 1 0
github.com/luxfi/consensus/wave/wave.go:88.24,90.19 2 0
github.com/luxfi/consensus/wave/wave.go:90.19,92.5 1 0
github.com/luxfi/consensus/wave/wave.go:94.4,94.29 1 0
github.com/luxfi/consensus/wave/wave.go:94.29,95.20 1 0
github.com/luxfi/consensus/wave/wave.go:97.18,98.19 1 0
github.com/luxfi/consensus/wave/wave.go:99.21,100.10 1 0
github.com/luxfi/consensus/wave/wave.go:105.2,105.21 1 0
github.com/luxfi/consensus/wave/wave.go:105.21,107.3 1 0
github.com/luxfi/consensus/wave/wave.go:110.2,113.27 3 0
github.com/luxfi/consensus/wave/wave.go:113.27,116.18 2 0
github.com/luxfi/consensus/wave/wave.go:116.18,119.4 1 0
github.com/luxfi/consensus/wave/wave.go:119.9,122.4 1 0
github.com/luxfi/consensus/wave/wave.go:123.8,123.49 1 0
github.com/luxfi/consensus/wave/wave.go:123.49,126.19 2 0
github.com/luxfi/consensus/wave/wave.go:126.19,129.4 1 0
github.com/luxfi/consensus/wave/wave.go:129.9,132.4 1 0
github.com/luxfi/consensus/wave/wave.go:133.8,136.3 1 0
github.com/luxfi/consensus/wave/wave.go:139.2,139.31 1 0
github.com/luxfi/consensus/wave/wave.go:139.31,141.20 2 0
github.com/luxfi/consensus/wave/wave.go:141.20,143.4 1 0
github.com/luxfi/consensus/wave/wave.go:143.9,145.4 1 0
github.com/luxfi/consensus/wave/wave.go:150.52,153.2 2 0
github.com/luxfi/consensus/wave/wave.go:156.43,158.2 1 0
github.com/luxfi/consensus/protocol/field/field.go:55.138,56.23 1 0
github.com/luxfi/consensus/protocol/field/field.go:56.23,58.3 1 0
github.com/luxfi/consensus/protocol/field/field.go:59.2,59.20 1 0
github.com/luxfi/consensus/protocol/field/field.go:59.20,61.3 1 0
github.com/luxfi/consensus/protocol/field/field.go:62.2,62.19 1 0
github.com/luxfi/consensus/protocol/field/field.go:62.19,64.3 1 0
github.com/luxfi/consensus/protocol/field/field.go:65.2,65.22 1 0
github.com/luxfi/consensus/protocol/field/field.go:65.22,67.3 1 0
github.com/luxfi/consensus/protocol/field/field.go:69.2,73.3 1 0
github.com/luxfi/consensus/protocol/field/field.go:78.57,82.2 2 0
github.com/luxfi/consensus/protocol/field/field.go:85.53,87.24 2 0
github.com/luxfi/consensus/protocol/field/field.go:87.24,89.3 1 0
github.com/luxfi/consensus/protocol/field/field.go:92.2,92.29 1 0
github.com/luxfi/consensus/protocol/field/field.go:92.29,94.3 1 0
github.com/luxfi/consensus/protocol/field/field.go:98.2,99.22 2 0
github.com/luxfi/consensus/protocol/field/field.go:99.22,100.52 1 0
github.com/luxfi/consensus/protocol/field/field.go:100.52,102.4 1 0
github.com/luxfi/consensus/protocol/field/field.go:110.2,110.12 1 0
github.com/luxfi/consensus/protocol/field/field.go:114.54,117.2 1 0
github.com/luxfi/consensus/protocol/field/field.go:120.53,123.2 1 0
github.com/luxfi/consensus/protocol/field/field.go:126.74,128.2 1 0
github.com/luxfi/consensus/protocol/field/field.go:131.39,133.2 1 0
github.com/luxfi/consensus/protocol/field/field.go:136.48,137.49 1 0
github.com/luxfi/consensus/protocol/field/field.go:137.49,139.3 1 0
github.com/luxfi/consensus/protocol/field/field.go:140.2,140.14 1 0
github.com/luxfi/consensus/protocol/field/field.go:144.48,148.2 1 0
github.com/luxfi/consensus/protocol/field/nebula.go:6.21,6.42 1 3
github.com/luxfi/consensus/protocol/focus/focus.go:14.47,18.2 1 1
github.com/luxfi/consensus/protocol/focus/focus.go:20.35,24.2 3 5
github.com/luxfi/consensus/protocol/focus/focus.go:26.40,30.2 3 6
github.com/luxfi/consensus/protocol/focus/focus.go:32.36,36.2 3 1
github.com/luxfi/consensus/protocol/focus/focus.go:46.81,52.2 1 1
github.com/luxfi/consensus/protocol/focus/focus.go:54.55,59.22 4 5
github.com/luxfi/consensus/protocol/focus/focus.go:59.22,61.3 1 4
github.com/luxfi/consensus/protocol/focus/focus.go:61.8,61.33 1 1
github.com/luxfi/consensus/protocol/focus/focus.go:61.33,63.3 1 1
github.com/luxfi/consensus/protocol/focus/focus.go:66.51,73.2 5 5
github.com/luxfi/consensus/protocol/focus/focus.go:85.109,93.2 1 1
github.com/luxfi/consensus/protocol/focus/focus.go:95.63,100.38 4 3
github.com/luxfi/consensus/protocol/focus/focus.go:100.38,101.31 1 1
github.com/luxfi/consensus/protocol/focus/focus.go:101.31,104.4 1 0
github.com/luxfi/consensus/protocol/focus/focus.go:107.2,108.22 2 3
github.com/luxfi/consensus/protocol/focus/focus.go:108.22,110.3 1 3
github.com/luxfi/consensus/protocol/focus/focus.go:110.8,110.33 1 0
github.com/luxfi/consensus/protocol/focus/focus.go:110.33,112.3 1 0
github.com/luxfi/consensus/protocol/focus/focus.go:113.2,113.24 1 3
github.com/luxfi/consensus/protocol/focus/focus.go:116.59,121.38 3 2
github.com/luxfi/consensus/protocol/focus/focus.go:121.38,122.34 1 2
github.com/luxfi/consensus/protocol/focus/focus.go:122.34,124.4 1 1
github.com/luxfi/consensus/protocol/focus/focus.go:127.2,129.23 3 1
github.com/luxfi/consensus/protocol/focus/focus.go:133.48,134.16 1 4
github.com/luxfi/consensus/protocol/focus/focus.go:134.16,136.3 1 0
github.com/luxfi/consensus/protocol/focus/focus.go:138.2,142.17 3 4
github.com/luxfi/consensus/protocol/focus/focus.go:142.17,144.15 2 3
github.com/luxfi/consensus/protocol/focus/focus.go:144.15,146.4 1 0
github.com/luxfi/consensus/protocol/focus/focus.go:147.8,149.3 1 1
github.com/luxfi/consensus/protocol/focus/focus.go:152.2,152.26 1 4
github.com/luxfi/consensus/protocol/focus/focus.go:152.26,154.3 1 1
github.com/luxfi/consensus/protocol/focus/focus.go:156.2,156.20 1 4
github.com/luxfi/consensus/protocol/flare/flare.go:14.71,18.25 4 4
github.com/luxfi/consensus/protocol/flare/flare.go:18.25,19.62 1 8
github.com/luxfi/consensus/protocol/flare/flare.go:19.62,21.26 2 8
github.com/luxfi/consensus/protocol/flare/flare.go:21.26,23.5 1 2
github.com/luxfi/consensus/protocol/flare/flare.go:26.2,26.14 1 2
github.com/luxfi/consensus/protocol/flare/flare.go:29.64,33.25 4 2
github.com/luxfi/consensus/protocol/flare/flare.go:33.25,34.63 1 3
github.com/luxfi/consensus/protocol/flare/flare.go:34.63,36.22 2 3
github.com/luxfi/consensus/protocol/flare/flare.go:36.22,38.5 1 1
github.com/luxfi/consensus/protocol/flare/flare.go:41.2,41.14 1 1
github.com/luxfi/consensus/protocol/flare/flare.go:46.36,46.59 1 1
github.com/luxfi/consensus/protocol/flare/flare.go:48.66,49.9 1 2
github.com/luxfi/consensus/protocol/flare/flare.go:50.40,51.22 1 1
github.com/luxfi/consensus/protocol/flare/flare.go:52.33,53.20 1 0
github.com/luxfi/consensus/protocol/flare/flare.go:54.10,55.25 1 1
github.com/luxfi/consensus/protocol/horizon/horizon.go:25.72,28.2 1 1
github.com/luxfi/consensus/protocol/horizon/horizon.go:38.108,41.35 2 2
github.com/luxfi/consensus/protocol/horizon/horizon.go:41.35,42.21 1 6
github.com/luxfi/consensus/protocol/horizon/horizon.go:42.21,44.4 1 4
github.com/luxfi/consensus/protocol/horizon/horizon.go:46.2,46.37 1 2
github.com/luxfi/consensus/protocol/horizon/horizon.go:55.81,62.29 2 1
github.com/luxfi/consensus/protocol/horizon/horizon.go:62.29,63.44 1 1
github.com/luxfi/consensus/protocol/horizon/horizon.go:63.44,65.24 2 1
github.com/luxfi/consensus/protocol/horizon/horizon.go:65.24,67.5 1 1
github.com/luxfi/consensus/protocol/horizon/horizon.go:67.10,69.5 1 0
github.com/luxfi/consensus/protocol/horizon/horizon.go:73.2,73.11 1 1
github.com/luxfi/consensus/protocol/horizon/horizon.go:77.73,80.44 1 2
github.com/luxfi/consensus/protocol/horizon/horizon.go:80.44,81.43 1 2
github.com/luxfi/consensus/protocol/horizon/horizon.go:81.43,83.4 1 2
github.com/luxfi/consensus/protocol/horizon/horizon.go:85.2,85.19 1 0
github.com/luxfi/consensus/protocol/quasar/quasar.go:27.46,31.2 1 3
github.com/luxfi/consensus/protocol/quasar/quasar.go:71.68,79.2 1 6
github.com/luxfi/consensus/protocol/quasar/quasar.go:82.76,86.2 3 4
github.com/luxfi/consensus/protocol/quasar/quasar.go:89.56,91.2 1 2
github.com/luxfi/consensus/protocol/quasar/quasar.go:94.51,97.23 1 2
github.com/luxfi/consensus/protocol/quasar/quasar.go:97.23,99.3 1 2
github.com/luxfi/consensus/protocol/quasar/quasar.go:100.2,100.11 1 0
github.com/luxfi/consensus/protocol/quasar/quasar.go:104.77,108.34 3 4
github.com/luxfi/consensus/protocol/quasar/quasar.go:108.34,110.24 2 8
github.com/luxfi/consensus/protocol/quasar/quasar.go:110.24,112.4 1 4
github.com/luxfi/consensus/protocol/quasar/quasar.go:115.2,115.16 1 4
github.com/luxfi/consensus/protocol/quasar/quasar.go:115.16,117.3 1 0
github.com/luxfi/consensus/protocol/quasar/quasar.go:120.2,120.48 1 4
github.com/luxfi/consensus/protocol/quasar/quasar.go:120.48,126.3 1 3
github.com/luxfi/consensus/protocol/quasar/quasar.go:128.2,128.12 1 1
github.com/luxfi/consensus/protocol/quasar/quasar.go:132.135,143.2 3 0
github.com/luxfi/consensus/protocol/quasar/quasar.go:146.56,147.26 1 0
github.com/luxfi/consensus/protocol/quasar/quasar.go:147.26,149.3 1 0
github.com/luxfi/consensus/protocol/quasar/quasar.go:151.2,152.58 2 0
github.com/luxfi/consensus/protocol/quasar/quasar.go:156.53,157.26 1 0
github.com/luxfi/consensus/protocol/quasar/quasar.go:157.26,159.3 1 0
github.com/luxfi/consensus/protocol/quasar/quasar.go:161.2,162.56 2 0
github.com/luxfi/consensus/protocol/quasar/quasar.go:166.65,167.26 1 0
github.com/luxfi/consensus/protocol/quasar/quasar.go:167.26,169.3 1 0
github.com/luxfi/consensus/protocol/quasar/quasar.go:170.2,170.39 1 0
github.com/luxfi/consensus/protocol/quasar/quasar.go:174.90,184.2 3 0
github.com/luxfi/consensus/protocol/quasar/ringtail.go:68.35,70.2 1 8
github.com/luxfi/consensus/protocol/quasar/ringtail.go:73.60,76.2 2 0
github.com/luxfi/consensus/protocol/quasar/ringtail.go:79.70,83.21 2 2
github.com/luxfi/consensus/protocol/quasar/ringtail.go:83.21,85.3 1 64
github.com/luxfi/consensus/protocol/quasar/ringtail.go:86.2,86.17 1 2
github.com/luxfi/consensus/protocol/quasar/ringtail.go:90.75,93.24 1 2
github.com/luxfi/consensus/protocol/quasar/ringtail.go:93.24,94.13 1 33
github.com/luxfi/consensus/protocol/quasar/ringtail.go:94.13,96.4 1 1
github.com/luxfi/consensus/protocol/quasar/ringtail.go:98.2,98.14 1 1
github.com/luxfi/consensus/protocol/quasar/ringtail.go:102.70,107.2 3 5
github.com/luxfi/consensus/protocol/quasar/ringtail.go:110.72,113.41 3 2
github.com/luxfi/consensus/protocol/quasar/ringtail.go:113.41,115.3 1 0
github.com/luxfi/consensus/protocol/quasar/ringtail.go:116.2,116.41 1 2
github.com/luxfi/consensus/protocol/quasar/ringtail.go:116.41,118.3 1 0
github.com/luxfi/consensus/protocol/quasar/ringtail.go:119.2,119.20 1 2
github.com/luxfi/consensus/protocol/quasar/ringtail.go:123.75,125.41 2 1
github.com/luxfi/consensus/protocol/quasar/ringtail.go:125.41,127.3 1 0
github.com/luxfi/consensus/protocol/quasar/ringtail.go:128.2,128.16 1 1
github.com/luxfi/consensus/protocol/quasar/ringtail.go:132.67,134.58 2 1
github.com/luxfi/consensus/protocol/quasar/ringtail.go:134.58,136.3 1 7
github.com/luxfi/consensus/protocol/quasar/ringtail.go:137.2,137.17 1 1
github.com/luxfi/consensus/protocol/quasar/ringtail.go:141.66,145.2 3 1
github.com/luxfi/consensus/protocol/quasar/ringtail.go:148.50,155.2 5 0
github.com/luxfi/consensus/protocol/quasar/ringtail.go:158.45,161.46 2 0
github.com/luxfi/consensus/protocol/quasar/ringtail.go:161.46,163.3 1 0
github.com/luxfi/consensus/protocol/quasar/ringtail.go:164.2,164.21 1 0
github.com/luxfi/consensus/protocol/quasar/ringtail.go:168.60,173.50 3 0
github.com/luxfi/consensus/protocol/quasar/ringtail.go:173.50,175.3 1 0
github.com/luxfi/consensus/protocol/quasar/ringtail.go:176.2,176.19 1 0
github.com/luxfi/consensus/protocol/quasar/ringtail.go:180.60,183.2 1 0
github.com/luxfi/consensus/protocol/quasar/ringtail.go:186.46,188.22 1 0
github.com/luxfi/consensus/protocol/quasar/ringtail.go:188.22,190.3 1 0
github.com/luxfi/consensus/protocol/quasar/ringtail.go:191.2,193.31 2 0
github.com/luxfi/consensus/protocol/quasar/ringtail.go:193.31,194.52 1 0
github.com/luxfi/consensus/protocol/quasar/ringtail.go:194.52,196.4 1 0
github.com/luxfi/consensus/protocol/quasar/ringtail.go:198.2,198.18 1 0
github.com/luxfi/consensus/protocol/quasar/ringtail.go:202.54,205.2 1 0
github.com/luxfi/consensus/validators/manager.go:32.27,36.2 1 9
github.com/luxfi/consensus/validators/manager.go:44.69,45.50 1 7
github.com/luxfi/consensus/validators/manager.go:45.50,46.41 1 5
github.com/luxfi/consensus/validators/manager.go:46.41,48.4 1 5
github.com/luxfi/consensus/validators/manager.go:50.2,50.10 1 2
github.com/luxfi/consensus/validators/manager.go:53.68,55.2 1 2
github.com/luxfi/consensus/validators/manager.go:57.61,59.50 2 4
github.com/luxfi/consensus/validators/manager.go:59.50,60.35 1 2
github.com/luxfi/consensus/validators/manager.go:60.35,62.4 1 6
github.com/luxfi/consensus/validators/manager.go:64.2,64.19 1 4
github.com/luxfi/consensus/validators/manager.go:67.60,69.2 1 2
github.com/luxfi/consensus/validators/manager.go:71.84,72.50 1 2
github.com/luxfi/consensus/validators/manager.go:72.50,73.41 1 1
github.com/luxfi/consensus/validators/manager.go:73.41,76.4 2 1
github.com/luxfi/consensus/validators/manager.go:78.2,78.19 1 1
github.com/luxfi/consensus/validators/manager.go:81.91,83.50 2 1
github.com/luxfi/consensus/validators/manager.go:83.50,84.31 1 1
github.com/luxfi/consensus/validators/manager.go:84.31,85.42 1 2
github.com/luxfi/consensus/validators/manager.go:85.42,87.5 1 2
github.com/luxfi/consensus/validators/manager.go:90.2,90.19 1 1
github.com/luxfi/consensus/validators/manager.go:93.114,94.32 1 15
github.com/luxfi/consensus/validators/manager.go:94.32,96.3 1 8
github.com/luxfi/consensus/validators/manager.go:97.2,103.45 2 15
github.com/luxfi/consensus/validators/manager.go:103.45,104.38 1 1
github.com/luxfi/consensus/validators/manager.go:104.38,106.4 1 1
github.com/luxfi/consensus/validators/manager.go:108.2,108.12 1 15
github.com/luxfi/consensus/validators/manager.go:111.91,112.24 1 1
github.com/luxfi/consensus/validators/manager.go:112.24,114.3 1 1
github.com/luxfi/consensus/validators/manager.go:115.2,115.59 1 1
github.com/luxfi/consensus/validators/validators.go:44.41,46.2 1 0
github.com/luxfi/consensus/validators/validators.go:49.40,51.2 1 13
